SF:lib\models\lending_record.dart
DA:43,6
DA:55,4
DA:63,4
DA:64,4
DA:74,3
DA:85,3
DA:86,3
DA:87,2
DA:88,3
DA:89,3
DA:90,3
DA:91,3
DA:92,0
DA:93,1
DA:94,3
DA:98,1
DA:99,1
DA:100,1
DA:101,1
DA:102,1
DA:103,1
DA:104,2
DA:105,2
DA:106,1
DA:107,2
DA:108,1
DA:112,1
DA:113,1
DA:114,1
DA:115,1
DA:116,2
DA:117,1
DA:118,2
DA:119,2
DA:120,1
DA:122,3
DA:123,1
LF:37
LH:36
end_of_record
SF:lib\models\lending_record.g.dart
DA:13,0
DA:15,0
DA:16,0
DA:17,0
DA:19,0
DA:20,0
DA:21,0
DA:22,0
DA:23,0
DA:24,0
DA:25,0
DA:26,0
DA:27,0
DA:28,0
DA:32,0
DA:35,0
DA:36,0
DA:37,0
DA:38,0
DA:39,0
DA:40,0
DA:41,0
DA:42,0
DA:43,0
DA:44,0
DA:45,0
DA:46,0
DA:47,0
DA:48,0
DA:49,0
DA:50,0
DA:51,0
DA:52,0
DA:53,0
DA:56,0
DA:57,0
DA:59,0
DA:62,0
DA:63,0
DA:64,0
DA:71,0
DA:73,0
DA:74,0
DA:76,0
DA:83,0
DA:86,0
DA:87,0
DA:88,0
DA:89,0
DA:93,0
DA:94,0
DA:96,0
DA:99,0
DA:100,0
DA:101,0
LF:55
LH:0
end_of_record
SF:lib\services\lending\lending_provider.dart
DA:6,2
DA:9,6
DA:12,6
DA:13,3
DA:15,6
DA:16,2
DA:19,2
DA:20,6
DA:21,2
DA:22,4
DA:25,2
DA:26,6
DA:27,2
DA:28,4
DA:31,2
DA:32,6
DA:33,2
DA:34,4
DA:38,4
DA:39,2
DA:41,8
DA:42,4
DA:44,10
DA:45,8
DA:48,8
DA:49,4
DA:51,10
DA:52,8
LF:28
LH:28
end_of_record
SF:lib\services\storage_service.dart
DA:23,8
DA:24,2
DA:25,8
DA:38,1
DA:40,1
DA:42,1
DA:43,1
DA:44,1
DA:45,1
DA:46,1
DA:47,1
DA:48,1
DA:49,1
DA:50,1
DA:51,1
DA:54,2
DA:55,1
DA:56,1
DA:57,1
DA:61,2
DA:62,1
DA:63,2
DA:64,1
DA:65,1
DA:66,2
DA:68,1
DA:69,2
DA:73,0
DA:74,0
DA:76,0
DA:77,0
DA:78,0
DA:86,1
DA:89,2
DA:90,1
DA:91,2
DA:93,0
DA:99,5
DA:100,10
DA:101,4
DA:104,2
DA:105,4
DA:106,2
DA:110,1
DA:111,2
DA:112,1
DA:115,1
DA:116,2
DA:117,1
DA:121,1
DA:122,2
DA:123,1
DA:126,1
DA:127,2
DA:128,1
DA:131,2
DA:132,2
DA:133,2
DA:134,2
DA:135,2
DA:136,2
DA:137,2
DA:140,0
DA:141,0
DA:144,2
DA:146,6
DA:149,2
DA:152,3
DA:156,2
DA:159,2
DA:162,2
DA:165,2
DA:168,4
DA:169,1
DA:170,1
DA:171,0
DA:173,1
DA:178,5
DA:179,10
DA:180,16
DA:184,1
DA:185,2
DA:186,1
DA:189,1
DA:190,1
DA:195,1
DA:196,2
DA:197,2
DA:200,2
DA:202,4
DA:204,9
DA:206,2
DA:210,2
DA:212,3
DA:214,1
DA:216,1
DA:217,1
DA:223,2
DA:224,2
DA:226,14
DA:228,2
DA:229,6
DA:230,4
DA:231,1
DA:232,1
DA:233,2
DA:237,2
DA:241,0
DA:243,0
DA:244,0
DA:245,0
DA:246,0
DA:247,0
DA:248,0
DA:249,0
DA:252,2
DA:254,4
DA:255,4
DA:261,4
DA:262,2
DA:267,3
DA:272,2
DA:293,2
DA:298,4
DA:304,3
DA:306,3
DA:309,3
DA:311,6
DA:319,1
DA:323,2
DA:324,2
DA:325,2
DA:329,2
DA:332,6
DA:338,1
DA:341,1
DA:346,9
DA:348,0
DA:354,0
DA:355,0
DA:358,0
DA:363,0
DA:364,0
DA:367,0
DA:370,1
DA:371,2
DA:372,1
DA:373,1
DA:376,2
DA:377,4
DA:378,4
DA:382,2
DA:383,2
DA:384,6
DA:385,2
DA:386,6
DA:390,0
DA:391,0
DA:392,0
DA:393,0
DA:394,0
DA:395,0
DA:396,0
DA:399,0
DA:400,0
DA:401,0
DA:402,0
DA:408,5
DA:416,10
DA:418,20
DA:419,10
DA:420,0
DA:422,10
DA:423,0
DA:424,15
DA:425,10
DA:426,5
DA:429,10
DA:431,5
DA:437,10
DA:446,5
DA:447,5
DA:448,5
DA:452,5
DA:464,5
DA:468,5
DA:470,10
DA:475,5
DA:476,5
DA:477,5
DA:478,10
DA:479,5
DA:480,15
DA:481,10
DA:482,10
DA:483,0
DA:484,5
DA:487,10
DA:488,20
DA:489,10
DA:490,10
DA:492,0
DA:500,5
DA:501,5
DA:502,15
DA:503,10
DA:507,5
DA:508,5
DA:512,0
DA:518,0
DA:524,5
DA:526,10
DA:527,10
DA:531,5
DA:533,5
DA:540,10
DA:541,5
DA:544,5
DA:545,5
DA:547,10
DA:548,10
DA:551,10
DA:552,4
DA:553,6
DA:556,2
DA:563,4
DA:564,4
DA:566,6
DA:567,12
DA:576,1
DA:578,1
DA:579,1
DA:585,1
DA:587,2
DA:588,1
DA:589,2
DA:593,3
DA:594,6
DA:595,6
DA:601,0
DA:607,0
DA:612,0
DA:614,0
DA:615,0
DA:617,0
DA:619,0
DA:620,0
DA:626,0
DA:629,0
DA:630,0
DA:633,6
DA:638,12
DA:640,6
DA:641,6
DA:644,6
DA:645,12
DA:647,6
DA:649,12
DA:654,14
DA:655,4
DA:657,2
DA:659,4
DA:665,6
DA:668,6
DA:671,1
DA:672,2
DA:673,1
DA:677,1
DA:682,1
DA:684,5
DA:686,2
DA:687,2
DA:688,1
DA:689,0
DA:690,0
DA:691,0
DA:695,2
DA:698,6
DA:700,6
DA:703,16
DA:709,6
DA:712,2
DA:715,4
DA:716,4
DA:717,2
DA:728,1
DA:729,1
DA:730,2
DA:731,2
DA:732,2
DA:749,10
DA:750,2
DA:751,8
DA:753,4
DA:754,0
DA:758,2
DA:764,10
DA:765,12
DA:767,12
DA:771,5
DA:772,10
DA:773,5
DA:774,10
DA:777,1
DA:778,2
DA:779,1
DA:782,1
DA:783,2
DA:784,1
DA:787,2
DA:789,4
DA:790,2
DA:791,2
DA:794,2
DA:797,2
DA:798,4
DA:800,0
DA:804,0
DA:806,0
DA:807,0
DA:809,0
DA:810,0
DA:811,0
DA:812,0
DA:813,0
DA:814,0
DA:815,0
DA:816,0
DA:817,0
DA:818,0
DA:821,1
DA:823,2
DA:824,1
DA:826,1
DA:827,1
DA:828,1
DA:829,2
DA:830,2
DA:831,6
DA:832,2
DA:833,1
DA:834,1
DA:836,2
DA:837,1
DA:838,4
DA:842,2
DA:843,4
DA:844,2
DA:845,2
DA:853,2
DA:854,4
DA:855,2
DA:859,0
DA:860,0
DA:861,0
DA:865,2
DA:867,1
DA:868,6
DA:871,2
DA:872,4
DA:873,4
DA:876,2
DA:877,6
DA:881,0
DA:882,0
DA:884,2
DA:885,2
DA:886,2
DA:887,2
DA:888,2
DA:889,2
DA:890,2
DA:893,1
DA:894,2
DA:895,2
DA:898,1
DA:899,3
DA:902,1
DA:903,2
DA:904,1
DA:906,1
DA:907,2
DA:908,1
DA:910,1
DA:911,1
DA:912,1
DA:913,1
DA:914,1
DA:917,2
DA:922,0
DA:923,0
DA:925,0
DA:927,0
DA:928,0
DA:929,0
DA:930,0
DA:931,0
DA:938,1
DA:939,1
DA:940,1
DA:941,1
DA:942,1
DA:943,1
DA:944,1
DA:947,1
DA:948,2
DA:949,2
DA:952,1
DA:953,3
DA:956,0
DA:961,0
DA:962,0
DA:964,0
DA:965,0
DA:966,0
DA:967,0
DA:968,0
DA:972,2
DA:973,4
DA:975,2
DA:976,2
DA:977,2
DA:978,8
DA:979,2
DA:983,2
DA:984,2
DA:985,2
DA:986,8
DA:987,2
DA:989,4
DA:990,2
DA:991,2
DA:992,2
DA:993,2
DA:994,2
DA:995,2
DA:998,4
DA:1003,0
DA:1004,0
DA:1006,0
DA:1007,0
DA:1010,0
DA:1011,0
DA:1012,0
DA:1014,0
DA:1015,0
DA:1016,0
DA:1019,0
DA:1020,0
DA:1021,0
DA:1024,0
DA:1025,0
DA:1028,0
DA:1031,0
DA:1035,1
DA:1036,1
DA:1037,2
DA:1038,2
DA:1041,1
DA:1042,1
DA:1043,2
DA:1044,1
DA:1046,1
DA:1047,2
DA:1051,1
DA:1052,1
DA:1053,2
DA:1054,2
DA:1057,1
DA:1058,1
DA:1059,2
DA:1060,1
DA:1062,1
DA:1063,2
DA:1067,1
DA:1068,2
DA:1069,1
DA:1072,1
DA:1073,2
DA:1074,1
DA:1078,2
DA:1079,4
DA:1080,4
DA:1081,5
DA:1084,1
DA:1085,2
DA:1086,1
DA:1087,4
DA:1088,1
DA:1089,0
DA:1090,0
DA:1091,0
DA:1092,1
DA:1093,1
DA:1094,1
DA:1098,0
DA:1099,0
DA:1100,0
DA:1101,0
DA:1102,0
DA:1103,0
DA:1104,0
DA:1107,1
DA:1108,2
DA:1109,1
DA:1110,1
DA:1112,2
DA:1113,2
DA:1118,1
DA:1121,1
DA:1123,2
DA:1124,1
DA:1125,2
DA:1131,0
DA:1132,0
DA:1133,0
DA:1134,0
DA:1135,0
DA:1140,0
DA:1141,0
DA:1142,0
DA:1145,0
DA:1146,0
DA:1147,0
DA:1150,0
DA:1151,0
DA:1152,0
DA:1155,0
DA:1156,0
DA:1157,0
DA:1160,0
DA:1161,0
DA:1162,0
DA:1166,1
DA:1167,2
DA:1168,1
DA:1171,1
DA:1172,2
DA:1173,1
DA:1176,1
DA:1177,2
DA:1178,1
DA:1181,1
DA:1182,2
DA:1183,1
DA:1186,0
DA:1187,0
DA:1188,0
DA:1191,0
DA:1192,0
DA:1193,0
DA:1197,1
DA:1198,2
DA:1199,1
DA:1202,1
DA:1203,2
DA:1204,1
DA:1208,0
DA:1209,0
DA:1210,0
DA:1213,0
DA:1214,0
DA:1215,0
DA:1216,0
DA:1217,0
DA:1218,0
DA:1219,0
DA:1220,0
DA:1221,0
DA:1222,0
DA:1223,0
DA:1224,0
DA:1225,0
DA:1226,0
DA:1227,0
DA:1228,0
DA:1232,0
DA:1240,0
DA:1241,0
DA:1242,0
DA:1243,0
DA:1247,2
DA:1248,8
DA:1251,0
DA:1252,0
DA:1255,2
DA:1256,4
DA:1257,2
DA:1258,3
DA:1259,2
DA:1263,1
DA:1264,1
DA:1267,2
DA:1269,1
DA:1270,1
DA:1271,1
DA:1272,4
DA:1273,1
DA:1274,2
DA:1275,2
DA:1279,2
DA:1281,1
DA:1282,1
DA:1283,1
DA:1284,1
DA:1285,1
DA:1286,1
DA:1287,0
DA:1291,2
DA:1293,1
DA:1294,1
DA:1295,1
DA:1296,1
DA:1297,1
DA:1298,1
DA:1299,0
DA:1303,2
DA:1305,1
DA:1306,1
DA:1307,1
DA:1308,1
DA:1309,1
DA:1310,1
DA:1311,0
DA:1315,2
DA:1317,1
DA:1318,1
DA:1319,1
DA:1320,1
DA:1321,1
DA:1322,1
DA:1323,0
DA:1327,1
DA:1330,1
DA:1331,2
DA:1332,2
DA:1334,1
DA:1335,2
DA:1336,1
DA:1337,1
DA:1340,2
DA:1342,3
DA:1343,1
DA:1348,3
DA:1349,1
DA:1355,1
DA:1356,1
DA:1366,1
DA:1367,4
DA:1370,0
DA:1372,0
DA:1373,0
DA:1374,0
DA:1375,0
DA:1376,0
DA:1377,0
DA:1380,0
DA:1381,0
DA:1383,0
DA:1384,0
DA:1386,0
DA:1387,0
DA:1388,0
DA:1390,0
DA:1391,0
DA:1394,0
DA:1395,0
DA:1400,0
DA:1401,0
DA:1402,0
DA:1406,0
DA:1409,0
DA:1410,0
DA:1411,0
DA:1412,0
DA:1417,0
DA:1424,2
DA:1426,4
DA:1427,2
DA:1430,2
DA:1431,4
DA:1432,4
DA:1435,0
DA:1436,0
DA:1440,1
DA:1441,1
DA:1444,1
DA:1445,2
DA:1447,3
DA:1448,0
DA:1450,2
DA:1453,1
DA:1454,2
DA:1455,1
LF:694
LH:490
end_of_record
SF:lib\providers.dart
DA:34,8
DA:35,4
DA:37,3
DA:38,0
DA:41,2
DA:42,2
DA:43,2
DA:47,1
DA:51,0
DA:54,0
DA:58,3
DA:61,0
DA:62,0
DA:63,0
DA:64,0
DA:67,0
DA:69,0
DA:72,4
DA:79,0
DA:81,0
DA:84,2
DA:85,1
DA:88,1
DA:90,3
DA:91,1
DA:94,1
DA:95,3
DA:97,5
DA:101,8
DA:102,4
DA:107,107
DA:108,2
DA:199,22
DA:200,1
DA:202,21
DA:203,0
DA:204,0
DA:208,3
DA:210,0
DA:213,18
DA:242,7
DA:243,1
DA:322,5
DA:325,15
DA:327,5
DA:328,0
DA:329,5
DA:330,15
DA:331,5
DA:332,12
DA:333,4
DA:338,1
DA:339,3
DA:340,1
DA:341,1
DA:346,20
DA:347,15
DA:348,8
DA:349,0
DA:351,0
DA:352,0
DA:355,24
DA:356,12
DA:358,13
DA:359,2
DA:361,1
DA:364,10
DA:365,2
DA:366,4
DA:367,1
DA:368,1
DA:369,1
DA:374,56
DA:376,6
DA:377,2
DA:378,0
DA:381,0
DA:383,0
DA:386,0
DA:390,0
DA:391,0
DA:394,48
DA:396,0
DA:397,0
DA:398,0
DA:400,0
DA:403,0
DA:407,0
DA:408,0
DA:411,45
DA:412,0
DA:413,0
DA:414,0
DA:416,0
DA:417,0
DA:420,14
DA:421,7
DA:422,0
DA:423,0
DA:424,0
DA:426,0
DA:427,0
DA:433,7
DA:435,21
DA:436,7
DA:438,15
DA:439,5
DA:442,2
DA:443,2
DA:444,6
DA:445,2
DA:449,52
DA:450,26
DA:453,2
DA:456,6
DA:458,2
DA:459,0
DA:460,2
DA:462,6
DA:463,2
DA:464,3
DA:465,1
DA:470,0
DA:471,0
DA:472,0
DA:473,0
DA:478,8
DA:480,6
DA:482,4
DA:485,0
DA:489,0
DA:490,0
DA:493,12
DA:494,6
DA:497,4
DA:499,12
DA:500,4
DA:502,9
DA:503,3
DA:506,2
DA:507,2
DA:508,6
DA:509,2
DA:513,12
DA:514,6
DA:517,3
DA:520,9
DA:521,9
DA:522,6
DA:524,3
DA:525,1
DA:528,0
DA:529,0
DA:530,0
DA:533,0
DA:534,0
DA:535,0
DA:536,0
DA:539,0
DA:540,0
DA:541,0
DA:542,0
DA:545,0
DA:550,0
DA:551,0
DA:553,0
DA:557,33
DA:563,1
DA:565,3
DA:566,1
DA:568,3
DA:569,1
DA:572,1
DA:573,3
DA:574,1
DA:575,1
DA:579,8
DA:580,4
DA:583,0
DA:585,0
DA:586,0
DA:588,0
DA:589,0
DA:592,0
DA:593,0
DA:594,0
DA:597,0
DA:598,0
DA:599,0
DA:600,0
DA:604,8
DA:605,4
DA:608,3
DA:610,9
DA:611,5
DA:613,6
DA:614,2
DA:617,1
DA:618,3
DA:619,1
DA:620,2
DA:623,1
DA:624,3
DA:625,1
DA:626,2
DA:630,16
DA:631,8
DA:634,9
DA:636,0
DA:639,22
DA:640,11
DA:643,2
DA:645,0
DA:646,0
DA:649,8
DA:650,4
DA:652,10
DA:653,2
DA:654,1
DA:655,2
DA:656,1
LF:221
LH:142
end_of_record
SF:lib\firebase_options.dart
DA:12,0
DA:16,0
DA:17,0
DA:19,0
DA:20,0
DA:24,0
DA:25,0
DA:29,0
DA:31,0
DA:32,0
DA:37,0
LF:11
LH:0
end_of_record
SF:lib\firebase_options_debug.dart
DA:12,1
DA:14,0
DA:19,1
DA:20,1
DA:21,1
DA:25,0
DA:26,0
DA:30,0
DA:31,0
DA:35,0
DA:36,0
DA:40,0
DA:41,0
DA:46,0
LF:14
LH:4
end_of_record
SF:lib\models\account.g.dart
DA:13,0
DA:15,0
DA:16,0
DA:17,0
DA:19,0
DA:20,0
DA:21,0
DA:22,0
DA:23,0
DA:24,0
DA:25,0
DA:26,0
DA:27,0
DA:28,0
DA:32,0
DA:35,0
DA:36,0
DA:37,0
DA:38,0
DA:39,0
DA:40,0
DA:41,0
DA:42,0
DA:43,0
DA:44,0
DA:45,0
DA:46,0
DA:47,0
DA:48,0
DA:49,0
DA:50,0
DA:51,0
DA:52,0
DA:53,0
DA:56,0
DA:57,0
DA:59,0
DA:62,0
DA:63,0
DA:64,0
DA:71,0
DA:73,0
DA:74,0
DA:76,0
DA:78,0
DA:85,0
DA:88,0
DA:89,0
DA:90,0
DA:91,0
DA:92,0
DA:93,0
DA:97,0
DA:98,0
DA:100,0
DA:103,0
DA:104,0
DA:105,0
LF:58
LH:0
end_of_record
SF:lib\models\account.dart
DA:48,28
DA:60,3
DA:70,3
DA:71,3
DA:83,1
DA:84,1
DA:91,2
DA:92,6
DA:93,2
DA:100,6
DA:103,2
DA:104,2
DA:105,2
DA:106,2
DA:107,2
DA:108,4
DA:109,2
DA:110,2
DA:111,2
DA:112,2
DA:113,2
DA:117,2
DA:118,4
DA:119,4
DA:121,2
DA:122,0
DA:126,2
DA:127,2
DA:128,2
DA:130,4
DA:131,2
DA:132,2
DA:133,2
DA:135,2
LF:34
LH:33
end_of_record
SF:lib\utils\currency_utils.dart
DA:4,17
DA:7,17
DA:9,13
DA:11,6
DA:13,6
DA:19,1
DA:21,17
DA:24,6
DA:28,17
DA:29,17
DA:30,14
DA:31,6
DA:32,6
DA:33,12
DA:36,15
DA:37,30
DA:38,15
DA:39,15
DA:40,15
DA:42,28
DA:44,6
DA:46,5
DA:47,6
DA:49,20
DA:50,5
DA:52,25
DA:56,13
DA:57,5
DA:58,13
DA:59,10
DA:60,13
DA:61,45
DA:66,20
DA:69,14
DA:70,42
DA:73,2
DA:74,4
LF:37
LH:37
end_of_record
SF:lib\models\transaction.g.dart
DA:13,0
DA:15,0
DA:16,0
DA:17,0
DA:19,0
DA:20,0
DA:21,0
DA:22,0
DA:23,0
DA:24,0
DA:25,0
DA:26,0
DA:27,0
DA:28,0
DA:29,0
DA:30,0
DA:31,0
DA:32,0
DA:33,0
DA:37,0
DA:40,0
DA:41,0
DA:42,0
DA:43,0
DA:44,0
DA:45,0
DA:46,0
DA:47,0
DA:48,0
DA:49,0
DA:50,0
DA:51,0
DA:52,0
DA:53,0
DA:54,0
DA:55,0
DA:56,0
DA:57,0
DA:58,0
DA:59,0
DA:60,0
DA:61,0
DA:62,0
DA:63,0
DA:64,0
DA:65,0
DA:66,0
DA:67,0
DA:68,0
DA:71,0
DA:72,0
DA:74,0
DA:77,0
DA:78,0
DA:79,0
DA:86,0
DA:88,0
DA:89,0
DA:91,0
DA:93,0
DA:100,0
DA:103,0
DA:104,0
DA:105,0
DA:106,0
DA:107,0
DA:108,0
DA:112,0
DA:113,0
DA:115,0
DA:118,0
DA:119,0
DA:120,0
LF:73
LH:0
end_of_record
SF:lib\models\transaction.dart
DA:60,32
DA:77,16
DA:91,16
DA:92,16
DA:109,3
DA:125,3
DA:126,3
DA:127,2
DA:128,3
DA:129,3
DA:130,3
DA:131,3
DA:132,3
DA:133,3
DA:134,3
DA:135,3
DA:136,2
DA:137,3
DA:138,3
DA:139,3
DA:143,1
DA:144,1
DA:145,1
DA:146,1
DA:147,1
DA:148,2
DA:149,2
DA:150,1
DA:151,1
DA:152,1
DA:153,1
DA:154,1
DA:155,1
DA:156,1
DA:157,1
DA:158,1
DA:162,2
DA:163,4
DA:164,4
DA:166,2
DA:167,0
DA:171,2
DA:172,2
DA:173,2
DA:175,4
DA:176,4
DA:177,2
DA:178,2
DA:179,2
DA:180,2
DA:181,2
DA:182,2
DA:183,2
DA:185,2
LF:54
LH:53
end_of_record
SF:lib\models\category.g.dart
DA:13,0
DA:15,0
DA:16,0
DA:17,0
DA:19,0
DA:20,0
DA:21,0
DA:22,0
DA:23,0
DA:24,0
DA:25,0
DA:29,0
DA:32,0
DA:33,0
DA:34,0
DA:35,0
DA:36,0
DA:37,0
DA:38,0
DA:39,0
DA:40,0
DA:41,0
DA:42,0
DA:43,0
DA:44,0
DA:47,0
DA:48,0
DA:50,0
DA:53,0
DA:54,0
DA:55,0
DA:62,0
DA:64,0
DA:65,0
DA:67,0
DA:69,0
DA:76,0
DA:79,0
DA:80,0
DA:81,0
DA:82,0
DA:83,0
DA:84,0
DA:88,0
DA:89,0
DA:91,0
DA:94,0
DA:95,0
DA:96,0
DA:103,0
DA:105,0
DA:106,0
DA:108,0
DA:110,0
DA:112,0
DA:114,0
DA:121,0
DA:124,0
DA:125,0
DA:126,0
DA:127,0
DA:128,0
DA:129,0
DA:130,0
DA:131,0
DA:132,0
DA:133,0
DA:137,0
DA:138,0
DA:140,0
DA:143,0
DA:144,0
DA:145,0
LF:73
LH:0
end_of_record
SF:lib\models\category.dart
DA:50,19
DA:59,3
DA:66,3
DA:67,3
DA:76,1
DA:77,1
DA:78,1
DA:79,1
DA:80,2
DA:81,2
DA:82,1
DA:83,1
DA:87,1
DA:88,1
DA:89,1
DA:90,1
DA:91,2
DA:92,2
DA:93,1
DA:94,1
LF:20
LH:20
end_of_record
SF:lib\models\dashboard_config.dart
DA:5,6
DA:10,1
DA:14,1
DA:15,0
DA:16,1
DA:20,2
DA:21,2
DA:22,2
DA:23,2
DA:27,2
DA:28,2
DA:29,2
DA:30,2
LF:13
LH:12
end_of_record
SF:lib\models\loan.g.dart
DA:13,0
DA:15,0
DA:16,0
DA:17,0
DA:19,0
DA:20,0
DA:21,0
DA:22,0
DA:23,0
DA:24,0
DA:25,0
DA:26,0
DA:30,0
DA:33,0
DA:34,0
DA:35,0
DA:36,0
DA:37,0
DA:38,0
DA:39,0
DA:40,0
DA:41,0
DA:42,0
DA:43,0
DA:44,0
DA:45,0
DA:46,0
DA:47,0
DA:50,0
DA:51,0
DA:53,0
DA:56,0
DA:57,0
DA:58,0
DA:65,0
DA:67,0
DA:68,0
DA:69,0
DA:71,0
DA:72,0
DA:73,0
DA:74,0
DA:75,0
DA:76,0
DA:77,0
DA:78,0
DA:79,0
DA:80,0
DA:81,0
DA:83,0
DA:84,0
DA:85,0
DA:86,0
DA:87,0
DA:91,0
DA:94,0
DA:95,0
DA:96,0
DA:97,0
DA:98,0
DA:99,0
DA:100,0
DA:101,0
DA:102,0
DA:103,0
DA:104,0
DA:105,0
DA:106,0
DA:107,0
DA:108,0
DA:109,0
DA:110,0
DA:111,0
DA:112,0
DA:113,0
DA:114,0
DA:115,0
DA:116,0
DA:117,0
DA:118,0
DA:119,0
DA:120,0
DA:121,0
DA:122,0
DA:125,0
DA:126,0
DA:128,0
DA:131,0
DA:132,0
DA:133,0
DA:140,0
DA:142,0
DA:143,0
DA:145,0
DA:147,0
DA:149,0
DA:156,0
DA:159,0
DA:160,0
DA:161,0
DA:162,0
DA:163,0
DA:164,0
DA:165,0
DA:166,0
DA:170,0
DA:171,0
DA:173,0
DA:176,0
DA:177,0
DA:178,0
DA:185,0
DA:187,0
DA:188,0
DA:190,0
DA:192,0
DA:194,0
DA:196,0
DA:198,0
DA:200,0
DA:207,0
DA:210,0
DA:211,0
DA:212,0
DA:213,0
DA:214,0
DA:215,0
DA:216,0
DA:217,0
DA:218,0
DA:219,0
DA:220,0
DA:221,0
DA:222,0
DA:223,0
DA:227,0
DA:228,0
DA:230,0
DA:233,0
DA:234,0
DA:235,0
LF:141
LH:0
end_of_record
SF:lib\models\loan.dart
DA:41,13
DA:51,1
DA:52,1
DA:53,1
DA:54,2
DA:55,1
DA:56,2
DA:57,1
DA:58,1
DA:59,1
DA:63,1
DA:64,1
DA:65,1
DA:66,2
DA:67,2
DA:68,2
DA:69,2
DA:70,2
DA:71,2
DA:138,25
DA:155,10
DA:168,10
DA:169,10
DA:178,10
DA:186,1
DA:187,1
DA:188,1
DA:189,1
DA:190,1
DA:191,1
DA:192,1
DA:193,1
DA:194,2
DA:195,1
DA:196,1
DA:197,3
DA:198,2
DA:199,1
DA:200,2
DA:201,1
DA:205,1
DA:206,1
DA:207,1
DA:208,1
DA:209,2
DA:210,2
DA:211,2
DA:212,1
DA:213,2
DA:214,2
DA:215,1
DA:216,1
DA:217,1
DA:218,0
DA:219,1
DA:220,0
DA:221,2
DA:222,1
DA:223,2
DA:224,1
LF:60
LH:58
end_of_record
SF:lib\models\profile.dart
DA:21,15
DA:28,1
DA:32,1
DA:33,1
DA:40,2
DA:41,2
DA:42,2
DA:43,2
DA:44,2
DA:45,2
DA:49,2
DA:50,2
DA:51,2
DA:52,2
DA:53,2
DA:54,4
LF:16
LH:16
end_of_record
SF:lib\models\profile.g.dart
DA:13,0
DA:15,0
DA:16,0
DA:17,0
DA:19,0
DA:20,0
DA:21,0
DA:22,0
DA:23,0
DA:27,0
DA:30,0
DA:31,0
DA:32,0
DA:33,0
DA:34,0
DA:35,0
DA:36,0
DA:37,0
DA:38,0
DA:41,0
DA:42,0
DA:44,0
DA:47,0
DA:48,0
DA:49,0
LF:25
LH:0
end_of_record
SF:lib\models\recurring_transaction.g.dart
DA:13,0
DA:15,0
DA:16,0
DA:17,0
DA:19,0
DA:20,0
DA:21,0
DA:22,0
DA:23,0
DA:24,0
DA:25,0
DA:26,0
DA:27,0
DA:28,0
DA:29,0
DA:30,0
DA:31,0
DA:33,0
DA:34,0
DA:35,0
DA:36,0
DA:37,0
DA:39,0
DA:43,0
DA:46,0
DA:47,0
DA:48,0
DA:49,0
DA:50,0
DA:51,0
DA:52,0
DA:53,0
DA:54,0
DA:55,0
DA:56,0
DA:57,0
DA:58,0
DA:59,0
DA:60,0
DA:61,0
DA:62,0
DA:63,0
DA:64,0
DA:65,0
DA:66,0
DA:67,0
DA:68,0
DA:69,0
DA:70,0
DA:71,0
DA:72,0
DA:73,0
DA:74,0
DA:75,0
DA:76,0
DA:77,0
DA:78,0
DA:81,0
DA:82,0
DA:84,0
DA:87,0
DA:88,0
DA:89,0
DA:96,0
DA:98,0
DA:99,0
DA:101,0
DA:103,0
DA:105,0
DA:112,0
DA:115,0
DA:116,0
DA:117,0
DA:118,0
DA:119,0
DA:120,0
DA:121,0
DA:122,0
DA:126,0
DA:127,0
DA:129,0
DA:132,0
DA:133,0
DA:134,0
DA:141,0
DA:143,0
DA:144,0
DA:146,0
DA:148,0
DA:150,0
DA:152,0
DA:154,0
DA:156,0
DA:163,0
DA:166,0
DA:167,0
DA:168,0
DA:169,0
DA:170,0
DA:171,0
DA:172,0
DA:173,0
DA:174,0
DA:175,0
DA:176,0
DA:177,0
DA:178,0
DA:179,0
DA:183,0
DA:184,0
DA:186,0
DA:189,0
DA:190,0
DA:191,0
LF:114
LH:0
end_of_record
SF:lib\models\recurring_transaction.dart
DA:87,11
DA:106,2
DA:122,2
DA:123,2
DA:142,1
DA:146,2
DA:147,3
DA:148,2
DA:149,4
DA:150,2
DA:151,6
DA:152,2
DA:153,6
DA:157,2
DA:158,4
DA:159,2
DA:160,1
DA:162,3
DA:163,1
DA:170,1
DA:171,1
DA:172,1
DA:173,1
DA:174,1
DA:175,1
DA:176,1
DA:177,2
DA:178,1
DA:179,1
DA:180,1
DA:181,2
DA:182,1
DA:183,2
DA:184,1
DA:185,1
DA:186,1
DA:187,2
DA:191,1
DA:192,1
DA:193,1
DA:194,1
DA:195,2
DA:196,1
DA:197,1
DA:198,2
DA:199,1
DA:200,1
DA:201,1
DA:202,2
DA:203,1
DA:204,2
DA:205,1
DA:206,1
DA:207,1
DA:209,2
LF:55
LH:55
end_of_record
SF:lib\models\taxes\insurance_policy.g.dart
DA:13,0
DA:15,0
DA:16,0
DA:17,0
DA:19,0
DA:20,0
DA:21,0
DA:22,0
DA:23,0
DA:24,0
DA:25,0
DA:26,0
DA:27,0
DA:28,0
DA:29,0
DA:33,0
DA:36,0
DA:37,0
DA:38,0
DA:39,0
DA:40,0
DA:41,0
DA:42,0
DA:43,0
DA:44,0
DA:45,0
DA:46,0
DA:47,0
DA:48,0
DA:49,0
DA:50,0
DA:51,0
DA:52,0
DA:53,0
DA:54,0
DA:55,0
DA:56,0
DA:59,0
DA:60,0
DA:62,0
DA:65,0
DA:66,0
DA:67,0
LF:43
LH:0
end_of_record
SF:lib\models\taxes\insurance_policy.dart
DA:8,1
DA:19,1
DA:20,1
DA:21,1
DA:22,1
DA:23,0
DA:24,1
DA:25,1
DA:26,1
DA:27,1
DA:28,1
DA:29,1
DA:63,6
DA:76,4
DA:77,2
DA:78,2
DA:79,2
DA:80,2
DA:81,2
DA:82,4
DA:83,4
DA:84,2
DA:85,2
DA:86,2
DA:89,4
DA:90,2
DA:91,2
DA:92,2
DA:93,4
DA:94,4
DA:95,4
DA:96,4
DA:97,2
DA:98,2
DA:99,2
DA:102,1
DA:112,1
DA:113,1
LF:38
LH:37
end_of_record
SF:lib\utils\network_utils.dart
DA:11,2
DA:23,2
DA:24,2
DA:25,2
DA:26,1
DA:27,1
DA:28,1
DA:29,1
DA:56,6
DA:65,2
LF:10
LH:10
end_of_record
SF:lib\services\loan_service.dart
DA:6,1
DA:7,2
DA:8,2
DA:9,0
DA:12,2
DA:16,1
DA:22,3
DA:30,3
DA:31,2
DA:32,3
DA:33,4
DA:34,3
DA:35,3
DA:38,2
DA:39,1
DA:40,4
DA:41,3
DA:44,1
DA:48,1
DA:53,2
DA:54,2
DA:56,2
DA:58,4
DA:59,3
DA:61,2
DA:65,1
DA:66,2
DA:68,1
DA:69,1
DA:72,2
DA:73,0
DA:74,0
DA:75,0
DA:76,1
DA:79,4
DA:81,1
DA:82,1
DA:85,2
DA:87,1
DA:91,5
DA:93,1
DA:95,1
DA:99,2
DA:101,2
DA:103,2
DA:106,2
DA:107,1
DA:109,2
DA:125,1
DA:130,2
DA:131,1
DA:132,0
DA:135,0
DA:136,0
DA:137,0
DA:138,0
DA:139,0
DA:144,1
DA:147,1
DA:149,1
DA:150,1
DA:154,3
DA:156,1
DA:157,1
DA:159,1
DA:160,1
DA:161,1
DA:162,1
DA:163,1
DA:164,1
DA:165,1
DA:167,1
DA:171,5
DA:172,3
DA:174,1
DA:176,1
DA:180,2
DA:182,1
DA:185,1
DA:186,1
DA:192,1
DA:193,2
DA:195,1
DA:196,1
DA:197,3
DA:202,1
DA:207,2
DA:208,1
DA:210,2
DA:213,2
DA:215,3
DA:216,5
DA:217,1
DA:222,1
DA:228,1
DA:229,1
DA:230,2
DA:242,2
DA:243,2
DA:244,1
DA:247,2
DA:250,1
DA:256,3
DA:261,2
DA:262,2
DA:265,3
DA:270,1
DA:271,0
DA:272,2
DA:275,2
DA:276,1
DA:283,1
DA:285,1
DA:287,1
DA:288,2
DA:292,0
DA:293,2
DA:294,0
DA:297,3
DA:300,0
DA:305,1
DA:311,1
DA:312,1
DA:314,2
DA:315,2
DA:318,1
DA:322,1
DA:325,1
DA:328,2
DA:329,2
DA:330,1
DA:331,0
DA:332,0
DA:333,0
DA:334,0
DA:335,0
DA:336,0
DA:337,0
DA:340,1
DA:344,1
DA:345,2
DA:354,2
DA:359,0
DA:360,0
DA:362,0
DA:364,0
DA:365,0
DA:366,0
DA:367,0
DA:369,0
DA:370,0
DA:371,0
DA:376,0
DA:377,0
DA:380,0
DA:381,0
DA:382,0
DA:387,0
LF:158
LH:121
end_of_record
SF:lib\models\taxes\tax_data_models.g.dart
DA:13,0
DA:15,0
DA:16,0
DA:17,0
DA:19,0
DA:20,0
DA:21,0
DA:22,0
DA:23,0
DA:25,0
DA:26,0
DA:27,0
DA:29,0
DA:30,0
DA:32,0
DA:34,0
DA:35,0
DA:37,0
DA:38,0
DA:40,0
DA:41,0
DA:43,0
DA:47,0
DA:50,0
DA:51,0
DA:52,0
DA:53,0
DA:54,0
DA:55,0
DA:56,0
DA:57,0
DA:58,0
DA:59,0
DA:60,0
DA:61,0
DA:62,0
DA:63,0
DA:64,0
DA:65,0
DA:66,0
DA:67,0
DA:68,0
DA:69,0
DA:70,0
DA:71,0
DA:72,0
DA:73,0
DA:74,0
DA:77,0
DA:78,0
DA:80,0
DA:83,0
DA:84,0
DA:85,0
DA:92,0
DA:94,0
DA:95,0
DA:96,0
DA:98,0
DA:99,0
DA:100,0
DA:101,0
DA:102,0
DA:103,0
DA:104,0
DA:108,0
DA:111,0
DA:112,0
DA:113,0
DA:114,0
DA:115,0
DA:116,0
DA:117,0
DA:118,0
DA:119,0
DA:120,0
DA:121,0
DA:122,0
DA:123,0
DA:126,0
DA:127,0
DA:129,0
DA:132,0
DA:133,0
DA:134,0
DA:141,0
DA:143,0
DA:144,0
DA:145,0
DA:147,0
DA:148,0
DA:150,0
DA:151,0
DA:152,0
DA:153,0
DA:157,0
DA:160,0
DA:161,0
DA:162,0
DA:163,0
DA:164,0
DA:165,0
DA:166,0
DA:167,0
DA:168,0
DA:169,0
DA:170,0
DA:173,0
DA:174,0
DA:176,0
DA:179,0
DA:180,0
DA:181,0
DA:188,0
DA:190,0
DA:191,0
DA:192,0
DA:194,0
DA:195,0
DA:197,0
DA:198,0
DA:199,0
DA:200,0
DA:201,0
DA:202,0
DA:203,0
DA:205,0
DA:206,0
DA:207,0
DA:211,0
DA:214,0
DA:215,0
DA:216,0
DA:217,0
DA:218,0
DA:219,0
DA:220,0
DA:221,0
DA:222,0
DA:223,0
DA:224,0
DA:225,0
DA:226,0
DA:227,0
DA:228,0
DA:229,0
DA:230,0
DA:231,0
DA:232,0
DA:233,0
DA:234,0
DA:237,0
DA:238,0
DA:240,0
DA:243,0
DA:244,0
DA:245,0
DA:252,0
DA:254,0
DA:255,0
DA:256,0
DA:258,0
DA:259,0
DA:260,0
DA:261,0
DA:262,0
DA:263,0
DA:267,0
DA:270,0
DA:271,0
DA:272,0
DA:273,0
DA:274,0
DA:275,0
DA:276,0
DA:277,0
DA:278,0
DA:279,0
DA:280,0
DA:283,0
DA:284,0
DA:286,0
DA:289,0
DA:290,0
DA:291,0
DA:298,0
DA:300,0
DA:301,0
DA:302,0
DA:304,0
DA:305,0
DA:306,0
DA:307,0
DA:309,0
DA:311,0
DA:312,0
DA:313,0
DA:315,0
DA:316,0
DA:318,0
DA:319,0
DA:320,0
DA:321,0
DA:323,0
DA:325,0
DA:326,0
DA:327,0
DA:328,0
DA:330,0
DA:331,0
DA:332,0
DA:334,0
DA:336,0
DA:337,0
DA:338,0
DA:339,0
DA:341,0
DA:345,0
DA:348,0
DA:349,0
DA:350,0
DA:351,0
DA:352,0
DA:353,0
DA:354,0
DA:355,0
DA:356,0
DA:357,0
DA:358,0
DA:359,0
DA:360,0
DA:361,0
DA:362,0
DA:363,0
DA:364,0
DA:365,0
DA:366,0
DA:367,0
DA:368,0
DA:369,0
DA:370,0
DA:371,0
DA:372,0
DA:373,0
DA:374,0
DA:375,0
DA:376,0
DA:377,0
DA:378,0
DA:379,0
DA:380,0
DA:381,0
DA:382,0
DA:383,0
DA:384,0
DA:385,0
DA:386,0
DA:387,0
DA:388,0
DA:389,0
DA:390,0
DA:393,0
DA:394,0
DA:396,0
DA:399,0
DA:400,0
DA:401,0
DA:408,0
DA:410,0
DA:411,0
DA:412,0
DA:414,0
DA:415,0
DA:416,0
DA:417,0
DA:418,0
DA:420,0
DA:421,0
DA:422,0
DA:423,0
DA:425,0
DA:429,0
DA:432,0
DA:433,0
DA:434,0
DA:435,0
DA:436,0
DA:437,0
DA:438,0
DA:439,0
DA:440,0
DA:441,0
DA:442,0
DA:443,0
DA:444,0
DA:445,0
DA:446,0
DA:447,0
DA:448,0
DA:451,0
DA:452,0
DA:454,0
DA:457,0
DA:458,0
DA:459,0
DA:466,0
DA:468,0
DA:469,0
DA:470,0
DA:472,0
DA:473,0
DA:474,0
DA:475,0
DA:476,0
DA:478,0
DA:479,0
DA:480,0
DA:482,0
DA:486,0
DA:489,0
DA:490,0
DA:491,0
DA:492,0
DA:493,0
DA:494,0
DA:495,0
DA:496,0
DA:497,0
DA:498,0
DA:499,0
DA:500,0
DA:501,0
DA:502,0
DA:503,0
DA:506,0
DA:507,0
DA:509,0
DA:512,0
DA:513,0
DA:514,0
DA:521,0
DA:523,0
DA:524,0
DA:525,0
DA:527,0
DA:528,0
DA:529,0
DA:530,0
DA:531,0
DA:532,0
DA:536,0
DA:539,0
DA:540,0
DA:541,0
DA:542,0
DA:543,0
DA:544,0
DA:545,0
DA:546,0
DA:547,0
DA:548,0
DA:549,0
DA:552,0
DA:553,0
DA:555,0
DA:558,0
DA:559,0
DA:560,0
DA:567,0
DA:569,0
DA:570,0
DA:571,0
DA:573,0
DA:574,0
DA:575,0
DA:576,0
DA:577,0
DA:581,0
DA:584,0
DA:585,0
DA:586,0
DA:587,0
DA:588,0
DA:589,0
DA:590,0
DA:591,0
DA:592,0
DA:595,0
DA:596,0
DA:598,0
DA:601,0
DA:602,0
DA:603,0
DA:610,0
DA:612,0
DA:613,0
DA:614,0
DA:616,0
DA:617,0
DA:618,0
DA:622,0
DA:625,0
DA:626,0
DA:627,0
DA:628,0
DA:629,0
DA:632,0
DA:633,0
DA:635,0
DA:638,0
DA:639,0
DA:640,0
DA:647,0
DA:649,0
DA:650,0
DA:652,0
DA:654,0
DA:661,0
DA:664,0
DA:665,0
DA:666,0
DA:667,0
DA:668,0
DA:669,0
DA:673,0
DA:674,0
DA:676,0
DA:679,0
DA:680,0
DA:681,0
DA:688,0
DA:690,0
DA:691,0
DA:693,0
DA:695,0
DA:697,0
DA:704,0
DA:707,0
DA:708,0
DA:709,0
DA:710,0
DA:711,0
DA:712,0
DA:713,0
DA:714,0
DA:718,0
DA:719,0
DA:721,0
DA:724,0
DA:725,0
DA:726,0
DA:733,0
DA:735,0
DA:736,0
DA:738,0
DA:740,0
DA:742,0
DA:749,0
DA:752,0
DA:753,0
DA:754,0
DA:755,0
DA:756,0
DA:757,0
DA:758,0
DA:759,0
DA:763,0
DA:764,0
DA:766,0
DA:769,0
DA:770,0
DA:771,0
DA:778,0
DA:780,0
DA:781,0
DA:783,0
DA:785,0
DA:787,0
DA:789,0
DA:791,0
DA:798,0
DA:801,0
DA:802,0
DA:803,0
DA:804,0
DA:805,0
DA:806,0
DA:807,0
DA:808,0
DA:809,0
DA:810,0
DA:811,0
DA:812,0
DA:816,0
DA:817,0
DA:819,0
DA:822,0
DA:823,0
DA:824,0
LF:499
LH:0
end_of_record
SF:lib\models\taxes\tax_data_models.dart
DA:41,7
DA:56,2
DA:70,2
DA:71,0
DA:72,2
DA:73,2
DA:74,2
DA:75,2
DA:76,2
DA:77,2
DA:78,2
DA:79,2
DA:81,2
DA:83,2
DA:85,2
DA:89,4
DA:90,2
DA:91,2
DA:92,2
DA:93,2
DA:94,4
DA:95,2
DA:96,2
DA:97,6
DA:99,4
DA:101,6
DA:103,6
DA:105,6
DA:108,4
DA:109,4
DA:110,4
DA:111,4
DA:112,4
DA:113,4
DA:114,0
DA:115,0
DA:116,4
DA:117,4
DA:118,0
DA:119,0
DA:120,2
DA:121,2
DA:122,0
DA:123,2
DA:124,0
DA:125,4
DA:126,0
DA:127,0
DA:128,2
DA:129,2
DA:130,0
DA:131,2
DA:132,0
DA:133,2
DA:134,2
DA:135,0
DA:136,2
DA:137,0
DA:138,2
DA:139,2
DA:140,0
DA:141,2
DA:142,0
DA:161,3
DA:170,4
DA:171,2
DA:172,2
DA:173,2
DA:174,2
DA:175,2
DA:176,2
DA:179,4
DA:180,2
DA:181,2
DA:182,4
DA:183,4
DA:184,4
DA:185,2
DA:200,1
DA:202,1
DA:204,1
DA:206,0
DA:225,3
DA:233,4
DA:234,2
DA:235,4
DA:236,2
DA:237,2
DA:238,2
DA:241,4
DA:242,2
DA:243,4
DA:244,4
DA:245,4
DA:246,4
DA:263,1
DA:265,1
DA:267,1
DA:269,0
DA:271,0
DA:290,1
DA:292,1
DA:294,1
DA:296,1
DA:298,1
DA:331,12
DA:333,4
DA:346,4
DA:347,2
DA:348,4
DA:349,2
DA:350,2
DA:351,2
DA:352,4
DA:353,2
DA:354,4
DA:355,2
DA:356,2
DA:359,4
DA:360,2
DA:361,4
DA:362,2
DA:363,4
DA:364,4
DA:365,4
DA:366,4
DA:367,4
DA:368,2
DA:369,0
DA:371,2
DA:388,3
DA:396,4
DA:397,2
DA:398,2
DA:399,2
DA:400,2
DA:401,2
DA:404,4
DA:405,2
DA:406,4
DA:407,2
DA:408,2
DA:409,2
DA:480,3
DA:504,4
DA:505,2
DA:506,4
DA:507,2
DA:508,2
DA:509,2
DA:510,2
DA:511,8
DA:512,2
DA:513,2
DA:514,6
DA:515,4
DA:516,2
DA:517,2
DA:518,4
DA:519,2
DA:520,2
DA:521,2
DA:523,4
DA:524,2
DA:526,4
DA:527,2
DA:530,4
DA:531,2
DA:532,4
DA:533,4
DA:535,4
DA:537,4
DA:538,4
DA:539,2
DA:540,3
DA:541,2
DA:542,2
DA:543,0
DA:544,4
DA:545,4
DA:546,2
DA:547,2
DA:548,0
DA:549,2
DA:550,0
DA:552,4
DA:553,2
DA:555,2
DA:557,4
DA:558,2
DA:560,2
DA:561,2
DA:562,4
DA:563,0
DA:564,0
DA:565,0
DA:566,2
DA:567,4
DA:568,0
DA:569,0
DA:570,4
DA:573,0
DA:574,0
DA:575,0
DA:576,0
DA:577,0
DA:580,0
DA:581,0
DA:583,0
DA:587,0
DA:588,0
DA:590,0
DA:593,0
DA:598,2
DA:599,4
DA:600,6
DA:602,4
DA:603,4
DA:604,2
DA:605,0
DA:607,4
DA:611,4
DA:612,4
DA:613,2
DA:614,0
DA:616,2
DA:617,4
DA:618,2
DA:619,4
DA:620,2
DA:621,2
DA:622,2
DA:623,2
DA:624,2
DA:625,2
DA:626,2
DA:627,2
DA:628,2
DA:629,1
DA:630,2
DA:636,2
DA:637,0
DA:638,0
DA:639,0
DA:640,0
DA:641,0
DA:643,0
DA:650,2
DA:652,2
DA:653,2
DA:654,2
DA:656,1
DA:658,3
DA:659,2
DA:661,1
DA:663,1
DA:665,3
DA:666,3
DA:667,3
DA:669,1
DA:671,1
DA:673,1
DA:675,3
DA:676,3
DA:678,1
DA:680,1
DA:681,1
DA:686,1
DA:709,1
DA:710,1
DA:711,1
DA:712,1
DA:714,1
DA:716,1
DA:717,1
DA:718,1
DA:720,1
DA:722,1
DA:724,1
DA:725,0
DA:727,1
DA:729,1
DA:731,1
DA:733,1
DA:734,1
DA:735,1
DA:736,1
DA:737,1
DA:738,1
DA:739,1
DA:764,0
DA:775,0
DA:785,0
DA:786,0
DA:787,0
DA:788,0
DA:789,0
DA:790,0
DA:791,0
DA:792,0
DA:793,0
DA:797,0
DA:798,0
DA:799,0
DA:800,0
DA:801,0
DA:802,0
DA:803,0
DA:804,0
DA:806,0
DA:809,0
DA:810,0
DA:811,0
DA:812,0
DA:813,0
DA:814,0
DA:815,0
DA:816,0
DA:817,0
DA:818,0
DA:819,0
DA:841,1
DA:851,0
DA:860,0
DA:861,0
DA:862,0
DA:863,0
DA:864,0
DA:865,0
DA:866,0
DA:867,0
DA:871,2
DA:872,1
DA:873,1
DA:874,1
DA:875,2
DA:876,1
DA:877,1
DA:879,2
DA:882,2
DA:883,1
DA:884,2
DA:885,2
DA:887,1
DA:888,2
DA:889,1
DA:890,1
DA:891,2
DA:892,0
DA:893,1
DA:910,2
DA:911,18
DA:913,7
DA:921,4
DA:922,2
DA:923,2
DA:924,2
DA:925,2
DA:926,2
DA:929,4
DA:930,4
DA:931,4
DA:932,4
DA:933,4
DA:934,4
DA:949,2
DA:956,0
DA:962,0
DA:963,0
DA:964,0
DA:965,0
DA:966,0
DA:970,4
DA:971,4
DA:972,2
DA:973,2
DA:974,2
DA:977,4
DA:978,4
DA:979,4
DA:980,2
DA:981,2
DA:986,2
DA:987,2
DA:991,2
DA:993,2
DA:995,2
DA:997,2
DA:999,2
DA:1001,2
DA:1003,2
DA:1005,2
DA:1007,2
DA:1009,2
DA:1011,2
DA:1016,2
DA:1017,5
DA:1019,8
DA:1031,1
DA:1033,1
DA:1034,1
DA:1035,1
DA:1036,0
DA:1040,2
DA:1041,1
DA:1042,1
DA:1045,2
DA:1046,1
DA:1047,2
LF:409
LH:313
end_of_record
SF:lib\models\taxes\tax_data.g.dart
DA:13,0
DA:15,0
DA:16,0
DA:17,0
DA:19,0
DA:20,0
DA:21,0
DA:23,0
DA:24,0
DA:26,0
DA:27,0
DA:29,0
DA:30,0
DA:32,0
DA:33,0
DA:35,0
DA:36,0
DA:38,0
DA:39,0
DA:41,0
DA:42,0
DA:43,0
DA:44,0
DA:46,0
DA:47,0
DA:49,0
DA:50,0
DA:52,0
DA:56,0
DA:59,0
DA:60,0
DA:61,0
DA:62,0
DA:63,0
DA:64,0
DA:65,0
DA:66,0
DA:67,0
DA:68,0
DA:69,0
DA:70,0
DA:71,0
DA:72,0
DA:73,0
DA:74,0
DA:75,0
DA:76,0
DA:77,0
DA:78,0
DA:79,0
DA:80,0
DA:81,0
DA:82,0
DA:83,0
DA:84,0
DA:85,0
DA:86,0
DA:87,0
DA:90,0
DA:91,0
DA:93,0
DA:96,0
DA:97,0
DA:98,0
LF:64
LH:0
end_of_record
SF:lib\models\taxes\tax_data.dart
DA:42,9
DA:60,0
DA:61,0
DA:62,0
DA:64,0
DA:65,0
DA:67,0
DA:69,0
DA:70,0
DA:71,0
DA:73,0
DA:74,0
DA:75,0
DA:77,0
DA:78,0
DA:79,0
DA:81,0
DA:82,0
DA:83,0
DA:84,0
DA:87,6
DA:88,6
DA:90,2
DA:106,2
DA:107,2
DA:108,1
DA:109,2
DA:110,2
DA:111,2
DA:112,2
DA:113,2
DA:114,2
DA:115,1
DA:116,2
DA:117,2
DA:118,2
DA:119,2
DA:120,2
DA:124,4
DA:125,2
DA:126,4
DA:127,8
DA:128,8
DA:129,8
DA:130,8
DA:131,4
DA:132,6
DA:133,2
DA:134,2
DA:135,8
DA:136,6
DA:137,2
DA:138,2
DA:141,4
DA:142,2
DA:144,6
DA:145,2
DA:146,2
DA:147,3
DA:148,2
DA:149,0
DA:150,2
DA:151,2
DA:152,3
DA:153,2
DA:154,0
DA:155,2
DA:156,3
DA:157,2
DA:158,2
DA:159,0
DA:160,2
DA:161,5
DA:162,2
DA:163,0
DA:164,2
DA:165,4
DA:166,2
DA:167,2
DA:168,2
DA:169,0
DA:170,4
DA:171,4
DA:172,2
DA:173,3
DA:174,2
DA:175,2
DA:176,0
DA:177,2
DA:178,2
DA:179,0
DA:180,2
DA:181,0
DA:182,2
DA:183,0
DA:185,4
LF:96
LH:68
end_of_record
SF:lib\models\taxes\tax_rules.dart
DA:22,3
DA:30,0
DA:38,0
DA:39,0
DA:40,0
DA:41,0
DA:42,0
DA:43,0
DA:44,0
DA:48,4
DA:49,2
DA:50,2
DA:51,2
DA:52,2
DA:53,2
DA:54,2
DA:57,6
DA:58,5
DA:59,6
DA:60,3
DA:61,3
DA:62,6
DA:63,3
DA:64,3
DA:76,6
DA:78,4
DA:79,2
DA:80,2
DA:83,6
DA:84,6
DA:85,6
DA:96,8
DA:98,4
DA:99,4
DA:100,2
DA:103,3
DA:104,3
DA:105,6
DA:106,6
DA:127,1
DA:135,0
DA:142,0
DA:143,0
DA:144,0
DA:145,0
DA:146,0
DA:147,0
DA:151,0
DA:152,0
DA:153,0
DA:154,0
DA:155,0
DA:156,0
DA:159,2
DA:160,1
DA:161,1
DA:162,3
DA:163,3
DA:164,1
DA:310,7
DA:369,7
DA:370,7
DA:372,6
DA:373,6
DA:374,6
DA:375,12
DA:376,12
DA:379,3
DA:431,3
DA:432,3
DA:433,3
DA:434,3
DA:435,3
DA:436,3
DA:437,3
DA:438,3
DA:439,3
DA:440,3
DA:441,3
DA:442,3
DA:443,3
DA:444,3
DA:445,3
DA:447,3
DA:448,3
DA:449,3
DA:451,3
DA:452,3
DA:453,3
DA:454,3
DA:456,3
DA:458,3
DA:460,3
DA:462,3
DA:464,2
DA:466,3
DA:468,2
DA:470,3
DA:471,3
DA:472,3
DA:474,3
DA:476,3
DA:478,3
DA:480,3
DA:482,3
DA:484,3
DA:486,3
DA:487,3
DA:488,3
DA:489,3
DA:491,3
DA:493,2
DA:495,2
DA:496,3
DA:497,3
DA:498,3
DA:499,3
DA:500,3
DA:501,3
DA:505,2
DA:506,1
DA:507,1
DA:508,1
DA:509,1
DA:510,1
DA:511,1
DA:512,1
DA:514,1
DA:515,1
DA:516,5
DA:517,1
DA:518,1
DA:519,1
DA:520,1
DA:521,1
DA:522,1
DA:523,2
DA:524,1
DA:525,2
DA:526,5
DA:527,1
DA:528,1
DA:530,5
DA:531,1
DA:532,1
DA:533,1
DA:534,1
DA:535,1
DA:536,1
DA:537,1
DA:538,1
DA:539,1
DA:540,1
DA:541,1
DA:542,1
DA:543,1
DA:544,1
DA:545,1
DA:546,1
DA:547,1
DA:549,3
DA:550,1
DA:551,1
DA:552,1
DA:553,1
DA:554,1
DA:555,1
DA:556,1
DA:557,1
DA:558,1
DA:561,2
DA:562,2
DA:564,4
DA:566,4
DA:567,3
DA:568,3
DA:569,3
DA:570,3
DA:571,4
DA:572,3
DA:574,3
DA:575,2
DA:576,8
DA:577,2
DA:578,0
DA:579,3
DA:580,3
DA:582,3
DA:584,3
DA:586,3
DA:588,3
DA:589,2
DA:590,2
DA:593,3
DA:594,2
DA:595,2
DA:597,2
DA:598,2
DA:599,6
DA:600,2
DA:601,0
DA:602,2
DA:604,3
DA:605,2
DA:606,4
DA:607,4
DA:608,2
DA:609,1
DA:610,2
DA:612,3
DA:614,3
DA:615,2
DA:616,2
DA:617,2
DA:618,2
DA:619,2
DA:620,2
DA:621,2
DA:623,2
DA:625,2
DA:626,2
DA:627,2
DA:628,2
DA:629,2
DA:630,2
DA:631,2
DA:632,5
DA:633,2
DA:634,1
DA:635,2
DA:636,3
DA:637,3
DA:638,2
DA:639,3
DA:640,3
LF:235
LH:212
end_of_record
SF:lib\models\taxes\tax_rules.g.dart
DA:13,0
DA:15,0
DA:16,0
DA:17,0
DA:19,0
DA:20,0
DA:21,0
DA:22,0
DA:23,0
DA:24,0
DA:25,0
DA:29,2
DA:32,2
DA:33,2
DA:34,4
DA:35,2
DA:36,4
DA:37,2
DA:38,4
DA:39,2
DA:40,4
DA:41,2
DA:42,4
DA:43,2
DA:44,4
DA:47,0
DA:48,0
DA:50,0
DA:53,0
DA:54,0
DA:55,0
DA:62,0
DA:64,0
DA:65,0
DA:66,0
DA:68,0
DA:69,0
DA:70,0
DA:74,3
DA:77,3
DA:78,3
DA:79,6
DA:80,3
DA:81,6
DA:84,0
DA:85,0
DA:87,0
DA:90,0
DA:91,0
DA:92,0
DA:99,0
DA:101,0
DA:102,0
DA:103,0
DA:105,0
DA:106,0
DA:107,0
DA:111,3
DA:114,3
DA:115,3
DA:116,6
DA:117,3
DA:118,6
DA:121,0
DA:122,0
DA:124,0
DA:127,0
DA:128,0
DA:129,0
DA:136,0
DA:138,0
DA:139,0
DA:140,0
DA:142,0
DA:143,0
DA:144,0
DA:146,0
DA:148,0
DA:149,0
DA:153,1
DA:156,1
DA:157,1
DA:158,2
DA:159,1
DA:160,2
DA:161,1
DA:162,2
DA:163,1
DA:164,2
DA:165,1
DA:166,2
DA:169,0
DA:170,0
DA:172,0
DA:175,0
DA:176,0
DA:177,0
DA:184,0
DA:186,0
DA:187,0
DA:188,0
DA:190,0
DA:192,0
DA:194,0
DA:196,0
DA:197,0
DA:198,0
DA:200,0
DA:201,0
DA:203,0
DA:205,0
DA:207,0
DA:208,0
DA:218,0
DA:220,0
DA:221,0
DA:223,0
DA:225,0
DA:227,0
DA:229,0
DA:230,0
DA:232,0
DA:233,0
DA:234,0
DA:236,0
DA:237,0
DA:239,0
DA:241,0
DA:243,0
DA:245,0
DA:247,0
DA:248,0
DA:250,0
DA:251,0
DA:252,0
DA:253,0
DA:255,0
DA:257,0
DA:259,0
DA:261,0
DA:263,0
DA:264,0
DA:265,0
DA:266,0
DA:267,0
DA:268,0
DA:270,0
DA:272,0
DA:274,0
DA:275,0
DA:276,0
DA:277,0
DA:278,0
DA:279,0
DA:280,0
DA:281,0
DA:285,3
DA:288,3
DA:289,3
DA:290,6
DA:291,3
DA:292,6
DA:293,3
DA:294,6
DA:295,3
DA:296,6
DA:297,3
DA:298,6
DA:299,3
DA:300,6
DA:301,3
DA:302,6
DA:303,3
DA:304,6
DA:305,3
DA:306,6
DA:307,3
DA:308,6
DA:309,3
DA:310,6
DA:311,3
DA:312,6
DA:313,3
DA:314,6
DA:315,3
DA:316,6
DA:317,3
DA:318,6
DA:319,3
DA:320,6
DA:321,3
DA:322,6
DA:323,3
DA:324,6
DA:325,3
DA:326,6
DA:327,3
DA:328,6
DA:329,3
DA:330,6
DA:331,3
DA:332,6
DA:333,3
DA:334,6
DA:335,3
DA:336,6
DA:337,3
DA:338,6
DA:339,3
DA:340,6
DA:341,3
DA:342,6
DA:343,3
DA:344,6
DA:345,3
DA:346,6
DA:347,3
DA:348,6
DA:349,3
DA:350,6
DA:351,3
DA:352,6
DA:353,3
DA:354,6
DA:355,3
DA:356,6
DA:357,3
DA:358,6
DA:359,3
DA:360,6
DA:361,3
DA:362,6
DA:363,3
DA:364,6
DA:365,3
DA:366,6
DA:367,3
DA:368,6
DA:369,3
DA:370,6
DA:371,3
DA:372,6
DA:373,3
DA:374,6
DA:375,3
DA:376,6
DA:377,3
DA:378,6
DA:379,3
DA:380,6
DA:381,3
DA:382,6
DA:383,3
DA:384,6
DA:385,3
DA:386,6
DA:387,3
DA:388,6
DA:391,0
DA:392,0
DA:394,0
DA:397,0
DA:398,0
DA:399,0
LF:264
LH:140
end_of_record
SF:lib\services\taxes\tax_config_service.dart
DA:10,2
DA:11,4
DA:13,6
DA:15,3
DA:22,2
DA:23,4
DA:25,4
DA:26,4
DA:30,3
DA:31,3
DA:34,1
DA:37,1
DA:38,2
DA:42,1
DA:43,1
DA:44,1
DA:48,0
DA:49,0
DA:50,0
DA:51,0
DA:52,0
DA:53,0
DA:60,1
DA:61,2
DA:62,0
DA:65,2
DA:67,2
DA:72,3
DA:74,3
DA:86,1
DA:87,1
DA:101,4
DA:102,0
DA:106,2
DA:109,3
DA:110,2
DA:112,0
DA:116,0
DA:119,0
DA:120,0
LF:40
LH:28
end_of_record
SF:lib\services\auth_service.dart
DA:20,1
DA:22,1
DA:23,2
DA:27,1
DA:29,2
DA:30,0
DA:36,1
DA:37,3
DA:38,3
DA:44,1
DA:46,1
DA:48,0
DA:50,1
DA:51,0
DA:52,0
DA:54,3
DA:55,1
DA:62,1
DA:64,0
DA:71,1
DA:74,2
DA:75,1
DA:76,1
DA:78,4
DA:79,1
DA:83,1
DA:84,1
DA:90,0
DA:91,0
DA:92,0
DA:97,0
DA:99,0
DA:100,0
DA:106,0
DA:112,0
DA:143,0
DA:144,0
DA:145,0
DA:146,0
DA:152,0
DA:155,0
DA:157,0
DA:161,1
DA:162,1
DA:166,1
DA:167,4
DA:170,1
DA:171,2
DA:172,0
DA:173,0
DA:177,3
DA:179,2
DA:181,1
DA:182,2
DA:184,1
DA:188,0
DA:189,0
DA:193,1
DA:194,1
DA:195,2
DA:196,3
DA:201,1
DA:202,1
DA:204,1
DA:205,1
DA:207,1
DA:210,1
DA:211,1
DA:212,1
DA:213,1
DA:214,1
DA:215,1
DA:216,1
DA:221,3
DA:225,1
DA:237,1
DA:238,1
DA:239,2
DA:240,0
DA:241,0
DA:245,1
DA:246,2
DA:248,1
DA:259,3
LF:84
LH:58
end_of_record
SF:lib\services\file_service.dart
DA:15,2
DA:16,1
DA:22,1
DA:36,1
DA:37,2
DA:43,3
DA:44,3
LF:7
LH:7
end_of_record
SF:lib\services\firebase_web_safe.dart
DA:6,0
LF:1
LH:0
end_of_record
SF:lib\utils\file_picker_wrapper.dart
DA:5,1
DA:10,1
LF:2
LH:2
end_of_record
SF:lib\utils\billing_helper.dart
DA:7,11
DA:8,22
DA:9,44
DA:11,45
DA:17,3
DA:19,3
DA:21,12
DA:22,3
DA:26,1
DA:27,4
DA:28,1
DA:33,3
DA:35,9
DA:38,4
DA:39,2
DA:44,5
DA:46,10
DA:47,5
DA:53,2
DA:54,4
DA:57,2
DA:61,2
DA:66,3
DA:69,6
DA:70,3
DA:71,9
DA:72,6
DA:73,10
DA:76,5
DA:77,10
DA:78,4
DA:80,4
DA:81,0
DA:83,4
DA:84,0
LF:35
LH:33
end_of_record
SF:lib\utils\recurrence_utils.dart
DA:6,1
DA:14,4
DA:19,1
DA:21,1
DA:22,1
DA:23,1
DA:29,1
DA:33,1
DA:35,3
DA:40,1
DA:46,3
DA:51,6
DA:53,1
DA:55,3
DA:57,3
DA:62,3
DA:63,12
DA:64,6
DA:65,27
DA:72,1
DA:77,1
DA:78,0
DA:79,0
DA:84,1
DA:86,1
DA:89,1
DA:90,0
DA:91,0
DA:93,1
DA:96,1
DA:99,1
DA:100,3
DA:101,1
DA:104,1
DA:108,1
DA:110,0
DA:112,1
DA:113,4
DA:114,1
DA:115,3
DA:117,1
DA:118,2
DA:121,1
DA:123,1
DA:126,1
DA:127,3
DA:128,1
DA:131,1
DA:140,3
DA:153,3
DA:154,2
DA:155,3
DA:156,3
DA:157,3
DA:159,6
DA:160,3
DA:161,3
DA:162,1
DA:163,1
DA:166,3
DA:167,3
DA:168,9
DA:169,3
DA:170,3
DA:174,2
DA:176,2
DA:177,10
DA:181,3
DA:182,8
DA:183,3
DA:185,4
DA:186,1
DA:187,1
DA:189,3
DA:203,0
DA:204,0
DA:206,3
DA:208,3
DA:209,1
DA:210,1
DA:217,1
DA:221,1
DA:223,3
DA:227,1
DA:235,3
DA:237,6
DA:238,4
DA:240,2
DA:242,10
DA:244,2
DA:245,4
DA:246,2
DA:247,6
DA:249,8
DA:250,6
DA:255,4
DA:257,0
DA:258,0
DA:259,0
DA:260,0
DA:261,0
DA:262,0
DA:263,0
DA:266,4
DA:268,1
DA:269,5
DA:273,1
DA:274,0
DA:277,2
DA:280,0
DA:282,0
DA:283,0
DA:288,1
DA:291,2
DA:293,6
DA:294,2
DA:295,2
LF:117
LH:99
end_of_record
SF:lib\utils\connectivity_platform_stub.dart
DA:5,0
DA:9,0
DA:13,0
DA:17,0
DA:21,0
DA:22,0
DA:23,1
DA:24,0
DA:26,0
DA:29,0
DA:30,0
DA:32,0
DA:33,0
LF:13
LH:1
end_of_record
SF:lib\services\taxes\indian_tax_service.dart
DA:12,3
DA:14,0
DA:17,0
DA:19,0
DA:20,0
DA:21,0
DA:24,2
DA:27,2
DA:28,2
DA:29,2
DA:32,2
DA:33,2
DA:34,2
DA:35,2
DA:37,2
DA:39,2
DA:40,2
DA:41,2
DA:42,2
DA:43,2
DA:44,2
DA:48,4
DA:52,8
DA:53,8
DA:55,8
DA:56,2
DA:67,6
DA:69,4
DA:70,2
DA:71,4
DA:74,4
DA:81,2
DA:82,6
DA:83,2
DA:86,2
DA:88,3
DA:90,1
DA:91,1
DA:93,1
DA:95,2
DA:99,2
DA:100,2
DA:101,2
DA:103,2
DA:106,2
DA:107,2
DA:108,4
DA:118,4
DA:119,4
DA:120,2
DA:130,8
DA:131,2
DA:134,10
DA:135,2
DA:137,2
DA:145,2
DA:146,2
DA:147,2
DA:152,3
DA:153,6
DA:157,3
DA:158,6
DA:159,3
DA:163,6
DA:169,7
DA:170,2
DA:171,1
DA:172,3
DA:173,1
DA:174,2
DA:179,6
DA:181,3
DA:183,3
DA:184,12
DA:186,3
DA:187,12
DA:190,6
DA:193,6
DA:194,0
DA:195,0
DA:196,0
DA:197,0
DA:199,0
DA:200,0
DA:202,0
DA:204,0
DA:205,0
DA:212,6
DA:213,0
DA:217,7
DA:218,1
DA:220,2
DA:221,1
DA:222,3
DA:223,3
DA:230,5
DA:231,6
DA:234,2
DA:236,3
DA:237,1
DA:238,1
DA:239,1
DA:240,2
DA:242,2
DA:248,2
DA:249,1
DA:251,1
DA:252,2
DA:255,3
DA:256,2
DA:258,4
DA:263,2
DA:265,2
DA:266,0
DA:267,0
DA:268,0
DA:270,0
DA:271,0
DA:272,0
DA:273,0
DA:275,0
DA:278,0
DA:285,2
DA:290,2
DA:293,0
DA:294,0
DA:295,0
DA:302,2
DA:304,3
DA:305,1
DA:308,2
DA:309,3
DA:311,1
DA:317,2
DA:319,1
DA:320,2
DA:325,2
DA:326,1
DA:327,2
DA:333,3
DA:339,2
DA:341,1
DA:342,2
DA:343,1
DA:345,1
DA:348,1
DA:352,2
DA:359,1
DA:360,1
DA:363,1
DA:364,1
DA:368,0
DA:369,0
DA:370,0
DA:374,0
DA:375,0
DA:381,2
DA:384,4
DA:391,3
DA:392,1
DA:393,2
DA:396,2
DA:400,4
DA:402,2
DA:405,2
DA:412,4
DA:413,2
DA:414,2
DA:416,2
DA:417,2
DA:418,2
DA:419,2
DA:421,2
DA:422,8
DA:425,2
DA:430,2
DA:432,2
DA:443,4
DA:445,4
DA:446,6
DA:457,6
DA:459,2
DA:462,2
DA:463,2
DA:464,6
DA:467,0
DA:468,0
DA:470,0
DA:472,0
DA:473,0
DA:474,0
DA:478,0
DA:482,0
DA:483,0
DA:485,0
DA:500,1
DA:502,1
DA:507,2
DA:508,1
DA:512,3
DA:513,2
DA:514,2
DA:515,0
DA:516,1
DA:518,1
DA:519,0
DA:520,0
DA:521,0
DA:524,1
DA:535,1
DA:536,2
DA:538,1
DA:539,1
DA:540,1
DA:543,2
DA:544,1
DA:550,2
DA:553,3
DA:554,2
DA:555,2
DA:556,0
DA:557,1
DA:559,1
DA:560,0
DA:561,0
DA:562,0
DA:568,3
DA:569,1
DA:570,3
DA:572,2
DA:573,1
DA:574,2
DA:575,1
DA:580,2
DA:584,1
DA:585,1
DA:586,3
DA:588,1
DA:589,2
DA:592,1
DA:597,1
DA:602,1
DA:603,1
DA:604,2
DA:607,2
DA:609,1
DA:610,3
DA:611,2
DA:612,1
DA:613,1
DA:615,1
DA:623,2
DA:624,0
DA:627,1
DA:628,1
DA:629,1
DA:630,1
DA:633,2
DA:636,1
DA:645,1
DA:646,3
DA:649,3
DA:650,5
DA:655,4
DA:656,1
DA:658,2
DA:659,2
DA:660,2
DA:664,0
DA:669,0
DA:671,0
DA:672,0
DA:673,0
DA:675,0
DA:677,0
DA:678,0
DA:680,0
DA:682,0
DA:684,0
DA:685,0
DA:686,0
DA:688,0
DA:690,0
DA:691,0
DA:697,0
DA:698,0
DA:699,0
LF:287
LH:217
end_of_record
SF:lib\services\notification_service.dart
DA:6,3
DA:8,1
DA:15,2
DA:16,2
DA:19,4
DA:20,2
DA:21,4
DA:24,2
DA:25,2
DA:26,1
DA:27,1
DA:28,1
DA:33,4
DA:34,4
DA:36,3
DA:37,2
DA:39,5
DA:40,2
DA:42,2
DA:44,3
DA:45,1
DA:46,1
DA:47,3
LF:23
LH:23
end_of_record
SF:lib\services\calendar_service.dart
DA:7,2
DA:10,1
DA:16,1
DA:24,2
DA:25,4
DA:26,1
DA:31,1
DA:39,1
DA:44,2
DA:45,4
DA:46,1
DA:49,1
DA:56,1
DA:57,3
DA:58,2
DA:59,2
DA:61,1
DA:65,2
DA:75,1
DA:80,1
DA:81,3
DA:82,2
DA:85,3
DA:87,1
DA:91,2
LF:25
LH:25
end_of_record
SF:lib\services\cloud_sync_service.dart
DA:24,1
DA:29,1
DA:30,2
DA:32,0
DA:37,1
DA:38,1
DA:39,0
DA:41,1
DA:42,1
DA:45,1
DA:47,4
DA:49,4
DA:50,4
DA:52,4
DA:54,4
DA:55,4
DA:56,2
DA:58,4
DA:59,1
DA:60,1
DA:61,1
DA:63,4
DA:65,4
DA:68,3
DA:71,1
DA:72,1
DA:73,0
DA:75,1
DA:76,0
DA:78,3
DA:79,0
DA:83,1
DA:86,2
DA:89,1
DA:90,3
DA:91,1
DA:92,3
DA:96,1
DA:98,0
DA:99,0
DA:100,0
DA:108,1
DA:109,3
DA:110,2
DA:111,2
DA:114,2
DA:115,0
DA:116,0
DA:121,1
DA:122,3
DA:123,2
DA:124,2
DA:129,1
DA:130,0
DA:131,0
DA:132,0
DA:136,1
DA:137,0
DA:138,0
DA:139,0
DA:143,1
DA:144,0
DA:145,0
DA:148,1
DA:150,0
DA:151,0
DA:152,0
DA:154,0
DA:161,1
DA:163,0
DA:164,0
DA:165,0
DA:166,0
DA:168,0
DA:175,1
DA:177,0
DA:178,0
DA:179,0
DA:187,1
DA:189,0
DA:190,0
DA:191,0
DA:200,1
DA:201,1
DA:202,0
DA:203,1
DA:204,0
DA:206,3
DA:210,1
DA:211,1
DA:212,2
DA:214,1
DA:216,1
DA:217,2
DA:218,3
DA:222,1
DA:223,4
LF:97
LH:62
end_of_record
SF:lib\services\repair_service.dart
DA:11,2
DA:16,1
DA:17,0
DA:18,0
DA:25,0
DA:30,1
DA:32,1
DA:34,1
DA:37,1
DA:40,1
DA:42,2
DA:43,1
DA:47,1
DA:48,1
DA:51,1
DA:52,2
DA:53,2
DA:54,2
DA:55,1
DA:64,1
DA:66,0
DA:68,0
DA:72,1
DA:74,2
DA:75,2
DA:76,1
DA:80,3
DA:88,1
DA:89,5
DA:90,2
LF:30
LH:25
end_of_record
SF:lib\feature_providers.dart
DA:15,12
DA:16,0
DA:17,0
DA:18,0
DA:19,0
DA:20,0
DA:23,3
DA:24,0
DA:25,0
DA:26,0
DA:29,13
DA:30,2
DA:31,1
DA:34,14
DA:35,4
DA:36,2
DA:40,3
DA:42,9
DA:43,3
DA:45,6
DA:46,2
DA:47,2
DA:48,6
DA:49,0
DA:53,2
DA:54,2
DA:55,6
DA:56,4
DA:60,6
DA:61,3
DA:64,3
DA:66,9
DA:67,3
DA:69,8
DA:72,1
DA:73,1
DA:74,1
DA:75,4
DA:79,12
DA:80,6
DA:84,2
DA:87,6
DA:92,3
DA:93,9
DA:94,1
DA:98,12
DA:99,6
LF:47
LH:38
end_of_record
SF:lib\services\firestore_storage_service.dart
DA:9,0
DA:12,0
DA:13,0
DA:16,0
DA:17,0
DA:19,0
DA:21,0
DA:25,0
DA:30,0
DA:31,0
DA:32,0
DA:33,0
DA:34,0
DA:35,0
DA:37,0
DA:40,0
DA:44,0
DA:47,0
DA:48,0
DA:49,0
DA:50,0
DA:51,0
DA:52,0
DA:54,0
DA:55,0
DA:57,0
DA:61,0
DA:64,0
DA:65,0
DA:66,0
DA:67,0
DA:68,0
DA:69,0
DA:71,0
DA:73,0
LF:35
LH:0
end_of_record
SF:lib\services\json_data_service.dart
DA:22,1
DA:25,1
DA:26,1
DA:29,1
DA:32,2
DA:35,1
DA:38,2
DA:39,1
DA:40,2
DA:43,2
DA:44,1
DA:45,2
DA:48,2
DA:49,3
DA:52,2
DA:53,1
DA:54,2
DA:57,2
DA:58,1
DA:59,2
DA:62,2
DA:63,1
DA:64,2
DA:67,2
DA:68,1
DA:71,2
DA:72,1
DA:73,2
DA:76,2
DA:78,1
DA:79,1
DA:82,2
DA:83,1
DA:84,2
DA:87,2
DA:88,1
DA:89,2
DA:92,1
DA:93,1
DA:96,1
DA:97,1
DA:98,1
DA:99,3
DA:104,1
DA:105,2
DA:108,1
DA:110,1
DA:115,2
DA:118,1
DA:121,1
DA:122,1
DA:124,2
DA:125,1
DA:129,1
DA:132,2
DA:133,3
DA:134,1
DA:136,1
DA:140,1
DA:143,2
DA:144,3
DA:145,1
DA:147,1
DA:151,1
DA:154,2
DA:155,1
DA:156,2
DA:161,1
DA:163,1
DA:167,1
DA:170,2
DA:178,3
DA:180,1
DA:182,1
DA:186,1
DA:189,1
DA:190,0
DA:191,0
DA:193,1
DA:197,1
DA:200,1
DA:201,0
DA:202,0
DA:203,0
DA:205,1
DA:209,1
DA:211,2
DA:212,2
DA:216,1
DA:218,1
DA:219,1
DA:220,0
DA:222,2
DA:223,2
DA:227,1
DA:229,1
DA:230,1
DA:231,0
DA:233,2
DA:234,2
DA:238,1
DA:241,1
DA:242,0
DA:243,0
DA:245,1
DA:249,1
DA:252,1
DA:253,0
DA:254,0
DA:256,1
LF:110
LH:99
end_of_record
SF:lib\utils\transaction_filter_utils.dart
DA:6,5
DA:20,18
DA:23,2
DA:25,8
DA:26,2
DA:31,20
DA:36,10
DA:41,3
DA:42,4
DA:49,3
DA:50,10
DA:51,3
DA:57,10
DA:61,5
DA:65,4
DA:66,1
DA:67,5
DA:68,4
DA:69,3
DA:71,1
DA:72,5
DA:73,1
DA:74,4
DA:75,0
DA:76,0
DA:78,0
DA:79,0
DA:80,4
DA:81,2
DA:82,2
DA:83,2
DA:84,2
DA:86,12
DA:87,2
DA:93,3
DA:94,2
DA:95,10
DA:96,2
DA:97,2
DA:98,10
DA:99,1
DA:100,1
DA:101,5
DA:102,1
DA:104,2
DA:105,4
DA:106,4
DA:107,1
DA:108,1
DA:109,6
LF:50
LH:46
end_of_record
SF:lib\utils\report_utils.dart
DA:6,2
DA:15,6
DA:18,2
DA:22,2
DA:23,4
DA:24,4
DA:28,4
DA:30,12
DA:35,2
DA:38,2
DA:39,4
DA:40,2
DA:41,2
DA:42,2
DA:43,2
DA:44,2
DA:45,0
DA:46,0
DA:47,0
DA:48,6
DA:54,2
DA:59,8
DA:60,2
DA:62,4
DA:63,4
DA:64,4
DA:68,4
DA:69,2
DA:71,4
DA:72,2
DA:73,10
DA:79,2
DA:84,8
DA:85,4
DA:86,4
DA:87,4
DA:88,4
DA:89,2
LF:38
LH:35
end_of_record
SF:lib\widgets\transaction_filter.dart
DA:22,4
DA:38,4
DA:40,4
DA:42,8
DA:43,4
DA:44,4
DA:45,4
DA:46,4
DA:48,4
DA:49,4
DA:50,4
DA:69,3
DA:74,4
DA:75,4
DA:76,12
DA:77,1
DA:84,4
DA:87,11
DA:88,6
DA:90,4
DA:96,4
DA:97,4
DA:99,4
DA:100,4
DA:101,4
DA:117,4
DA:122,4
DA:123,4
DA:124,4
DA:125,20
DA:126,1
DA:133,4
DA:136,4
DA:138,4
DA:142,10
DA:144,2
DA:145,2
DA:146,2
DA:147,2
DA:154,4
LF:40
LH:40
end_of_record
SF:lib\providers\sum_tracker_provider.dart
DA:12,1
DA:19,2
DA:20,1
DA:21,1
DA:22,1
DA:23,1
DA:26,0
DA:27,0
DA:28,0
DA:29,0
DA:30,0
DA:39,2
DA:45,2
DA:47,3
DA:48,1
DA:49,1
DA:50,2
DA:52,1
DA:53,2
DA:55,1
DA:56,2
DA:58,1
DA:59,2
DA:60,2
DA:68,1
DA:69,1
DA:70,1
DA:71,1
DA:72,0
DA:76,2
DA:77,1
DA:78,1
DA:79,5
DA:82,0
DA:84,0
DA:85,0
DA:86,0
DA:88,0
DA:89,0
DA:90,0
DA:91,0
DA:92,0
DA:95,0
DA:96,0
DA:97,0
DA:107,3
DA:109,3
DA:110,3
DA:111,12
DA:112,4
DA:113,0
DA:116,1
DA:118,1
DA:119,0
DA:120,1
DA:128,1
DA:130,3
DA:131,1
DA:132,0
DA:135,3
DA:138,3
DA:140,1
DA:141,1
DA:142,2
DA:144,1
DA:154,1
DA:156,3
DA:157,1
DA:158,1
DA:159,1
DA:164,0
DA:172,1
DA:173,1
DA:174,1
DA:176,1
DA:178,2
DA:179,4
DA:180,1
DA:182,1
DA:183,1
DA:186,0
DA:187,0
DA:188,0
DA:191,1
DA:193,2
DA:194,2
DA:195,1
DA:196,1
DA:197,4
DA:199,8
DA:200,3
DA:201,1
DA:204,1
DA:205,2
DA:206,2
DA:207,2
DA:209,8
DA:210,3
DA:211,1
DA:214,1
DA:215,7
DA:216,2
DA:217,1
DA:218,3
DA:220,3
DA:221,3
DA:222,0
DA:224,1
DA:228,1
DA:229,8
DA:230,4
DA:231,2
DA:235,8
DA:236,4
LF:114
LH:88
end_of_record
SF:lib\services\taxes\tax_data_fetcher.dart
DA:14,1
DA:21,1
DA:25,1
DA:28,2
DA:29,1
DA:41,1
DA:42,0
DA:43,0
DA:45,1
DA:46,3
DA:47,1
DA:54,1
DA:55,0
DA:57,2
DA:58,1
DA:62,2
DA:65,2
DA:66,1
DA:67,1
DA:71,2
DA:72,2
DA:73,4
DA:75,1
DA:89,1
DA:90,1
DA:91,1
DA:93,2
DA:94,1
DA:98,1
DA:102,1
DA:103,1
DA:107,1
DA:110,2
DA:111,2
DA:114,1
DA:115,1
DA:116,2
DA:117,2
DA:120,2
DA:121,2
DA:129,2
DA:131,0
DA:132,0
DA:133,0
DA:143,2
DA:144,0
DA:145,0
DA:146,0
DA:162,1
DA:164,1
DA:165,1
DA:167,2
DA:168,0
DA:174,1
DA:175,3
DA:180,1
DA:181,1
DA:182,1
DA:183,1
DA:184,2
DA:185,1
DA:186,1
DA:187,2
DA:188,3
DA:191,1
DA:193,1
DA:196,1
DA:197,1
DA:208,4
DA:210,4
DA:212,4
DA:214,4
DA:216,1
DA:218,1
DA:219,1
DA:220,1
DA:221,1
DA:222,1
DA:223,1
DA:224,1
DA:226,1
DA:228,1
DA:229,1
DA:230,0
DA:231,0
DA:232,0
DA:234,0
DA:240,2
DA:241,2
DA:242,2
DA:244,1
DA:245,2
DA:246,3
DA:247,1
DA:249,5
DA:250,3
DA:251,2
DA:252,2
DA:255,1
DA:257,1
DA:261,5
DA:262,3
DA:264,4
DA:265,2
DA:266,2
DA:283,1
DA:290,1
DA:291,1
DA:292,1
DA:295,1
DA:297,1
DA:298,1
DA:299,1
DA:304,1
DA:308,1
DA:309,1
DA:324,1
DA:326,2
DA:327,2
DA:330,2
DA:331,2
DA:332,3
DA:333,3
DA:334,4
DA:335,4
DA:339,0
DA:340,0
DA:341,0
DA:342,0
LF:129
LH:111
end_of_record
SF:lib\utils\financial_utils.dart
DA:5,1
DA:7,4
DA:8,4
DA:11,1
DA:13,4
DA:14,4
DA:17,1
DA:18,4
DA:21,1
DA:22,1
DA:23,2
DA:24,1
DA:25,1
LF:13
LH:13
end_of_record
SF:lib\widgets\account_card.dart
DA:16,2
DA:25,2
DA:26,2
DA:27,6
DA:29,4
DA:32,2
DA:37,4
DA:38,2
DA:40,2
DA:42,2
DA:44,2
DA:46,1
DA:48,1
DA:54,4
DA:55,2
DA:57,8
DA:58,0
DA:61,0
DA:62,0
DA:65,0
DA:67,0
DA:71,2
DA:74,4
DA:75,2
DA:76,2
DA:77,2
DA:78,2
DA:80,2
DA:82,2
DA:86,2
DA:87,2
DA:89,2
DA:91,6
DA:92,2
DA:96,2
DA:97,4
DA:104,8
DA:105,2
DA:106,8
DA:113,2
DA:116,2
DA:117,2
DA:118,0
DA:119,0
DA:120,2
DA:121,6
DA:122,2
DA:123,2
DA:124,4
DA:128,2
DA:129,6
DA:136,6
DA:137,6
DA:139,4
DA:149,2
DA:150,2
DA:151,2
DA:152,6
DA:154,2
DA:157,2
DA:159,2
DA:163,2
DA:164,8
DA:166,2
DA:167,11
DA:173,2
DA:174,2
DA:175,2
DA:179,2
DA:186,2
DA:187,2
DA:189,2
DA:190,2
DA:191,2
DA:192,2
DA:193,4
LF:76
LH:69
end_of_record
SF:lib\theme\app_theme.dart
DA:31,0
DA:32,0
DA:35,0
DA:50,0
DA:51,0
DA:61,0
DA:69,0
DA:70,0
DA:73,0
DA:88,0
DA:89,0
DA:99,0
LF:12
LH:0
end_of_record
SF:lib\widgets\pure_icons.dart
DA:7,3
DA:8,3
DA:9,4
DA:10,4
DA:11,4
DA:12,4
DA:13,3
DA:14,3
DA:15,1
DA:16,1
DA:17,3
DA:18,3
DA:19,3
DA:20,3
DA:21,0
DA:22,0
DA:23,1
DA:24,1
DA:25,0
DA:26,0
DA:27,1
DA:28,1
DA:30,0
DA:31,0
DA:96,2
DA:97,2
DA:100,1
DA:101,1
DA:102,1
DA:108,8
DA:109,8
DA:110,8
DA:111,8
DA:112,4
DA:113,4
DA:114,2
DA:115,2
DA:116,2
DA:117,2
DA:118,3
DA:119,3
DA:120,1
DA:121,1
DA:122,0
DA:123,0
DA:124,0
DA:125,0
DA:126,3
DA:127,3
DA:130,3
DA:131,3
DA:132,5
DA:133,5
DA:134,2
DA:135,2
DA:136,3
DA:137,3
DA:138,1
DA:139,1
DA:140,1
DA:141,1
DA:142,2
DA:143,2
DA:144,7
DA:145,7
DA:146,0
DA:147,0
DA:148,3
DA:149,3
DA:150,0
DA:151,0
DA:152,1
DA:153,1
DA:154,2
DA:155,2
DA:156,1
DA:157,1
DA:158,0
DA:159,0
DA:160,0
DA:161,0
DA:162,0
DA:163,0
DA:164,1
DA:165,1
DA:166,1
DA:167,1
DA:168,3
DA:169,3
DA:170,2
DA:171,2
DA:172,1
DA:173,1
DA:174,3
DA:175,3
DA:176,3
DA:177,3
DA:180,1
DA:181,1
DA:182,2
DA:183,2
DA:184,2
DA:185,2
DA:186,1
DA:187,1
DA:188,0
DA:189,0
DA:190,0
DA:191,0
DA:192,0
DA:193,0
DA:194,4
DA:195,4
DA:196,14
DA:197,14
DA:198,1
DA:199,1
DA:200,3
DA:201,3
DA:202,0
DA:203,0
DA:204,3
DA:205,3
DA:206,2
DA:207,2
DA:208,0
DA:209,0
DA:210,0
DA:211,0
DA:212,1
DA:213,1
DA:214,0
DA:215,0
DA:217,3
DA:218,3
DA:220,0
DA:221,0
DA:223,5
DA:224,5
DA:227,0
LF:140
LH:103
end_of_record
SF:lib\widgets\global_overlay.dart
DA:10,1
DA:12,1
DA:14,2
DA:15,2
DA:16,2
DA:21,1
DA:22,1
DA:23,3
DA:25,1
DA:26,1
DA:27,1
DA:28,1
DA:29,1
LF:13
LH:13
end_of_record
SF:lib\widgets\quick_sum_tracker.dart
DA:12,1
DA:14,2
DA:15,2
DA:26,2
DA:28,4
DA:29,4
DA:30,4
DA:31,2
DA:34,2
DA:36,6
DA:37,2
DA:38,6
DA:39,2
DA:43,2
DA:46,1
DA:47,1
DA:48,7
DA:49,1
DA:54,4
DA:56,4
DA:57,2
DA:58,2
DA:59,4
DA:61,2
DA:62,5
DA:63,3
DA:64,4
DA:67,1
DA:68,2
DA:69,2
DA:70,1
DA:71,0
DA:72,0
DA:73,0
DA:76,1
DA:78,1
DA:83,1
DA:85,4
DA:86,1
DA:87,1
DA:88,1
DA:89,1
DA:94,2
DA:96,1
DA:97,1
DA:98,1
DA:99,1
DA:100,1
DA:101,1
DA:104,1
DA:110,1
DA:111,1
DA:114,1
DA:123,1
DA:124,1
DA:125,4
DA:126,1
DA:127,1
DA:129,1
DA:130,1
DA:131,1
DA:132,3
DA:145,1
DA:147,1
DA:148,1
DA:150,1
DA:152,1
DA:153,1
DA:154,1
DA:155,1
DA:156,1
DA:162,2
DA:163,1
DA:166,1
DA:168,2
DA:170,1
DA:173,1
DA:174,0
DA:182,1
DA:184,1
DA:185,2
DA:194,1
DA:195,2
DA:199,0
DA:201,0
DA:202,0
DA:204,0
DA:205,0
DA:207,0
DA:209,0
DA:210,0
DA:211,0
DA:212,0
DA:213,0
DA:215,0
DA:220,0
DA:221,0
DA:232,1
DA:234,1
DA:236,1
DA:237,1
DA:238,1
DA:239,1
DA:240,1
DA:242,1
DA:243,1
DA:244,1
DA:248,1
DA:249,1
DA:259,1
DA:260,1
DA:261,1
DA:262,1
DA:264,1
DA:265,1
DA:266,1
DA:267,1
DA:271,1
DA:272,1
DA:277,1
DA:278,1
DA:279,1
DA:281,2
DA:286,1
DA:289,1
DA:291,1
DA:292,1
DA:301,1
DA:303,1
DA:305,1
DA:306,1
DA:307,1
DA:313,1
DA:314,5
DA:325,1
DA:326,3
DA:327,1
DA:330,2
DA:331,1
DA:332,2
DA:335,1
DA:337,5
DA:339,4
DA:341,0
DA:344,2
DA:345,2
DA:346,2
DA:350,1
DA:351,1
DA:352,2
DA:353,2
DA:357,1
DA:359,1
DA:361,1
DA:363,1
DA:364,3
DA:366,2
DA:368,3
DA:370,2
DA:371,4
DA:372,1
DA:373,0
DA:374,0
DA:376,0
DA:377,0
DA:378,0
DA:379,0
DA:380,0
DA:382,0
DA:383,0
DA:384,0
DA:385,0
DA:386,0
DA:389,1
DA:390,1
DA:392,1
DA:398,2
DA:404,1
DA:405,1
DA:406,0
DA:413,1
DA:414,1
DA:415,1
DA:416,2
DA:417,2
DA:419,1
DA:424,1
DA:425,1
DA:426,0
DA:428,1
DA:429,1
DA:433,1
DA:434,2
DA:435,1
DA:436,3
DA:437,2
DA:438,1
DA:439,1
LF:198
LH:165
end_of_record
SF:lib\navigator_key.dart
DA:3,3
LF:1
LH:1
end_of_record
SF:lib\widgets\stat_card.dart
DA:10,1
DA:19,1
DA:21,1
DA:23,2
DA:24,1
DA:25,1
DA:26,3
DA:28,1
DA:29,1
DA:30,1
DA:31,1
DA:33,1
DA:35,1
DA:36,1
DA:37,1
DA:38,3
DA:40,1
DA:41,1
DA:42,1
DA:45,2
DA:51,1
DA:52,1
LF:22
LH:22
end_of_record
SF:lib\widgets\period_selector.dart
DA:12,1
DA:20,1
DA:22,1
DA:23,1
DA:24,1
DA:27,1
DA:28,2
DA:29,2
DA:30,1
DA:32,1
DA:33,3
DA:35,3
DA:38,1
DA:41,2
DA:42,1
DA:44,1
DA:46,1
DA:47,1
DA:49,1
DA:50,2
DA:51,6
DA:52,0
DA:53,2
DA:56,1
DA:57,2
DA:58,3
DA:59,0
DA:62,1
DA:64,1
DA:65,2
DA:66,6
DA:67,0
DA:68,2
LF:33
LH:30
end_of_record
SF:lib\widgets\common_dialogs.dart
DA:5,2
DA:23,2
DA:24,2
DA:26,4
DA:27,2
DA:28,2
DA:30,2
DA:31,2
DA:33,2
DA:49,2
DA:50,2
DA:51,0
DA:54,2
DA:55,2
DA:56,4
DA:57,2
DA:59,2
DA:66,1
DA:74,1
DA:76,2
DA:77,1
DA:78,1
DA:79,1
DA:80,1
DA:81,0
DA:82,1
DA:84,1
DA:85,2
DA:87,0
DA:91,1
LF:30
LH:27
end_of_record
SF:lib\widgets\smart_currency_text.dart
DA:17,10
DA:32,10
DA:33,10
DA:39,7
DA:41,7
DA:42,28
DA:43,6
DA:47,10
DA:49,30
DA:50,30
DA:53,120
DA:55,10
DA:56,4
DA:58,10
DA:60,10
DA:62,10
DA:63,29
DA:65,20
DA:66,20
LF:19
LH:19
end_of_record
SF:lib\widgets\category_manager_dialog.dart
DA:10,1
DA:12,1
DA:13,1
DA:24,1
DA:26,2
DA:27,2
DA:28,1
DA:59,1
DA:61,1
DA:62,1
DA:63,2
DA:65,7
DA:66,4
DA:68,2
DA:69,2
DA:70,5
DA:71,1
DA:73,1
DA:75,1
DA:77,1
DA:79,1
DA:80,1
DA:81,1
DA:88,1
DA:90,1
DA:91,1
DA:92,1
DA:93,1
DA:102,3
DA:104,3
DA:106,1
DA:107,0
DA:111,1
DA:112,1
DA:113,1
DA:122,3
DA:124,3
DA:126,1
DA:127,0
DA:136,1
DA:138,1
DA:140,1
DA:141,1
DA:142,1
DA:144,1
DA:145,1
DA:146,1
DA:147,1
DA:149,1
DA:150,0
DA:151,1
DA:153,1
DA:154,2
DA:155,0
DA:157,1
DA:158,2
DA:163,2
DA:173,1
DA:174,1
DA:175,1
DA:176,1
DA:177,1
DA:178,4
DA:179,1
DA:181,3
DA:182,2
DA:183,1
DA:184,3
DA:185,1
DA:186,1
DA:187,1
DA:191,0
DA:192,0
DA:193,0
DA:194,0
DA:195,0
DA:196,0
DA:197,0
DA:199,0
DA:201,2
DA:203,2
DA:213,1
DA:214,1
DA:215,1
DA:216,1
DA:217,1
DA:218,1
DA:219,3
DA:221,2
DA:223,1
DA:224,7
DA:227,1
DA:229,1
DA:230,1
DA:232,0
DA:233,0
DA:234,0
DA:235,0
DA:236,0
DA:237,0
DA:238,0
DA:242,1
DA:245,0
DA:246,0
DA:247,0
DA:258,1
DA:259,1
DA:260,0
LF:108
LH:85
end_of_record
SF:lib\widgets\currency_dialog.dart
DA:6,1
DA:10,1
DA:12,1
DA:14,1
DA:15,3
DA:16,2
DA:17,1
DA:19,1
DA:20,1
DA:25,1
LF:10
LH:10
end_of_record
SF:lib\screens\cc_payment_dialog.dart
DA:13,3
DA:16,3
DA:18,3
DA:29,3
DA:31,3
DA:35,3
DA:37,9
DA:38,9
DA:40,3
DA:41,3
DA:43,15
DA:44,9
DA:45,3
DA:46,6
DA:48,3
DA:49,12
DA:51,12
DA:54,3
DA:57,3
DA:58,9
DA:62,3
DA:63,15
DA:64,3
DA:65,3
DA:67,3
DA:68,6
DA:69,0
DA:72,0
DA:73,0
DA:74,0
DA:75,0
DA:76,0
DA:88,3
DA:89,3
DA:90,9
DA:93,3
DA:100,3
DA:101,0
DA:102,0
DA:103,0
DA:104,0
DA:105,0
DA:106,0
DA:107,0
DA:108,0
DA:110,0
DA:111,0
DA:112,0
DA:118,3
DA:119,3
DA:120,3
DA:122,6
DA:123,15
DA:124,2
DA:125,3
DA:127,3
DA:128,3
DA:130,4
DA:134,0
DA:135,0
DA:137,3
DA:138,3
DA:140,3
DA:141,0
DA:147,3
DA:148,3
DA:149,0
DA:151,3
DA:152,1
DA:153,1
DA:154,3
DA:155,1
DA:156,3
DA:159,1
DA:160,4
DA:162,1
DA:166,3
DA:167,3
DA:170,1
DA:177,4
DA:179,3
DA:181,1
DA:182,2
DA:188,1
DA:189,0
DA:190,0
DA:191,0
DA:192,0
DA:196,0
DA:198,0
DA:199,0
DA:202,0
DA:205,0
DA:208,3
DA:209,3
DA:211,1
DA:212,1
DA:213,2
DA:222,1
DA:223,0
DA:224,0
LF:101
LH:69
end_of_record
SF:lib\widgets\form_utils.dart
DA:11,6
DA:17,6
DA:20,6
DA:22,12
DA:26,6
DA:27,12
DA:33,6
DA:41,22
DA:42,6
DA:44,0
DA:46,6
DA:48,6
DA:52,6
DA:54,6
DA:56,6
DA:58,10
DA:59,2
DA:60,8
DA:68,7
DA:76,7
DA:77,0
DA:78,0
DA:81,0
DA:82,0
DA:84,0
DA:86,7
DA:87,7
DA:90,7
DA:92,7
DA:93,14
DA:100,2
DA:101,4
DA:102,0
DA:103,0
DA:105,8
LF:35
LH:27
end_of_record
SF:lib\screens\loan\loan_rename_dialog.dart
DA:9,1
DA:11,1
DA:12,1
DA:18,1
DA:20,1
DA:21,5
DA:24,1
DA:26,1
DA:28,1
DA:29,1
DA:33,1
DA:34,1
DA:35,0
DA:37,1
DA:38,1
DA:39,3
DA:40,3
DA:41,5
DA:42,3
DA:43,3
DA:44,1
DA:45,1
LF:22
LH:21
end_of_record
SF:lib\screens\loan_payment_dialog.dart
DA:13,2
DA:15,2
DA:17,2
DA:28,2
DA:30,2
DA:31,12
DA:32,8
DA:35,2
DA:37,2
DA:39,2
DA:41,2
DA:42,2
DA:43,2
DA:44,3
DA:45,1
DA:46,4
DA:47,0
DA:69,2
DA:70,2
DA:71,6
DA:74,8
DA:75,2
DA:76,2
DA:77,2
DA:78,0
DA:80,2
DA:81,2
DA:82,2
DA:84,2
DA:85,2
DA:87,0
DA:91,2
DA:92,0
DA:96,2
DA:98,2
DA:99,0
DA:103,5
DA:107,1
DA:108,1
DA:109,0
DA:131,2
DA:132,4
DA:139,2
DA:140,2
DA:141,2
DA:143,2
DA:144,1
DA:145,1
DA:146,3
DA:147,1
DA:148,3
DA:149,3
DA:152,1
DA:154,6
DA:156,1
DA:157,2
DA:162,2
DA:163,3
DA:165,1
DA:168,2
DA:172,2
DA:174,4
DA:175,0
DA:176,0
DA:177,0
DA:178,3
DA:180,1
DA:181,1
DA:182,1
DA:184,1
DA:186,2
DA:188,1
DA:189,2
DA:190,1
DA:197,2
DA:198,1
DA:199,1
DA:201,1
DA:202,1
DA:204,2
DA:206,1
DA:207,1
DA:217,0
DA:218,0
DA:219,0
DA:221,0
DA:222,0
DA:224,0
DA:226,0
DA:239,1
DA:240,1
DA:241,1
DA:243,1
DA:246,1
DA:249,4
DA:251,1
DA:253,3
DA:254,3
DA:256,1
DA:257,1
DA:258,2
LF:101
LH:85
end_of_record
SF:lib\screens\app_lock_screen.dart
DA:9,2
DA:12,2
DA:13,2
DA:20,1
DA:21,3
DA:22,2
DA:23,2
DA:24,1
DA:29,0
DA:30,0
DA:31,0
DA:35,1
DA:36,3
DA:37,1
DA:39,2
DA:40,3
DA:42,2
DA:43,1
DA:44,1
DA:49,2
DA:51,2
DA:52,2
DA:53,2
DA:54,2
DA:55,2
DA:56,2
DA:57,4
DA:58,2
DA:60,2
DA:63,2
DA:72,2
DA:74,4
DA:75,6
DA:76,2
DA:80,2
DA:84,2
DA:89,2
DA:90,1
DA:92,2
DA:95,2
DA:98,2
DA:99,2
DA:100,2
DA:101,4
DA:104,2
DA:115,2
DA:116,2
DA:117,2
DA:118,2
DA:119,2
DA:120,2
DA:121,2
DA:123,2
DA:125,8
DA:127,2
DA:129,2
DA:130,2
DA:131,2
DA:132,2
DA:139,2
DA:143,2
DA:144,2
DA:145,2
DA:146,2
DA:147,7
DA:148,2
DA:152,8
DA:155,2
DA:156,2
DA:162,2
DA:166,2
DA:168,2
DA:169,2
LF:73
LH:70
end_of_record
SF:lib\widgets\lock_wrapper.dart
DA:9,1
DA:11,2
DA:12,2
DA:21,2
DA:23,2
DA:24,4
DA:27,2
DA:29,4
DA:30,2
DA:33,2
DA:36,6
DA:37,3
DA:38,3
DA:40,6
DA:44,3
DA:48,1
DA:50,3
DA:51,1
DA:56,1
DA:58,1
DA:59,1
DA:60,1
DA:63,3
DA:64,1
DA:67,1
DA:68,2
DA:69,2
DA:70,2
DA:73,3
DA:74,2
DA:75,3
DA:81,1
DA:86,2
DA:88,6
DA:91,8
DA:92,2
DA:93,2
DA:97,2
DA:98,2
DA:101,0
DA:102,0
DA:103,0
DA:105,0
DA:107,0
DA:116,0
DA:119,0
DA:120,0
DA:128,2
DA:130,6
DA:133,6
DA:134,0
DA:135,0
DA:137,0
DA:142,8
DA:143,2
DA:144,1
DA:145,1
DA:149,0
DA:152,0
DA:155,0
DA:156,0
DA:157,0
DA:167,0
DA:168,0
DA:169,0
DA:176,3
DA:178,3
DA:179,1
DA:180,1
DA:181,4
DA:183,2
DA:193,2
DA:194,2
DA:196,2
DA:197,3
DA:199,4
DA:203,3
DA:204,1
DA:205,1
DA:206,0
DA:207,1
DA:210,1
DA:212,5
DA:213,1
DA:214,3
LF:85
LH:65
end_of_record
SF:lib\screens\dashboard_screen.dart
DA:24,1
DA:26,3
DA:27,3
DA:33,3
DA:35,3
DA:37,9
DA:38,15
DA:42,9
DA:43,9
DA:45,3
DA:48,3
DA:49,3
DA:50,0
DA:51,0
DA:52,0
DA:53,0
DA:55,0
DA:59,0
DA:65,3
DA:69,3
DA:72,3
DA:74,9
DA:75,9
DA:76,9
DA:77,9
DA:78,3
DA:79,9
DA:80,9
DA:81,9
DA:82,9
DA:85,9
DA:88,0
DA:89,0
DA:90,0
DA:96,0
DA:98,0
DA:100,3
DA:101,9
DA:102,3
DA:103,3
DA:105,3
DA:106,3
DA:107,6
DA:108,3
DA:111,3
DA:112,6
DA:113,3
DA:114,0
DA:115,0
DA:116,3
DA:119,9
DA:120,0
DA:121,0
DA:127,12
DA:128,9
DA:129,6
DA:130,2
DA:131,0
DA:132,2
DA:135,3
DA:138,3
DA:139,3
DA:140,3
DA:142,3
DA:144,3
DA:145,3
DA:146,2
DA:147,6
DA:148,3
DA:149,3
DA:150,6
DA:151,3
DA:152,3
DA:154,3
DA:155,6
DA:156,3
DA:158,3
DA:159,3
DA:160,3
DA:161,3
DA:163,3
DA:165,3
DA:166,3
DA:167,3
DA:168,6
DA:169,3
DA:172,3
DA:173,0
DA:175,0
DA:176,0
DA:181,3
DA:188,3
DA:189,3
DA:191,3
DA:192,3
DA:193,3
DA:194,3
DA:195,3
DA:197,2
DA:198,2
DA:200,3
DA:201,3
DA:203,2
DA:204,2
DA:206,3
DA:207,3
DA:209,0
DA:210,0
DA:218,3
DA:223,6
DA:225,3
DA:226,3
DA:227,3
DA:228,3
DA:234,9
DA:235,3
DA:237,6
DA:239,4
DA:242,2
DA:244,1
DA:245,1
DA:246,2
DA:249,2
DA:252,3
DA:253,1
DA:254,1
DA:256,1
DA:259,2
DA:261,2
DA:262,2
DA:265,2
DA:266,2
DA:267,2
DA:273,3
DA:274,0
DA:277,3
DA:278,3
DA:279,3
DA:283,3
DA:289,3
DA:290,3
DA:291,3
DA:292,3
DA:298,3
DA:300,3
DA:301,3
DA:303,3
DA:306,3
DA:307,3
DA:308,3
DA:316,2
DA:317,3
DA:323,3
DA:331,1
DA:340,3
DA:341,3
DA:345,3
DA:353,1
DA:364,3
DA:365,3
DA:366,3
DA:367,3
DA:370,3
DA:373,3
DA:374,3
DA:376,3
DA:384,3
DA:388,3
DA:389,3
DA:390,3
DA:392,6
DA:394,3
DA:396,3
DA:397,3
DA:398,3
DA:399,3
DA:405,3
DA:415,3
DA:417,0
DA:419,0
DA:420,0
DA:422,0
DA:424,0
DA:425,0
DA:428,0
DA:429,0
DA:430,0
DA:432,0
DA:445,0
DA:446,0
DA:449,3
DA:450,0
DA:454,3
DA:456,3
DA:458,3
DA:459,3
DA:460,3
DA:462,3
DA:464,3
DA:465,3
DA:467,3
DA:468,6
DA:475,3
DA:485,1
DA:501,3
DA:509,3
DA:512,3
DA:513,3
DA:516,3
DA:518,6
DA:519,3
DA:520,3
DA:522,0
DA:525,4
DA:527,1
DA:529,8
DA:530,2
DA:531,2
DA:533,2
DA:534,1
DA:535,2
DA:541,3
DA:544,3
DA:545,6
DA:546,3
DA:547,3
DA:548,3
DA:549,3
DA:554,3
DA:555,3
DA:556,6
DA:557,3
DA:558,3
DA:559,3
DA:560,3
DA:562,3
DA:573,1
DA:584,3
DA:587,3
DA:588,3
DA:589,3
DA:591,3
DA:602,1
DA:616,3
DA:617,11
DA:619,2
DA:621,2
DA:622,2
DA:624,2
DA:633,1
DA:634,3
DA:636,6
DA:637,1
DA:640,1
DA:641,2
DA:647,2
DA:648,6
DA:650,6
DA:651,2
DA:652,2
DA:653,2
DA:654,6
DA:657,2
DA:660,2
DA:662,2
DA:663,2
DA:664,2
DA:673,1
DA:682,2
DA:683,2
DA:692,1
DA:693,3
DA:711,3
DA:712,0
DA:716,3
DA:717,3
DA:720,3
DA:721,3
DA:722,3
DA:723,2
DA:725,1
DA:726,1
DA:728,3
DA:732,3
DA:733,0
DA:735,0
DA:736,0
DA:738,3
DA:742,3
DA:743,0
DA:745,0
DA:746,0
DA:748,3
DA:752,3
DA:753,0
DA:754,0
DA:755,3
DA:759,3
DA:760,0
DA:761,3
DA:765,3
DA:766,0
DA:768,0
DA:770,3
DA:778,3
DA:780,3
DA:781,3
DA:782,3
DA:785,3
DA:786,3
DA:787,3
DA:789,3
DA:792,3
DA:797,3
DA:802,3
DA:803,3
DA:804,3
DA:811,4
DA:813,1
DA:816,3
DA:817,1
DA:818,1
DA:820,1
DA:826,0
DA:827,0
DA:829,0
DA:830,0
DA:831,0
DA:834,0
DA:842,3
DA:843,0
DA:847,1
DA:848,1
DA:851,1
DA:852,1
DA:854,3
DA:855,1
DA:856,2
DA:858,1
DA:860,1
DA:861,1
DA:862,1
DA:863,1
DA:865,1
DA:866,1
DA:867,1
DA:868,1
DA:870,3
DA:871,0
DA:872,1
DA:878,1
DA:879,1
DA:880,1
DA:881,0
DA:885,1
DA:886,0
DA:887,0
DA:898,3
DA:899,6
DA:900,6
DA:902,3
DA:903,2
DA:904,4
DA:905,0
DA:906,0
DA:907,0
DA:909,0
DA:911,0
DA:912,0
DA:913,0
DA:914,0
DA:916,0
DA:917,0
DA:918,0
DA:919,0
DA:920,0
DA:921,0
DA:922,0
DA:924,0
DA:925,0
DA:926,0
DA:927,0
DA:928,0
DA:929,0
DA:930,0
DA:931,0
DA:932,0
DA:933,0
DA:939,0
DA:942,3
DA:943,1
LF:391
LH:306
end_of_record
SF:lib\screens\add_transaction_screen.dart
DA:21,3
DA:28,4
DA:30,4
DA:59,4
DA:61,4
DA:62,8
DA:63,4
DA:64,4
DA:65,4
DA:66,4
DA:67,4
DA:68,4
DA:69,6
DA:70,4
DA:71,4
DA:72,6
DA:73,8
DA:74,4
DA:75,4
DA:77,9
DA:81,4
DA:83,8
DA:84,8
DA:85,8
DA:86,4
DA:89,4
DA:91,12
DA:92,12
DA:93,12
DA:94,12
DA:96,6
DA:97,4
DA:98,4
DA:99,4
DA:100,4
DA:101,4
DA:104,4
DA:107,10
DA:108,8
DA:110,4
DA:113,4
DA:114,4
DA:115,0
DA:116,0
DA:120,4
DA:121,5
DA:122,2
DA:123,2
DA:124,1
DA:125,3
DA:128,7
DA:129,6
DA:130,4
DA:131,11
DA:132,2
DA:133,4
DA:136,4
DA:137,4
DA:138,12
DA:141,4
DA:142,4
DA:144,4
DA:145,4
DA:146,0
DA:147,0
DA:149,0
DA:150,0
DA:154,4
DA:155,5
DA:156,2
DA:157,2
DA:158,1
DA:159,3
DA:162,4
DA:163,4
DA:164,4
DA:166,4
DA:167,4
DA:168,4
DA:169,4
DA:172,4
DA:173,4
DA:176,4
DA:177,4
DA:180,4
DA:182,4
DA:183,1
DA:184,2
DA:185,2
DA:190,12
DA:191,4
DA:193,4
DA:197,8
DA:198,2
DA:199,2
DA:200,2
DA:201,5
DA:202,2
DA:206,4
DA:207,5
DA:209,1
DA:212,1
DA:214,1
DA:215,1
DA:217,1
DA:218,2
DA:228,4
DA:229,8
DA:232,6
DA:233,6
DA:234,5
DA:235,1
DA:236,2
DA:237,1
DA:241,5
DA:243,4
DA:244,10
DA:245,8
DA:247,1
DA:248,2
DA:250,2
DA:257,1
DA:258,1
DA:259,1
DA:261,1
DA:262,4
DA:263,3
DA:265,2
DA:268,1
DA:269,1
DA:278,2
DA:279,0
DA:284,4
DA:285,4
DA:286,4
DA:287,1
DA:288,2
DA:289,1
DA:290,0
DA:291,0
DA:292,2
DA:293,3
DA:296,1
DA:297,1
DA:298,1
DA:299,0
DA:300,0
DA:301,1
DA:305,4
DA:306,4
DA:313,2
DA:314,2
DA:317,0
DA:318,0
DA:320,0
DA:322,0
DA:323,0
DA:324,0
DA:327,0
DA:328,0
DA:329,0
DA:330,0
DA:331,0
DA:332,0
DA:341,4
DA:342,4
DA:344,4
DA:345,4
DA:346,8
DA:351,4
DA:354,8
DA:355,2
DA:356,2
DA:357,6
DA:360,1
DA:361,2
DA:362,1
DA:363,3
DA:364,0
DA:369,9
DA:371,1
DA:373,1
DA:378,1
DA:379,1
DA:380,1
DA:383,5
DA:384,3
DA:385,1
DA:386,1
DA:387,3
DA:390,4
DA:391,1
DA:394,4
DA:395,4
DA:396,4
DA:397,4
DA:400,19
DA:406,4
DA:407,4
DA:408,4
DA:412,3
DA:415,2
DA:416,2
DA:418,4
DA:419,4
DA:420,4
DA:421,4
DA:422,4
DA:423,4
DA:424,16
DA:425,0
DA:426,0
DA:428,0
DA:429,0
DA:430,0
DA:431,0
DA:435,4
DA:436,4
DA:437,4
DA:438,12
DA:439,0
DA:440,0
DA:441,0
DA:442,0
DA:448,11
DA:450,3
DA:454,3
DA:455,8
DA:457,5
DA:458,2
DA:460,2
DA:462,2
DA:469,2
DA:470,2
DA:471,2
DA:474,2
DA:475,2
DA:478,2
DA:480,2
DA:481,0
DA:482,0
DA:483,0
DA:487,2
DA:489,0
DA:492,0
DA:493,0
DA:494,0
DA:495,0
DA:496,0
DA:498,0
DA:499,0
DA:503,0
DA:504,0
DA:505,0
DA:514,2
DA:520,6
DA:521,2
DA:523,2
DA:524,2
DA:525,2
DA:528,2
DA:533,6
DA:535,6
DA:537,2
DA:538,1
DA:539,2
DA:540,1
DA:541,2
DA:542,2
DA:543,0
DA:544,2
DA:545,1
DA:546,3
DA:547,0
DA:548,0
DA:553,6
DA:555,2
DA:558,2
DA:563,4
DA:564,2
DA:572,2
DA:574,6
DA:576,4
DA:578,2
DA:579,0
DA:580,0
DA:583,2
DA:584,2
DA:588,2
DA:589,0
DA:590,0
DA:593,5
DA:595,1
DA:596,1
DA:613,0
DA:614,0
DA:621,4
DA:622,4
DA:623,4
DA:624,4
DA:629,4
DA:630,8
DA:639,2
DA:640,0
DA:645,1
DA:646,3
DA:647,3
DA:648,2
DA:649,1
DA:650,3
DA:651,0
DA:660,1
DA:661,4
DA:662,7
DA:664,1
DA:665,0
DA:666,0
DA:667,0
DA:676,1
DA:677,10
DA:678,3
DA:680,2
DA:681,1
DA:682,5
DA:683,6
DA:684,3
DA:685,2
DA:686,6
DA:687,1
DA:688,1
DA:689,1
DA:690,1
DA:691,2
DA:693,1
DA:694,6
DA:695,1
DA:696,1
DA:697,0
DA:700,1
DA:701,2
DA:707,1
DA:708,1
DA:709,5
DA:714,2
DA:715,4
DA:716,2
DA:718,3
DA:719,1
DA:720,4
DA:721,1
DA:722,1
DA:724,1
DA:725,3
DA:726,1
DA:727,1
DA:729,2
DA:730,1
DA:733,3
DA:736,1
DA:737,1
DA:738,2
DA:739,0
DA:740,0
DA:742,5
DA:744,1
DA:745,0
DA:746,0
DA:747,0
DA:748,0
DA:749,0
DA:750,0
DA:751,0
DA:752,0
DA:753,0
DA:755,0
DA:756,0
DA:758,0
DA:759,0
DA:760,0
DA:761,0
DA:762,0
DA:764,0
DA:765,0
DA:766,0
DA:768,0
DA:770,0
DA:772,3
DA:773,3
DA:774,3
DA:775,3
DA:779,2
DA:781,2
DA:783,2
DA:785,2
DA:787,2
DA:789,2
DA:791,2
DA:793,2
DA:798,1
DA:800,1
DA:802,1
DA:804,0
DA:806,0
DA:808,0
DA:813,2
DA:814,4
DA:815,0
DA:816,0
DA:817,0
DA:818,0
DA:819,0
DA:820,0
DA:822,0
DA:823,0
DA:824,0
DA:827,0
DA:830,8
LF:417
LH:318
end_of_record
SF:lib\screens\loans_screen.dart
DA:10,1
DA:12,1
DA:14,2
DA:16,1
DA:17,1
DA:18,1
DA:19,1
DA:20,1
DA:21,1
DA:22,1
DA:24,1
DA:25,1
DA:28,1
DA:29,0
DA:31,0
DA:32,0
DA:40,1
DA:42,1
DA:43,1
DA:44,1
DA:45,2
DA:47,3
DA:48,1
DA:50,1
DA:51,1
DA:52,2
DA:54,1
DA:55,2
DA:57,1
DA:58,1
DA:63,1
DA:64,1
DA:66,1
DA:67,2
DA:74,1
DA:75,0
DA:77,1
DA:78,1
DA:79,1
DA:80,2
DA:82,1
LF:41
LH:37
end_of_record
SF:lib\screens\accounts_screen.dart
DA:16,2
DA:19,3
DA:22,4
DA:23,2
DA:27,2
DA:29,2
DA:30,2
DA:36,2
DA:38,2
DA:40,2
DA:43,2
DA:45,6
DA:46,6
DA:48,2
DA:49,6
DA:50,2
DA:52,2
DA:53,2
DA:54,2
DA:55,2
DA:56,1
DA:57,2
DA:60,5
DA:62,2
DA:63,2
DA:64,6
DA:68,6
DA:71,1
DA:72,5
DA:76,2
DA:77,2
DA:78,2
DA:79,2
DA:80,2
DA:82,2
DA:83,2
DA:86,2
DA:87,0
DA:96,5
DA:99,1
DA:102,1
DA:103,1
DA:104,3
DA:106,2
DA:107,2
DA:109,1
DA:111,2
DA:112,1
DA:115,4
DA:119,3
DA:121,2
DA:125,3
DA:127,1
DA:128,1
DA:129,1
DA:131,2
DA:134,1
DA:136,1
DA:137,1
DA:138,1
DA:139,1
DA:140,1
DA:141,1
DA:142,1
DA:143,1
DA:144,1
DA:145,1
DA:146,1
DA:151,1
DA:152,1
DA:153,1
DA:154,1
DA:161,1
DA:163,1
DA:164,1
DA:166,1
DA:175,1
DA:178,1
DA:179,1
DA:180,1
DA:182,1
DA:183,2
DA:194,1
DA:196,1
DA:197,1
DA:199,1
DA:200,1
DA:201,1
DA:209,1
DA:211,1
DA:212,1
DA:218,1
DA:221,1
DA:223,1
DA:225,1
DA:226,1
DA:227,1
DA:235,1
DA:237,1
DA:238,1
DA:247,1
DA:248,1
DA:249,1
DA:250,1
DA:251,2
DA:253,1
DA:254,1
DA:255,1
DA:259,1
DA:260,1
DA:262,1
DA:263,2
DA:264,1
DA:265,1
DA:275,1
DA:276,1
DA:277,3
DA:278,1
DA:279,1
DA:280,1
DA:288,2
DA:289,1
DA:290,2
DA:291,2
DA:293,3
DA:300,1
DA:301,0
DA:306,1
DA:309,2
DA:310,1
DA:311,3
DA:312,1
DA:314,2
DA:315,2
DA:317,1
DA:320,1
DA:324,1
DA:325,2
DA:329,1
DA:330,1
DA:333,1
DA:334,1
DA:338,1
DA:339,2
DA:340,1
DA:341,1
DA:342,1
DA:344,1
DA:345,1
DA:355,1
DA:356,1
DA:358,2
DA:359,1
DA:361,1
DA:362,2
DA:363,1
DA:368,1
DA:369,1
DA:373,1
DA:374,1
DA:375,3
DA:376,1
DA:377,3
DA:378,0
DA:379,0
DA:381,3
DA:383,1
DA:384,0
DA:385,0
DA:386,0
DA:387,0
DA:388,0
DA:389,1
DA:392,1
DA:393,2
DA:394,1
DA:395,2
DA:396,2
DA:398,1
DA:399,2
DA:402,1
DA:404,2
DA:408,2
DA:409,1
DA:416,1
DA:417,1
DA:418,1
DA:420,2
DA:424,1
DA:425,1
DA:426,0
DA:428,1
DA:429,2
DA:435,1
DA:437,2
DA:438,2
DA:439,2
DA:440,2
DA:441,1
DA:442,2
DA:448,2
DA:449,1
DA:456,0
DA:457,0
DA:459,0
DA:464,0
DA:465,0
DA:467,0
DA:468,0
DA:469,0
DA:470,0
DA:474,0
DA:475,0
DA:478,1
DA:481,1
DA:482,1
DA:483,1
DA:485,1
DA:486,1
DA:487,2
DA:492,1
DA:495,1
DA:496,1
DA:497,1
DA:500,1
DA:504,1
DA:505,1
DA:506,1
DA:515,1
DA:516,1
DA:518,2
DA:520,1
DA:521,2
DA:522,1
DA:523,1
DA:524,0
DA:527,1
DA:528,1
DA:529,1
DA:530,4
DA:531,2
DA:532,2
DA:533,1
DA:534,2
DA:535,4
DA:539,1
DA:547,1
DA:549,1
DA:552,2
DA:559,1
DA:561,1
DA:562,1
DA:575,1
DA:577,1
DA:578,2
DA:579,4
DA:580,4
DA:581,4
DA:582,4
DA:583,4
DA:584,4
DA:585,4
DA:587,1
DA:591,1
DA:593,1
DA:594,1
DA:595,3
DA:600,1
DA:601,1
DA:602,1
DA:605,1
DA:606,3
DA:607,3
DA:609,1
DA:610,1
DA:612,1
DA:613,1
DA:614,2
DA:615,2
DA:620,3
DA:623,1
DA:624,2
DA:625,1
DA:626,2
DA:627,1
DA:628,1
DA:631,3
DA:633,3
DA:635,1
DA:636,0
DA:641,2
DA:642,0
DA:643,0
DA:645,0
DA:654,0
DA:655,0
DA:656,0
DA:657,0
DA:659,0
DA:660,0
DA:664,1
DA:665,1
DA:666,2
DA:667,1
DA:668,2
DA:672,7
DA:676,1
DA:677,2
DA:679,3
DA:681,2
DA:683,0
DA:684,0
DA:685,0
DA:688,0
DA:692,0
DA:693,0
DA:695,0
DA:696,0
DA:699,0
DA:701,0
DA:702,0
DA:703,0
DA:704,0
DA:710,0
DA:711,0
DA:712,0
DA:713,0
DA:717,0
DA:718,0
DA:719,0
DA:725,0
DA:726,0
DA:727,0
DA:728,0
DA:733,0
DA:735,0
DA:737,0
DA:738,0
DA:739,0
DA:740,0
DA:741,0
DA:743,0
DA:744,0
DA:745,0
DA:746,0
DA:754,1
DA:755,1
DA:756,1
DA:757,1
DA:762,1
DA:763,2
DA:765,1
DA:772,1
DA:773,3
DA:774,3
DA:775,3
DA:779,2
DA:780,0
DA:781,0
DA:782,0
DA:783,0
DA:784,0
DA:785,0
DA:786,0
DA:788,0
DA:789,0
DA:794,2
DA:795,0
DA:796,0
DA:797,0
DA:798,0
DA:799,0
DA:800,0
DA:801,0
DA:802,0
DA:804,3
DA:805,1
DA:806,1
DA:807,1
DA:808,1
DA:809,1
DA:810,1
DA:811,1
DA:812,1
DA:815,1
DA:817,3
DA:818,3
LF:387
LH:303
end_of_record
SF:lib\screens\settings_screen.dart
DA:31,1
DA:33,1
DA:34,1
DA:46,1
DA:48,1
DA:49,3
DA:50,2
DA:64,1
DA:66,4
DA:68,3
DA:69,3
DA:71,1
DA:72,3
DA:73,1
DA:74,1
DA:75,1
DA:76,1
DA:77,1
DA:78,1
DA:79,1
DA:80,1
DA:81,1
DA:82,1
DA:83,4
DA:84,1
DA:86,1
DA:87,1
DA:93,1
DA:94,1
DA:96,1
DA:97,1
DA:98,1
DA:100,6
DA:101,1
DA:102,4
DA:104,4
DA:109,1
DA:110,3
DA:111,1
DA:113,5
DA:127,1
DA:128,3
DA:129,4
DA:131,1
DA:133,1
DA:134,1
DA:135,1
DA:138,1
DA:139,2
DA:142,1
DA:145,1
DA:146,0
DA:153,1
DA:154,1
DA:156,1
DA:157,1
DA:158,1
DA:163,1
DA:167,2
DA:168,0
DA:169,0
DA:174,0
DA:177,0
DA:178,0
DA:179,0
DA:181,0
DA:182,0
DA:183,0
DA:184,0
DA:187,0
DA:189,0
DA:192,0
DA:194,0
DA:198,0
DA:199,0
DA:200,0
DA:201,0
DA:206,0
DA:207,0
DA:209,0
DA:213,0
DA:214,0
DA:215,0
DA:223,1
DA:226,1
DA:227,4
DA:228,1
DA:230,1
DA:231,1
DA:232,1
DA:233,1
DA:236,3
DA:238,1
DA:241,1
DA:243,3
DA:246,1
DA:247,0
DA:248,0
DA:256,1
DA:259,1
DA:260,1
DA:261,1
DA:263,1
DA:265,1
DA:266,1
DA:268,1
DA:269,1
DA:270,1
DA:272,1
DA:273,3
DA:284,1
DA:285,1
DA:286,1
DA:287,1
DA:288,1
DA:289,1
DA:294,1
DA:296,1
DA:303,1
DA:304,1
DA:305,1
DA:306,1
DA:311,1
DA:313,1
DA:326,1
DA:327,1
DA:329,1
DA:330,1
DA:331,1
DA:334,1
DA:335,0
DA:336,0
DA:338,1
DA:342,2
DA:343,1
DA:350,1
DA:354,2
DA:355,1
DA:362,1
DA:366,2
DA:372,1
DA:373,4
DA:374,4
DA:375,1
DA:377,2
DA:379,1
DA:381,1
DA:383,1
DA:384,1
DA:385,1
DA:386,1
DA:387,2
DA:388,2
DA:390,1
DA:391,1
DA:394,2
DA:396,0
DA:397,0
DA:398,0
DA:400,0
DA:401,0
DA:403,0
DA:405,0
DA:406,0
DA:407,0
DA:416,0
DA:417,0
DA:418,0
DA:421,0
DA:429,0
DA:430,0
DA:435,2
DA:438,2
DA:442,3
DA:443,2
DA:444,3
DA:445,1
DA:446,2
DA:448,3
DA:451,0
DA:452,0
DA:453,0
DA:462,1
DA:463,1
DA:464,0
DA:471,1
DA:472,1
DA:474,1
DA:475,1
DA:476,1
DA:479,1
DA:480,0
DA:482,0
DA:483,0
DA:485,1
DA:488,1
DA:489,0
DA:490,0
DA:492,1
DA:495,1
DA:496,0
DA:498,0
DA:501,1
DA:504,1
DA:505,3
DA:506,0
DA:507,0
DA:513,1
DA:514,1
DA:516,1
DA:517,1
DA:518,4
DA:519,2
DA:520,2
DA:521,5
DA:522,1
DA:523,2
DA:524,1
DA:525,1
DA:527,2
DA:528,1
DA:529,1
DA:532,1
DA:534,1
DA:535,1
DA:536,1
DA:538,0
DA:539,0
DA:541,2
DA:542,1
DA:543,1
DA:544,0
DA:545,0
DA:551,1
DA:552,1
DA:553,3
DA:554,2
DA:555,3
DA:556,3
DA:559,1
DA:561,1
DA:562,0
DA:564,1
DA:566,1
DA:567,2
DA:574,1
DA:575,2
DA:576,1
DA:577,1
DA:578,1
DA:580,4
DA:581,3
DA:589,1
DA:590,1
DA:592,1
DA:593,1
DA:594,1
DA:596,1
DA:597,13
DA:598,1
DA:599,1
DA:601,1
DA:603,1
DA:604,9
DA:605,1
DA:606,2
DA:611,6
DA:612,4
DA:614,1
DA:615,2
DA:617,1
DA:618,1
DA:619,5
DA:623,1
DA:625,1
DA:626,4
DA:627,1
DA:628,2
DA:633,4
DA:635,2
DA:636,1
DA:637,1
DA:638,1
DA:639,3
DA:640,1
DA:648,1
DA:649,1
DA:651,1
DA:652,1
DA:653,1
DA:655,1
DA:656,3
DA:662,1
DA:663,1
DA:665,1
DA:666,1
DA:667,1
DA:670,1
DA:671,1
DA:672,1
DA:674,1
DA:676,0
DA:678,0
DA:679,0
DA:684,1
DA:685,1
DA:687,1
DA:688,0
DA:694,1
DA:695,4
DA:696,1
DA:698,1
DA:699,1
DA:700,1
DA:705,1
DA:707,1
DA:710,1
DA:711,0
DA:712,0
DA:714,1
DA:716,0
DA:720,0
DA:721,0
DA:722,0
DA:723,0
DA:724,0
DA:729,0
DA:730,0
DA:732,0
DA:736,0
DA:738,0
DA:755,0
DA:756,0
DA:757,0
DA:764,4
DA:766,1
DA:767,1
DA:771,1
DA:772,1
DA:774,1
DA:778,1
DA:779,1
DA:910,0
DA:912,0
DA:913,0
DA:917,0
DA:919,0
DA:920,0
DA:921,0
DA:922,0
DA:923,0
DA:926,0
DA:927,0
DA:928,0
DA:931,0
DA:932,0
DA:933,0
DA:936,0
DA:940,1
DA:941,3
DA:945,4
DA:949,4
DA:951,4
DA:953,1
DA:954,2
DA:955,3
DA:958,0
DA:959,0
DA:960,0
DA:963,4
DA:967,1
DA:969,1
DA:970,2
DA:971,2
DA:976,1
DA:977,1
DA:978,1
DA:979,2
DA:991,1
DA:992,1
DA:993,0
DA:996,1
DA:997,2
DA:998,1
DA:1005,1
DA:1007,3
DA:1010,4
DA:1012,1
DA:1014,3
DA:1015,3
DA:1016,3
DA:1017,3
DA:1018,3
DA:1021,7
DA:1022,1
DA:1023,1
DA:1024,2
DA:1026,2
DA:1027,1
DA:1028,1
DA:1029,0
DA:1030,0
DA:1032,0
DA:1033,0
DA:1034,0
DA:1035,0
DA:1036,0
DA:1043,0
DA:1044,0
DA:1045,0
DA:1048,0
DA:1052,0
DA:1054,0
DA:1055,0
DA:1060,0
DA:1061,0
DA:1062,0
DA:1063,0
DA:1076,0
DA:1077,0
DA:1078,0
DA:1081,0
DA:1082,0
DA:1083,0
DA:1090,0
DA:1093,0
DA:1095,0
DA:1096,0
DA:1097,0
DA:1098,0
DA:1099,0
DA:1102,0
DA:1104,0
DA:1105,0
DA:1106,0
DA:1107,0
DA:1109,0
DA:1111,0
DA:1112,0
DA:1113,0
DA:1114,0
DA:1117,0
DA:1118,0
DA:1119,0
DA:1122,0
DA:1126,1
DA:1128,1
DA:1129,0
DA:1134,1
DA:1135,1
DA:1136,1
DA:1137,2
DA:1152,1
DA:1153,1
DA:1154,0
DA:1157,1
DA:1158,2
DA:1159,1
DA:1166,1
DA:1169,3
DA:1171,3
DA:1172,3
DA:1175,2
DA:1176,2
DA:1177,0
DA:1181,1
DA:1184,1
DA:1186,1
DA:1187,3
DA:1193,0
DA:1194,0
DA:1195,0
DA:1199,4
DA:1203,1
DA:1205,1
DA:1206,0
DA:1211,1
DA:1212,1
DA:1213,1
DA:1214,2
DA:1229,1
DA:1230,1
DA:1231,0
DA:1234,1
DA:1235,2
DA:1236,1
DA:1243,1
DA:1246,3
DA:1249,3
DA:1250,2
DA:1251,2
DA:1252,0
DA:1255,4
DA:1256,1
DA:1257,3
DA:1262,0
DA:1263,0
DA:1264,0
DA:1268,4
DA:1274,1
DA:1282,1
DA:1283,1
DA:1284,2
DA:1286,2
DA:1287,1
DA:1288,1
DA:1289,6
DA:1290,1
DA:1292,2
DA:1294,1
DA:1299,0
DA:1300,0
DA:1301,0
DA:1304,0
DA:1306,0
DA:1308,0
DA:1311,0
DA:1318,0
DA:1327,0
DA:1328,0
DA:1329,0
DA:1332,0
DA:1333,0
DA:1334,0
DA:1335,0
DA:1336,0
DA:1338,0
DA:1341,0
DA:1352,1
DA:1353,3
DA:1354,1
DA:1355,1
DA:1357,1
DA:1360,2
DA:1361,1
DA:1362,1
DA:1364,1
DA:1365,1
DA:1369,1
DA:1376,2
DA:1386,1
DA:1387,1
DA:1388,0
DA:1392,0
DA:1393,0
DA:1394,0
DA:1395,0
DA:1396,0
DA:1397,0
DA:1398,0
DA:1403,0
DA:1406,1
DA:1407,1
DA:1408,3
DA:1409,2
DA:1410,1
DA:1411,3
DA:1412,1
DA:1413,1
DA:1414,2
DA:1427,0
DA:1429,0
DA:1431,0
DA:1433,0
DA:1434,0
DA:1435,0
DA:1436,0
DA:1437,0
DA:1440,0
DA:1441,0
DA:1442,0
DA:1443,0
DA:1445,0
DA:1447,0
DA:1448,0
DA:1450,0
DA:1459,0
DA:1461,0
DA:1462,0
DA:1464,0
DA:1465,0
DA:1466,0
DA:1472,0
DA:1474,0
DA:1476,0
DA:1477,0
DA:1480,0
DA:1481,0
DA:1482,0
DA:1483,0
DA:1484,0
DA:1485,0
DA:1486,0
DA:1487,0
DA:1488,0
DA:1489,0
DA:1491,0
DA:1495,0
DA:1498,0
DA:1499,0
DA:1500,0
LF:601
LH:374
end_of_record
SF:lib\screens\transactions_screen.dart
DA:21,3
DA:30,3
DA:31,3
DA:45,3
DA:47,3
DA:48,9
DA:49,9
DA:50,9
DA:51,9
DA:52,9
DA:53,5
DA:54,0
DA:58,3
DA:60,9
DA:61,9
DA:62,9
DA:63,9
DA:65,3
DA:66,9
DA:67,3
DA:68,3
DA:69,4
DA:71,3
DA:72,1
DA:74,1
DA:75,1
DA:77,1
DA:80,2
DA:81,2
DA:82,1
DA:84,1
DA:85,1
DA:86,1
DA:87,1
DA:88,1
DA:91,4
DA:92,2
DA:93,2
DA:94,2
DA:95,3
DA:97,2
DA:104,1
DA:105,1
DA:106,2
DA:108,2
DA:110,1
DA:111,1
DA:112,0
DA:113,0
DA:114,0
DA:115,0
DA:120,3
DA:121,3
DA:122,3
DA:123,1
DA:124,3
DA:125,3
DA:128,5
DA:130,3
DA:131,3
DA:133,1
DA:134,2
DA:135,1
DA:141,3
DA:142,3
DA:144,16
DA:146,3
DA:147,3
DA:148,3
DA:149,5
DA:150,4
DA:154,3
DA:156,3
DA:157,3
DA:158,3
DA:159,3
DA:160,3
DA:163,7
DA:165,3
DA:166,3
DA:167,6
DA:168,3
DA:169,3
DA:170,3
DA:171,3
DA:172,3
DA:174,3
DA:177,7
DA:178,6
DA:180,0
DA:181,0
DA:182,0
DA:184,0
DA:185,0
DA:186,0
DA:187,4
DA:188,0
DA:189,3
DA:190,8
DA:191,1
DA:194,3
DA:195,2
DA:197,2
DA:198,0
DA:202,2
DA:203,2
DA:204,2
DA:205,2
DA:206,2
DA:207,6
DA:213,2
DA:214,0
DA:215,0
DA:216,0
DA:218,2
DA:223,2
DA:224,2
DA:226,2
DA:227,0
DA:228,0
DA:229,0
DA:231,0
DA:233,0
DA:234,0
DA:240,1
DA:241,1
DA:242,2
DA:243,1
DA:244,3
DA:248,0
DA:249,2
DA:250,2
DA:252,2
DA:253,2
DA:254,2
DA:256,2
DA:257,4
DA:262,2
DA:264,4
DA:272,2
DA:273,2
DA:275,0
DA:276,0
DA:288,0
DA:289,0
DA:292,1
DA:293,0
DA:298,1
DA:299,1
DA:301,2
DA:302,4
DA:304,1
DA:305,1
DA:306,0
DA:308,1
DA:309,2
DA:315,1
DA:316,3
DA:317,2
DA:318,1
DA:321,1
DA:322,2
DA:323,1
DA:324,2
DA:327,2
DA:333,0
DA:335,0
DA:337,0
DA:340,0
DA:341,0
DA:342,0
DA:344,0
DA:345,0
DA:350,0
DA:351,0
DA:352,0
DA:353,0
DA:354,0
DA:360,0
DA:361,0
DA:362,0
DA:363,0
DA:364,0
DA:367,0
DA:369,0
DA:370,0
DA:375,0
DA:376,0
DA:377,0
DA:382,0
DA:383,0
DA:384,0
DA:385,0
DA:386,0
DA:388,0
LF:195
LH:136
end_of_record
SF:lib\screens\reports_screen.dart
DA:18,1
DA:20,2
DA:21,2
DA:36,2
DA:38,6
DA:39,6
DA:40,6
DA:41,6
DA:43,2
DA:44,6
DA:45,2
DA:46,2
DA:47,2
DA:48,2
DA:49,2
DA:50,2
DA:51,2
DA:52,2
DA:58,3
DA:59,3
DA:60,1
DA:61,3
DA:65,2
DA:66,2
DA:67,4
DA:68,2
DA:71,2
DA:72,2
DA:74,2
DA:75,1
DA:76,5
DA:80,1
DA:82,1
DA:83,3
DA:84,1
DA:85,1
DA:86,1
DA:87,2
DA:91,1
DA:92,2
DA:93,1
DA:95,2
DA:96,1
DA:98,2
DA:99,1
DA:104,3
DA:105,1
DA:108,2
DA:113,4
DA:114,1
DA:117,2
DA:123,4
DA:126,2
DA:127,5
DA:129,1
DA:130,2
DA:133,2
DA:134,1
DA:135,4
DA:136,1
DA:137,2
DA:141,1
DA:142,1
DA:143,1
DA:146,1
DA:150,1
DA:151,1
DA:152,1
DA:153,1
DA:158,1
DA:160,1
DA:161,1
DA:162,1
DA:165,1
DA:166,1
DA:168,1
DA:169,1
DA:176,1
DA:177,1
DA:178,1
DA:179,1
DA:180,1
DA:181,1
DA:182,1
DA:183,2
DA:184,1
DA:185,1
DA:186,2
DA:189,1
DA:190,1
DA:191,3
DA:194,3
DA:195,1
DA:197,1
DA:198,1
DA:205,1
DA:211,3
DA:212,1
DA:213,2
DA:218,1
DA:219,3
DA:222,1
DA:224,1
DA:225,1
DA:232,1
DA:238,2
DA:239,1
DA:241,1
DA:242,2
DA:246,0
DA:247,0
DA:250,1
DA:251,1
DA:253,1
DA:254,1
DA:261,1
DA:272,1
DA:273,0
DA:274,0
DA:275,0
DA:279,0
DA:280,0
DA:284,1
DA:286,1
DA:287,1
DA:289,2
DA:292,3
DA:294,3
DA:295,1
DA:296,1
DA:303,2
DA:304,0
DA:305,0
DA:306,0
DA:307,0
DA:315,0
DA:316,0
DA:317,0
DA:318,0
DA:321,0
DA:322,0
DA:326,2
DA:327,0
DA:328,0
DA:335,0
DA:336,0
DA:337,0
DA:338,0
DA:339,0
DA:344,2
DA:346,1
DA:349,3
DA:350,1
DA:355,1
DA:357,3
DA:358,2
DA:361,2
DA:362,1
DA:363,3
DA:366,1
DA:367,0
DA:371,1
DA:373,1
DA:374,3
DA:376,2
DA:377,2
DA:379,1
DA:380,2
DA:381,0
DA:383,0
DA:384,0
DA:385,2
DA:386,0
DA:387,2
DA:388,2
DA:389,1
DA:390,0
DA:391,0
DA:392,0
DA:393,0
DA:394,0
DA:395,0
DA:401,0
DA:402,0
DA:403,0
DA:405,0
DA:411,1
DA:412,1
DA:416,1
DA:419,1
DA:420,1
DA:421,1
DA:422,1
DA:427,1
DA:428,1
DA:429,1
DA:430,1
DA:431,1
DA:436,1
DA:446,1
DA:447,1
DA:448,1
DA:453,1
DA:470,2
DA:471,1
DA:472,1
DA:473,1
DA:474,1
DA:475,2
DA:480,1
DA:483,1
DA:484,1
DA:485,1
DA:486,1
DA:492,1
DA:494,1
DA:497,1
DA:498,1
DA:499,1
DA:500,1
DA:501,1
DA:502,1
DA:503,1
DA:507,2
DA:508,1
DA:509,1
DA:512,1
DA:513,1
DA:515,1
DA:516,2
DA:517,1
DA:519,1
DA:521,2
DA:523,0
DA:538,0
DA:539,0
DA:542,0
DA:543,0
DA:546,1
DA:547,0
DA:552,1
DA:553,1
DA:556,1
DA:557,2
DA:558,6
DA:561,2
DA:562,5
DA:564,1
DA:565,1
DA:566,1
DA:567,1
DA:568,1
DA:569,1
DA:571,1
DA:573,1
DA:575,1
DA:576,1
DA:577,1
DA:578,2
DA:580,1
DA:581,1
DA:583,1
DA:584,2
DA:585,1
DA:586,0
DA:588,2
DA:592,2
DA:598,1
DA:599,1
DA:600,1
DA:601,2
DA:602,2
DA:603,2
DA:607,1
DA:608,2
DA:619,1
DA:620,1
DA:621,2
DA:622,1
DA:623,1
DA:624,0
DA:625,0
DA:626,0
DA:627,0
DA:628,0
DA:629,0
DA:630,0
DA:631,0
DA:632,0
DA:633,0
DA:634,0
DA:635,0
DA:636,0
DA:637,0
DA:640,0
DA:643,1
DA:645,1
DA:647,1
DA:649,1
DA:650,1
DA:651,2
DA:652,1
DA:654,1
DA:656,1
DA:657,1
DA:658,1
DA:659,2
DA:661,1
DA:662,1
DA:663,2
DA:666,1
DA:669,1
DA:676,1
DA:679,4
DA:681,1
DA:684,2
DA:686,4
DA:688,1
DA:690,1
DA:691,4
DA:692,1
DA:693,1
DA:707,1
DA:708,2
DA:709,1
DA:711,1
DA:712,1
DA:713,2
DA:714,1
DA:717,4
DA:718,4
DA:719,4
LF:332
LH:271
end_of_record
SF:lib\screens\reminders_screen.dart
DA:18,1
DA:20,1
DA:22,2
DA:23,2
DA:24,2
DA:25,2
DA:26,1
DA:28,1
DA:29,1
DA:30,1
DA:32,1
DA:34,1
DA:35,1
DA:37,1
DA:38,1
DA:39,1
DA:40,1
DA:41,0
DA:44,1
DA:45,1
DA:46,4
DA:47,2
DA:49,1
DA:50,0
DA:52,1
DA:53,0
DA:56,1
DA:57,1
DA:58,1
DA:59,1
DA:60,1
DA:61,0
DA:69,1
DA:70,1
DA:72,1
DA:73,1
DA:74,3
DA:76,1
DA:77,1
DA:78,1
DA:79,1
DA:80,1
DA:86,1
DA:88,5
DA:89,1
DA:91,1
DA:92,2
DA:93,1
DA:94,4
DA:97,4
DA:99,4
DA:100,4
DA:101,0
DA:104,2
DA:105,0
DA:106,0
DA:112,1
DA:113,2
DA:114,2
DA:115,4
DA:116,4
DA:117,1
DA:120,4
DA:122,3
DA:123,1
DA:126,0
DA:127,0
DA:129,0
DA:130,0
DA:131,0
DA:132,0
DA:133,0
DA:134,0
DA:153,1
DA:160,0
DA:163,1
DA:165,1
DA:167,1
DA:168,1
DA:169,1
DA:170,1
DA:171,1
DA:173,1
DA:174,1
DA:176,1
DA:177,2
DA:178,1
DA:187,1
DA:188,3
DA:189,1
DA:190,1
DA:192,1
DA:193,1
DA:198,0
DA:199,0
DA:202,1
DA:203,1
DA:204,1
DA:205,1
DA:206,1
DA:208,2
DA:209,1
DA:210,2
DA:212,2
DA:215,1
DA:218,1
DA:219,1
DA:220,1
DA:233,1
DA:235,1
DA:236,1
DA:237,1
DA:241,1
DA:243,4
DA:245,1
DA:251,1
DA:254,1
DA:257,1
DA:258,4
DA:260,1
DA:263,1
DA:266,1
DA:267,1
DA:269,1
DA:270,2
DA:273,0
DA:275,0
DA:283,1
DA:287,1
DA:293,2
DA:295,5
DA:296,1
DA:298,1
DA:299,2
DA:300,1
DA:301,1
DA:304,3
DA:305,4
DA:306,0
DA:309,3
DA:312,1
DA:313,0
DA:314,0
DA:315,0
DA:316,0
DA:317,1
DA:319,1
DA:320,1
DA:321,2
DA:324,2
DA:327,3
DA:328,1
DA:342,1
DA:348,3
DA:349,5
DA:350,0
DA:352,1
DA:354,1
DA:356,1
DA:357,1
DA:358,1
DA:359,1
DA:360,1
DA:362,1
DA:363,1
DA:365,1
DA:366,2
DA:367,1
DA:376,4
DA:377,1
DA:378,1
DA:380,1
DA:381,1
DA:386,0
DA:387,0
DA:392,1
DA:394,1
DA:395,1
DA:396,1
DA:400,1
DA:402,2
DA:404,1
DA:410,1
DA:413,0
DA:416,0
DA:417,0
DA:419,0
DA:422,1
DA:425,1
DA:426,1
DA:428,1
DA:429,2
DA:432,2
DA:434,2
DA:444,1
DA:448,1
DA:450,4
DA:451,1
DA:453,1
DA:454,2
DA:455,1
DA:456,1
DA:462,4
DA:463,4
DA:465,1
DA:471,1
DA:473,1
DA:475,1
DA:476,1
DA:477,1
DA:478,1
DA:479,1
DA:481,1
DA:482,1
DA:484,1
DA:485,2
DA:489,4
DA:490,1
DA:491,1
DA:493,1
DA:494,1
DA:499,1
DA:500,2
DA:502,0
DA:507,2
DA:511,1
DA:512,1
DA:514,2
DA:515,1
DA:516,1
DA:517,2
DA:522,1
DA:523,1
DA:524,1
DA:534,1
DA:536,1
DA:537,1
DA:538,1
DA:543,3
DA:545,1
DA:551,1
DA:552,1
DA:553,1
DA:554,1
DA:555,1
DA:558,1
DA:559,1
DA:560,1
DA:561,1
DA:563,1
DA:564,1
DA:566,2
DA:568,1
DA:569,2
DA:570,1
DA:571,1
DA:572,0
DA:574,1
DA:575,2
DA:580,1
DA:582,2
DA:583,2
DA:584,2
DA:592,1
DA:594,1
DA:595,1
DA:597,1
DA:598,2
DA:602,1
DA:603,1
DA:604,1
DA:605,1
DA:606,1
DA:607,1
DA:608,1
DA:609,1
DA:611,1
DA:613,1
DA:614,2
DA:616,1
DA:626,1
LF:281
LH:247
end_of_record
SF:lib\widgets\transaction_list_item.dart
DA:24,5
DA:41,5
DA:43,10
DA:44,15
DA:45,6
DA:47,6
DA:51,10
DA:53,5
DA:54,0
DA:55,0
DA:56,0
DA:58,5
DA:59,5
DA:60,5
DA:61,5
DA:62,5
DA:63,2
DA:64,2
DA:65,2
DA:67,5
DA:69,15
DA:70,2
DA:71,15
DA:72,0
DA:73,5
DA:74,15
DA:75,2
DA:76,15
DA:77,0
DA:78,5
DA:80,15
DA:81,5
DA:83,5
DA:85,5
DA:87,5
DA:88,5
DA:90,2
DA:91,1
DA:94,5
DA:95,3
DA:97,3
DA:98,3
DA:99,6
DA:100,3
DA:101,3
DA:102,9
DA:105,3
DA:108,3
DA:110,9
DA:115,5
DA:121,5
DA:122,5
DA:124,3
DA:125,12
DA:126,2
DA:133,3
DA:137,15
DA:139,0
DA:141,30
DA:144,5
DA:145,25
DA:150,1
DA:151,1
DA:153,1
DA:154,1
DA:155,3
DA:156,1
DA:157,4
DA:158,1
DA:161,3
DA:164,1
DA:165,3
DA:166,1
DA:167,1
DA:168,1
DA:171,3
DA:174,0
DA:183,0
DA:185,0
DA:186,0
DA:194,4
DA:195,1
DA:196,2
DA:197,1
DA:198,4
DA:209,1
DA:210,1
DA:211,1
DA:212,1
DA:213,1
DA:214,3
LF:91
LH:81
end_of_record
SF:lib\utils\ui_utils.dart
DA:7,2
DA:8,2
DA:10,4
DA:13,2
DA:14,2
DA:15,2
DA:18,2
DA:19,2
DA:20,2
DA:30,1
DA:31,4
DA:32,3
DA:33,1
DA:34,4
DA:39,2
DA:40,2
DA:42,2
DA:43,2
DA:44,2
DA:46,2
DA:60,1
DA:61,1
LF:22
LH:22
end_of_record
SF:lib\screens\lending\lending_dashboard_screen.dart
DA:11,1
DA:13,1
DA:15,2
DA:16,2
DA:17,2
DA:18,2
DA:20,1
DA:21,1
DA:23,1
DA:24,1
DA:27,0
DA:33,1
DA:34,1
DA:36,1
DA:38,1
DA:39,1
DA:40,1
DA:41,1
DA:50,1
DA:51,1
DA:64,1
DA:65,1
DA:67,1
DA:68,1
DA:69,1
DA:70,1
DA:71,1
DA:78,1
DA:79,0
DA:80,0
DA:82,0
DA:91,1
DA:93,1
DA:95,1
DA:96,1
DA:97,1
DA:98,2
DA:100,1
DA:102,1
DA:103,1
DA:104,1
DA:107,1
DA:108,1
DA:109,1
DA:117,1
DA:119,2
DA:121,3
DA:123,1
DA:124,2
DA:125,1
DA:131,1
DA:132,1
DA:134,2
DA:138,1
DA:139,1
DA:140,0
DA:142,1
DA:143,3
DA:150,1
DA:151,5
DA:153,1
DA:156,2
DA:157,1
DA:158,1
DA:159,1
DA:160,1
DA:165,2
DA:167,1
DA:169,1
DA:170,3
DA:171,1
DA:172,0
DA:173,0
DA:181,1
DA:183,1
DA:184,1
DA:185,2
DA:186,1
DA:187,1
DA:191,1
DA:195,1
DA:196,1
DA:198,1
DA:199,1
DA:201,0
DA:202,0
DA:204,0
DA:205,0
DA:206,0
DA:209,0
DA:210,0
DA:214,1
DA:215,1
DA:216,1
DA:217,1
DA:227,1
DA:237,1
DA:252,0
DA:253,0
DA:255,0
DA:256,0
DA:264,1
DA:266,1
DA:268,2
DA:270,1
DA:271,5
DA:272,1
DA:273,1
DA:274,0
DA:276,1
DA:277,1
DA:279,2
DA:280,4
DA:281,2
DA:290,0
DA:292,0
DA:294,0
DA:298,0
DA:299,0
DA:300,0
DA:302,0
DA:303,0
DA:304,0
DA:305,0
LF:124
LH:95
end_of_record
SF:lib\screens\holiday_manager_screen.dart
DA:8,1
DA:10,1
DA:12,3
DA:14,1
DA:15,1
DA:17,1
DA:18,1
DA:19,1
DA:20,2
DA:24,1
DA:25,1
DA:26,1
DA:28,1
DA:29,1
DA:30,1
DA:31,1
DA:42,1
DA:43,1
DA:45,1
DA:46,1
DA:47,1
DA:48,1
DA:49,1
DA:50,1
DA:51,3
DA:52,3
DA:53,1
DA:54,1
DA:55,1
DA:56,3
DA:57,1
DA:68,1
DA:70,1
DA:72,1
DA:73,1
DA:74,1
DA:78,4
LF:37
LH:37
end_of_record
SF:lib\screens\lending\add_lending_screen.dart
DA:12,2
DA:14,1
DA:15,1
DA:27,1
DA:29,1
DA:30,1
DA:31,4
DA:32,2
DA:33,4
DA:34,1
DA:35,4
DA:36,5
DA:37,1
DA:38,5
DA:39,4
DA:42,1
DA:44,2
DA:45,2
DA:46,2
DA:47,1
DA:50,0
DA:51,0
DA:53,0
DA:54,0
DA:55,0
DA:57,0
DA:58,0
DA:59,0
DA:64,1
DA:65,3
DA:66,3
DA:67,3
DA:68,3
DA:70,2
DA:72,1
DA:76,1
DA:77,1
DA:79,5
DA:82,3
DA:86,1
DA:87,1
DA:88,1
DA:89,1
DA:90,0
DA:93,5
DA:96,2
DA:100,1
DA:102,2
DA:104,1
DA:105,1
DA:106,2
DA:108,1
DA:110,1
DA:111,1
DA:112,1
DA:114,1
DA:116,1
DA:129,1
DA:130,0
DA:131,0
DA:132,0
DA:139,1
DA:140,1
DA:146,2
DA:153,1
DA:154,1
DA:157,1
DA:158,2
DA:165,1
DA:166,1
DA:167,1
DA:174,1
DA:175,1
DA:185,1
DA:186,0
DA:187,1
DA:193,1
DA:194,3
DA:201,2
DA:202,1
DA:204,1
DA:205,0
DA:208,1
DA:210,1
DA:211,1
DA:212,1
DA:214,2
DA:219,1
DA:220,1
LF:89
LH:75
end_of_record
SF:lib\screens\loan\loan_gold_dialogs.dart
DA:16,1
DA:22,1
DA:24,1
DA:28,1
DA:30,2
DA:31,1
DA:32,1
DA:35,1
DA:36,1
DA:42,2
DA:45,1
DA:47,1
DA:52,3
DA:64,1
DA:70,1
DA:72,4
DA:74,1
DA:77,6
DA:81,2
DA:82,1
DA:83,3
DA:85,3
DA:88,1
DA:89,1
DA:93,2
DA:99,2
DA:101,1
DA:103,1
DA:108,3
DA:116,1
DA:126,2
DA:129,4
DA:133,3
DA:135,4
DA:136,1
DA:143,1
DA:145,2
DA:146,1
DA:147,1
DA:154,1
DA:155,2
DA:156,2
DA:157,2
DA:170,1
DA:180,1
DA:182,1
DA:192,1
DA:194,1
DA:195,1
DA:196,4
DA:197,3
DA:200,1
DA:201,3
DA:203,5
DA:204,1
DA:205,2
DA:210,1
DA:212,4
DA:214,1
DA:215,3
DA:216,1
DA:217,1
DA:219,1
DA:220,3
DA:222,1
DA:223,1
DA:228,1
DA:229,2
DA:233,1
DA:234,0
DA:235,0
DA:237,0
DA:238,0
DA:239,0
DA:241,0
DA:242,0
DA:243,0
DA:247,1
DA:248,1
DA:249,1
DA:251,1
DA:257,1
DA:258,1
DA:260,1
DA:263,1
DA:264,5
DA:266,0
DA:271,1
DA:272,1
DA:274,0
DA:275,1
DA:276,2
DA:277,1
DA:278,2
DA:281,1
DA:282,3
LF:96
LH:86
end_of_record
SF:lib\screens\loan\loan_header_card.dart
DA:18,2
DA:21,2
DA:23,4
DA:24,4
DA:25,6
DA:28,6
DA:29,4
DA:30,0
DA:31,0
DA:32,0
DA:33,6
DA:35,4
DA:36,2
DA:37,2
DA:38,4
DA:39,0
DA:40,0
DA:41,0
DA:42,0
DA:45,12
DA:47,6
DA:48,16
DA:51,4
DA:52,2
DA:55,2
DA:56,1
DA:57,2
DA:59,2
DA:60,2
DA:61,2
DA:63,2
DA:66,2
DA:68,2
DA:69,2
DA:70,2
DA:71,2
DA:74,2
DA:75,2
DA:76,2
DA:96,2
DA:97,4
DA:107,1
DA:110,1
DA:112,1
DA:113,2
DA:114,2
DA:121,1
DA:130,1
DA:132,1
DA:133,1
DA:134,10
DA:137,1
DA:138,1
DA:141,0
DA:142,0
DA:143,0
DA:144,0
DA:145,0
DA:147,0
DA:149,0
DA:157,2
DA:158,2
DA:160,2
DA:161,2
DA:162,0
DA:163,0
DA:165,0
DA:167,2
DA:168,2
DA:169,2
DA:170,2
DA:173,2
DA:174,4
DA:183,2
DA:187,2
DA:188,0
DA:189,0
DA:191,0
DA:193,2
DA:194,2
DA:195,8
DA:197,2
DA:201,2
DA:202,10
DA:203,4
DA:207,2
DA:208,2
DA:209,2
DA:211,2
DA:212,8
DA:221,2
DA:226,2
DA:237,2
DA:238,2
DA:240,2
DA:241,2
DA:243,2
LF:97
LH:77
end_of_record
SF:lib\screens\loan\loan_recalculate_dialog.dart
DA:12,1
DA:14,1
DA:16,1
DA:24,1
DA:26,1
DA:27,1
DA:28,5
DA:29,1
DA:30,5
DA:33,1
DA:35,1
DA:37,1
DA:40,1
DA:41,1
DA:42,9
DA:44,1
DA:45,1
DA:49,1
DA:50,2
DA:54,1
DA:58,1
DA:59,0
DA:61,1
DA:63,0
DA:64,0
DA:69,0
DA:74,1
DA:75,1
DA:76,0
DA:78,1
DA:79,1
DA:80,3
DA:81,3
DA:83,1
DA:84,1
DA:85,2
DA:94,1
DA:95,3
DA:96,3
DA:97,2
DA:99,1
DA:100,0
DA:101,0
DA:102,0
DA:106,0
DA:107,0
DA:110,0
DA:111,0
DA:114,1
DA:115,1
DA:116,1
DA:119,1
DA:121,5
DA:122,2
DA:125,1
DA:126,3
LF:56
LH:44
end_of_record
SF:lib\screens\loan\loan_update_rate_dialog.dart
DA:13,2
DA:15,2
DA:17,2
DA:25,2
DA:27,2
DA:28,2
DA:29,10
DA:32,2
DA:34,2
DA:36,2
DA:39,2
DA:42,2
DA:43,2
DA:47,2
DA:48,4
DA:52,2
DA:54,2
DA:55,0
DA:61,2
DA:62,2
DA:63,1
DA:64,3
DA:85,2
DA:86,2
DA:87,2
DA:89,2
DA:90,1
DA:91,3
DA:92,1
DA:93,1
DA:94,2
DA:96,1
DA:97,1
DA:99,1
DA:100,1
DA:110,1
DA:116,3
DA:117,3
DA:120,2
DA:121,0
DA:122,0
DA:123,0
DA:124,1
DA:126,1
DA:127,1
DA:128,1
DA:134,1
DA:135,1
DA:141,1
DA:144,4
DA:145,1
DA:151,4
DA:152,3
DA:154,2
DA:155,1
DA:161,2
DA:162,1
DA:164,1
DA:168,1
DA:169,3
DA:171,1
DA:172,3
LF:62
LH:58
end_of_record
SF:lib\screens\loan\loan_ledger_view.dart
DA:13,2
DA:15,2
DA:16,2
DA:25,2
DA:27,6
DA:28,2
DA:31,8
DA:33,2
DA:34,6
DA:37,2
DA:39,0
DA:40,0
DA:41,0
DA:42,0
DA:43,0
DA:44,0
DA:47,6
DA:49,2
DA:51,2
DA:52,2
DA:54,2
DA:57,2
DA:58,2
DA:59,2
DA:60,2
DA:61,2
DA:66,1
DA:67,4
DA:68,2
DA:72,2
DA:73,2
DA:74,2
DA:75,3
DA:77,2
DA:80,2
DA:81,2
DA:82,2
DA:83,0
DA:85,0
DA:88,4
DA:89,1
DA:90,1
DA:91,3
DA:92,1
DA:93,1
DA:102,2
DA:103,1
DA:109,2
DA:112,2
DA:113,1
DA:114,1
DA:115,1
DA:121,2
DA:126,5
DA:127,2
DA:132,0
DA:136,0
DA:137,0
DA:144,1
DA:145,1
DA:146,1
DA:147,1
DA:149,1
DA:151,1
DA:152,1
DA:155,2
DA:156,1
DA:157,1
DA:159,1
DA:164,1
DA:166,1
DA:167,1
DA:168,4
DA:172,1
DA:173,1
DA:175,1
DA:180,1
DA:181,2
DA:182,2
DA:202,1
DA:203,1
DA:204,1
DA:205,2
DA:207,1
DA:208,1
DA:209,0
DA:210,0
DA:211,0
DA:215,3
DA:216,1
DA:217,3
DA:218,1
DA:220,3
DA:227,0
DA:228,0
DA:229,0
DA:230,0
DA:231,0
DA:232,0
DA:235,0
DA:239,1
DA:240,1
DA:241,1
DA:242,1
DA:243,2
DA:247,1
DA:248,1
DA:249,0
DA:251,1
DA:252,2
DA:258,1
DA:259,2
DA:261,2
DA:262,0
DA:263,3
DA:264,0
DA:265,0
DA:266,0
DA:270,6
DA:272,4
DA:273,3
LF:121
LH:95
end_of_record
SF:lib\screens\loan\loan_part_payment_dialog.dart
DA:12,1
DA:14,1
DA:16,1
DA:24,1
DA:26,1
DA:27,4
DA:30,1
DA:32,3
DA:34,1
DA:36,1
DA:38,1
DA:42,1
DA:43,1
DA:49,1
DA:51,1
DA:52,0
DA:56,4
DA:57,1
DA:58,1
DA:59,1
DA:61,0
DA:66,1
DA:67,0
DA:71,1
DA:72,1
DA:74,0
DA:75,1
DA:77,1
DA:78,3
DA:79,1
DA:80,1
DA:81,1
DA:82,1
DA:83,2
DA:93,1
DA:94,3
DA:95,2
DA:96,4
DA:99,1
DA:100,1
DA:101,1
DA:106,2
DA:109,4
DA:110,2
DA:113,3
DA:114,5
DA:115,1
DA:116,2
DA:120,1
DA:121,1
DA:122,1
DA:124,2
DA:125,1
DA:126,1
DA:129,1
DA:130,3
DA:131,3
DA:132,3
LF:58
LH:54
end_of_record
SF:lib\screens\loan\loan_topup_dialog.dart
DA:13,2
DA:15,2
DA:16,2
DA:24,2
DA:26,2
DA:27,8
DA:30,2
DA:32,6
DA:34,2
DA:36,2
DA:39,2
DA:42,2
DA:43,2
DA:49,8
DA:50,2
DA:51,2
DA:52,2
DA:54,0
DA:59,2
DA:60,0
DA:65,2
DA:66,2
DA:67,0
DA:68,0
DA:89,2
DA:90,2
DA:91,0
DA:93,2
DA:94,1
DA:95,3
DA:96,1
DA:97,1
DA:98,2
DA:101,3
DA:102,1
DA:103,4
DA:105,1
DA:106,1
DA:116,1
DA:123,3
DA:124,3
DA:126,1
DA:129,2
DA:130,0
DA:131,0
DA:132,0
DA:133,1
DA:135,1
DA:136,1
DA:137,1
DA:143,2
DA:144,2
DA:146,1
DA:147,1
DA:153,1
DA:156,4
DA:161,4
DA:162,3
DA:164,2
DA:165,1
DA:166,1
DA:171,0
DA:172,0
DA:173,0
DA:174,0
DA:180,4
DA:181,1
DA:182,2
DA:187,1
DA:188,1
DA:190,2
DA:191,1
DA:192,1
DA:195,1
DA:196,3
DA:197,3
DA:198,3
DA:200,1
DA:201,3
LF:79
LH:67
end_of_record
SF:lib\screens\loan_details_screen.dart
DA:30,2
DA:32,2
DA:33,2
DA:44,2
DA:46,6
DA:47,2
DA:48,6
DA:49,2
DA:51,6
DA:53,2
DA:54,2
DA:55,14
DA:56,0
DA:57,4
DA:60,4
DA:61,2
DA:62,0
DA:63,0
DA:64,0
DA:65,0
DA:66,0
DA:67,0
DA:68,6
DA:70,2
DA:71,2
DA:72,2
DA:73,2
DA:74,0
DA:75,0
DA:76,0
DA:77,0
DA:80,8
DA:81,2
DA:85,2
DA:86,1
DA:88,4
DA:89,8
DA:90,2
DA:93,2
DA:94,6
DA:95,2
DA:96,4
DA:97,2
DA:99,2
DA:100,2
DA:102,2
DA:104,2
DA:106,2
DA:107,2
DA:109,0
DA:111,0
DA:113,2
DA:114,2
DA:116,2
DA:120,2
DA:122,2
DA:123,2
DA:125,2
DA:127,0
DA:133,2
DA:135,2
DA:137,2
DA:138,2
DA:140,2
DA:142,2
DA:144,2
DA:145,1
DA:146,1
DA:148,1
DA:149,1
DA:151,2
DA:152,2
DA:155,2
DA:157,2
DA:158,2
DA:177,1
DA:179,1
DA:183,1
DA:184,1
DA:185,0
DA:187,0
DA:193,1
DA:195,1
DA:196,0
DA:198,0
DA:199,0
DA:202,1
DA:204,1
DA:205,2
DA:207,1
DA:208,1
DA:211,1
DA:213,1
DA:214,0
DA:216,0
DA:222,1
DA:228,2
DA:229,2
DA:231,4
DA:232,2
DA:233,2
DA:234,4
DA:235,1
DA:237,4
DA:238,1
DA:244,1
DA:246,0
DA:252,2
DA:254,4
DA:255,2
DA:256,4
DA:257,2
DA:258,2
DA:261,2
DA:262,4
DA:263,2
DA:265,2
DA:267,2
DA:268,2
DA:269,4
DA:271,2
DA:273,2
DA:275,4
DA:285,1
DA:291,1
DA:293,1
DA:295,1
DA:296,1
DA:298,1
DA:302,1
DA:303,1
DA:306,1
DA:309,1
DA:320,2
DA:323,2
DA:324,2
DA:326,4
DA:327,2
DA:328,2
DA:330,8
DA:331,2
DA:333,4
DA:335,6
DA:337,2
DA:338,4
DA:340,4
DA:341,6
DA:342,4
DA:343,6
DA:348,6
DA:350,2
DA:352,2
DA:353,6
DA:355,2
DA:357,2
DA:358,2
DA:360,2
DA:361,2
DA:362,0
DA:363,0
DA:364,0
DA:365,0
DA:366,0
DA:367,0
DA:368,0
DA:372,0
DA:373,0
DA:375,0
DA:378,0
DA:380,0
DA:385,2
DA:392,2
DA:393,2
DA:395,2
DA:396,10
DA:397,2
DA:399,8
DA:408,2
DA:409,8
DA:410,2
DA:411,2
DA:412,4
DA:413,4
DA:415,2
DA:417,2
DA:418,2
DA:419,2
DA:422,2
DA:423,2
DA:424,4
DA:426,2
DA:430,2
DA:438,1
DA:440,1
DA:441,1
DA:442,1
DA:444,1
DA:445,1
DA:446,1
DA:447,1
DA:448,1
DA:449,1
DA:451,1
DA:452,2
DA:453,7
DA:454,6
DA:462,1
DA:463,1
DA:466,3
DA:470,1
DA:471,2
DA:473,1
DA:474,2
DA:475,2
DA:476,1
DA:481,1
DA:482,1
DA:483,0
DA:484,0
DA:503,4
DA:505,2
DA:506,1
DA:508,1
DA:509,1
DA:510,1
DA:511,1
DA:512,1
DA:513,2
DA:514,1
DA:515,1
DA:516,1
DA:517,1
DA:522,1
DA:524,1
DA:525,2
DA:530,3
DA:531,1
DA:533,1
DA:534,2
DA:547,0
DA:548,0
DA:549,0
DA:552,0
DA:553,0
DA:554,0
DA:555,0
DA:557,0
DA:559,0
DA:563,0
DA:565,0
DA:567,0
DA:568,0
DA:571,0
DA:572,0
DA:573,0
DA:576,0
DA:578,0
DA:580,0
DA:581,0
DA:584,0
DA:585,0
DA:586,0
DA:589,0
DA:592,0
DA:593,0
DA:594,0
DA:596,0
DA:599,0
DA:600,0
DA:601,0
DA:606,0
DA:607,0
DA:618,0
DA:623,0
DA:626,0
DA:627,0
DA:630,0
DA:631,0
DA:633,0
DA:634,0
DA:635,0
DA:636,0
DA:637,0
DA:638,0
DA:640,0
DA:642,0
DA:643,0
DA:645,0
DA:646,0
DA:648,0
DA:652,0
DA:655,0
DA:656,0
DA:658,0
DA:659,0
DA:660,0
DA:661,0
DA:664,0
DA:666,0
DA:668,0
DA:670,0
DA:672,0
DA:675,0
DA:676,0
DA:678,0
DA:679,0
DA:680,0
DA:683,0
DA:684,0
DA:685,0
DA:687,0
DA:688,0
DA:689,0
DA:693,1
DA:694,1
DA:695,1
DA:696,2
DA:700,1
DA:701,1
DA:702,0
DA:704,1
DA:705,2
DA:711,1
DA:712,5
DA:713,3
DA:714,3
DA:715,1
DA:716,2
LF:328
LH:217
end_of_record
SF:lib\screens\add_loan_screen.dart
DA:13,2
DA:15,2
DA:16,2
DA:39,2
DA:41,2
DA:42,4
DA:43,4
DA:44,4
DA:47,2
DA:49,4
DA:50,4
DA:51,4
DA:52,2
DA:55,2
DA:57,6
DA:58,6
DA:59,2
DA:60,4
DA:62,2
DA:63,2
DA:64,2
DA:65,2
DA:66,2
DA:68,2
DA:69,2
DA:70,2
DA:74,6
DA:76,6
DA:78,2
DA:79,1
DA:80,2
DA:81,1
DA:83,0
DA:84,0
DA:85,0
DA:91,2
DA:94,2
DA:95,2
DA:99,2
DA:101,2
DA:102,2
DA:103,2
DA:104,2
DA:107,2
DA:108,0
DA:109,0
DA:116,2
DA:117,2
DA:118,2
DA:119,2
DA:120,2
DA:121,2
DA:123,4
DA:128,2
DA:129,2
DA:130,2
DA:132,1
DA:133,2
DA:134,1
DA:135,2
DA:136,2
DA:137,1
DA:139,1
DA:140,0
DA:142,1
DA:147,2
DA:148,2
DA:152,2
DA:153,2
DA:154,0
DA:155,0
DA:162,2
DA:169,2
DA:170,2
DA:171,2
DA:173,3
DA:176,1
DA:177,2
DA:178,2
DA:179,1
DA:180,1
DA:183,2
DA:184,2
DA:189,2
DA:190,2
DA:191,2
DA:192,2
DA:193,2
DA:194,2
DA:199,4
DA:200,1
DA:201,2
DA:202,2
DA:204,1
DA:205,0
DA:207,1
DA:212,3
DA:218,2
DA:219,2
DA:220,2
DA:221,2
DA:223,4
DA:228,2
DA:229,2
DA:230,2
DA:232,0
DA:233,0
DA:234,0
DA:235,0
DA:236,0
DA:237,0
DA:239,0
DA:243,2
DA:244,1
DA:245,1
DA:250,0
DA:253,2
DA:254,2
DA:255,2
DA:256,2
DA:257,2
DA:258,0
DA:259,0
DA:261,0
DA:262,0
DA:263,0
DA:264,0
DA:266,2
DA:270,8
DA:277,2
DA:278,2
DA:279,1
DA:280,1
DA:282,1
DA:283,1
DA:284,1
DA:285,3
DA:287,2
DA:291,2
DA:292,6
DA:297,0
DA:298,0
DA:302,0
DA:303,0
DA:308,2
DA:309,2
DA:310,2
DA:311,2
DA:312,2
DA:313,2
DA:314,2
DA:317,6
DA:318,6
DA:320,4
DA:322,2
DA:323,0
DA:330,8
DA:331,2
DA:332,1
DA:338,1
DA:342,1
DA:343,1
DA:344,0
DA:345,0
DA:346,0
DA:348,0
DA:350,2
DA:351,3
DA:353,2
DA:355,2
DA:356,2
DA:357,2
DA:359,2
DA:360,2
DA:361,2
DA:365,2
DA:366,4
DA:373,2
DA:374,14
DA:377,0
DA:381,0
DA:384,0
DA:385,0
DA:402,2
DA:403,2
DA:404,2
DA:405,2
DA:418,1
DA:419,2
DA:420,6
DA:421,1
DA:422,3
DA:423,4
DA:424,2
DA:425,1
DA:426,4
DA:427,2
DA:428,4
DA:433,4
DA:434,2
DA:435,4
DA:439,0
DA:440,0
DA:441,0
DA:442,0
DA:443,0
DA:444,0
DA:445,0
DA:447,0
DA:448,0
DA:449,0
DA:450,0
DA:451,0
DA:452,0
DA:457,0
DA:458,0
DA:459,0
DA:460,0
DA:464,0
DA:465,0
DA:466,0
DA:467,0
DA:468,0
DA:469,0
DA:470,0
DA:472,0
DA:473,0
DA:474,0
DA:475,0
DA:478,0
DA:479,0
DA:480,0
DA:481,0
DA:482,0
DA:488,1
DA:489,3
DA:490,3
DA:492,3
DA:493,3
DA:495,1
DA:496,1
DA:497,1
DA:498,1
DA:499,1
DA:500,1
DA:501,3
DA:502,1
DA:503,3
DA:504,2
DA:505,0
DA:506,1
DA:507,1
DA:511,1
DA:512,3
DA:514,3
DA:518,0
DA:519,0
DA:520,0
DA:521,0
DA:523,0
LF:260
LH:185
end_of_record
SF:lib\screens\login_screen.dart
DA:12,1
DA:14,2
DA:15,2
DA:22,2
DA:24,3
DA:25,2
DA:28,2
DA:30,2
DA:31,2
DA:32,2
DA:35,2
DA:36,2
DA:39,2
DA:41,2
DA:42,4
DA:59,2
DA:60,4
DA:61,2
DA:63,6
DA:64,0
DA:67,6
DA:71,2
DA:72,2
DA:73,2
DA:74,6
DA:76,2
DA:80,2
DA:84,1
DA:87,2
DA:92,2
DA:94,2
DA:97,6
DA:106,2
DA:109,2
DA:110,0
DA:111,0
DA:113,2
DA:115,2
DA:116,2
DA:128,1
DA:129,3
DA:131,5
DA:133,2
DA:134,1
DA:135,5
DA:137,3
DA:138,1
DA:141,0
DA:142,0
DA:145,0
DA:146,0
DA:147,0
DA:155,1
DA:156,2
DA:157,0
DA:158,0
DA:163,1
DA:165,4
DA:167,0
DA:168,0
DA:169,0
DA:175,0
DA:176,0
DA:178,0
DA:179,0
DA:181,0
DA:182,0
DA:192,3
DA:193,3
DA:194,3
DA:196,1
DA:197,3
LF:72
LH:53
end_of_record
SF:lib\screens\recurring_manager_screen.dart
DA:11,1
DA:13,1
DA:15,2
DA:16,2
DA:17,1
DA:19,1
DA:20,1
DA:21,1
DA:22,1
DA:23,1
DA:26,1
DA:27,1
DA:28,1
DA:29,1
DA:30,1
DA:32,1
DA:33,2
DA:35,1
DA:37,1
DA:38,1
DA:39,4
DA:40,1
DA:41,4
DA:45,1
DA:46,1
DA:52,1
DA:54,1
DA:55,1
DA:56,1
DA:58,0
DA:60,0
DA:61,0
DA:62,0
DA:64,0
DA:65,0
DA:70,1
DA:71,1
DA:72,1
DA:73,1
DA:75,1
DA:76,1
DA:77,2
DA:87,1
DA:88,0
DA:93,1
DA:94,3
DA:95,1
DA:96,1
DA:97,6
DA:98,0
DA:100,0
DA:102,0
DA:103,0
DA:104,0
DA:105,0
DA:106,0
DA:107,0
DA:108,0
DA:109,0
DA:113,1
DA:114,1
DA:115,1
DA:116,1
DA:118,0
DA:120,0
DA:127,0
DA:138,0
DA:141,1
DA:143,1
DA:145,2
DA:147,1
DA:148,2
DA:149,1
DA:150,1
DA:151,0
DA:153,1
DA:154,2
DA:160,1
DA:162,2
DA:163,2
DA:164,2
DA:168,1
DA:171,3
DA:172,1
DA:174,2
DA:176,1
DA:183,1
DA:184,2
DA:188,1
DA:189,1
DA:190,0
DA:193,1
DA:194,0
DA:195,0
DA:196,0
DA:197,0
DA:207,0
DA:208,0
DA:209,0
DA:210,0
LF:100
LH:69
end_of_record
SF:lib\screens\recycle_bin_screen.dart
DA:10,1
DA:12,1
DA:13,1
DA:17,1
DA:19,3
DA:20,3
DA:21,5
DA:22,3
DA:24,1
DA:25,3
DA:26,1
DA:27,1
DA:28,2
DA:29,1
DA:30,1
DA:34,1
DA:35,1
DA:39,1
DA:40,1
DA:41,1
DA:42,1
DA:43,1
DA:49,0
DA:50,1
DA:52,1
DA:53,1
DA:54,1
DA:56,1
DA:57,2
DA:58,3
DA:59,3
DA:60,2
DA:63,1
DA:64,1
DA:66,1
DA:67,2
DA:68,2
LF:37
LH:36
end_of_record
SF:lib\widgets\charts\reports_pie_chart.dart
DA:10,2
DA:16,2
DA:17,2
DA:23,2
DA:25,6
DA:27,2
DA:29,2
DA:30,2
DA:33,2
DA:34,0
DA:35,0
DA:36,0
DA:38,0
DA:39,0
DA:42,0
DA:43,0
DA:47,10
DA:50,4
DA:51,4
DA:54,10
DA:57,9
DA:59,3
DA:61,2
DA:62,6
DA:65,4
DA:66,2
DA:68,2
DA:71,6
DA:73,2
DA:75,2
LF:30
LH:23
end_of_record
SF:lib\widgets\auth_wrapper.dart
DA:18,1
DA:20,1
DA:21,1
DA:34,1
DA:36,1
DA:41,0
DA:42,0
DA:43,0
DA:45,0
DA:46,0
DA:47,0
DA:59,3
DA:60,1
DA:61,1
DA:66,3
DA:67,1
DA:71,3
DA:72,2
DA:73,3
DA:78,3
DA:79,2
DA:80,3
DA:85,1
DA:87,2
DA:88,2
DA:89,2
DA:90,2
DA:91,1
DA:94,1
DA:96,1
DA:99,1
DA:100,1
DA:101,3
DA:102,5
DA:103,1
DA:104,1
DA:105,3
DA:111,1
DA:114,4
DA:117,3
DA:118,1
DA:122,4
DA:123,3
DA:129,5
DA:131,1
DA:134,1
DA:140,1
DA:141,3
DA:144,1
DA:145,1
DA:146,2
DA:148,1
DA:149,2
DA:150,0
DA:151,0
DA:152,4
DA:154,2
DA:155,0
DA:156,0
DA:166,1
DA:168,3
DA:171,4
DA:172,1
DA:175,0
DA:179,0
DA:181,0
DA:184,0
DA:185,0
DA:194,3
DA:195,0
DA:196,0
DA:197,0
DA:198,0
DA:210,3
DA:211,0
DA:212,0
DA:220,4
DA:221,1
DA:223,1
DA:227,4
DA:229,1
DA:231,3
DA:234,2
DA:235,0
DA:238,3
DA:239,3
DA:240,1
DA:242,1
DA:245,1
DA:247,1
DA:248,1
DA:249,1
DA:250,3
DA:254,3
DA:255,1
DA:258,1
DA:260,1
DA:261,1
DA:263,1
DA:265,2
DA:266,1
DA:270,1
DA:272,0
DA:282,1
DA:283,3
DA:284,1
DA:285,1
DA:287,6
DA:288,1
DA:289,2
DA:297,3
DA:298,3
DA:300,1
DA:302,1
DA:305,0
DA:306,0
DA:307,0
DA:321,1
DA:322,0
DA:323,0
DA:324,0
DA:325,0
DA:327,0
DA:329,0
DA:332,0
DA:334,0
DA:338,0
DA:339,0
DA:340,0
DA:342,0
DA:343,0
DA:353,0
DA:364,1
DA:365,3
DA:366,3
DA:369,1
DA:383,1
DA:396,3
DA:399,3
DA:405,2
DA:406,1
DA:407,1
DA:410,1
DA:411,0
DA:412,0
DA:413,0
DA:416,0
DA:419,0
DA:421,1
DA:422,3
DA:423,3
DA:428,0
DA:431,1
DA:441,2
DA:447,1
DA:448,1
DA:450,1
DA:451,1
DA:453,1
DA:456,1
DA:458,1
DA:460,1
DA:462,2
DA:463,1
DA:465,0
DA:466,0
DA:467,0
DA:471,0
DA:472,0
DA:473,0
DA:483,1
DA:484,3
DA:486,1
DA:487,1
DA:490,1
DA:494,1
DA:495,0
DA:500,1
DA:515,1
DA:517,1
DA:520,0
DA:521,0
DA:527,1
DA:534,1
DA:535,1
DA:536,1
DA:538,1
DA:540,1
DA:541,1
DA:542,1
DA:544,1
DA:546,1
DA:553,1
DA:555,1
DA:556,1
DA:561,1
DA:562,1
DA:563,3
DA:568,0
DA:570,0
DA:571,0
DA:572,0
DA:585,0
DA:587,0
DA:589,0
DA:593,0
DA:594,0
DA:595,0
DA:598,0
DA:599,0
DA:600,0
DA:601,0
DA:605,0
DA:606,0
DA:607,0
DA:608,0
DA:610,0
DA:611,0
DA:619,1
DA:621,3
DA:624,2
DA:625,1
LF:222
LH:147
end_of_record
