SF:lib\models\lending_record.dart
DA:46,6
DA:59,3
DA:60,12
DA:62,12
DA:64,4
DA:72,4
DA:73,4
DA:80,4
DA:84,3
DA:96,3
DA:97,3
DA:98,3
DA:99,3
DA:100,3
DA:101,3
DA:102,3
DA:103,2
DA:104,3
DA:105,3
DA:106,3
DA:110,1
DA:111,1
DA:112,1
DA:113,1
DA:114,1
DA:115,1
DA:116,2
DA:117,2
DA:118,1
DA:119,2
DA:120,1
DA:121,5
DA:125,1
DA:126,1
DA:127,1
DA:128,1
DA:129,2
DA:130,1
DA:131,2
DA:132,2
DA:133,1
DA:135,3
DA:136,1
DA:137,1
DA:138,4
DA:139,1
DA:140,1
DA:159,2
DA:166,2
DA:171,2
DA:172,2
DA:179,1
DA:180,1
DA:181,1
DA:182,1
DA:183,2
DA:184,1
DA:188,1
DA:189,1
DA:190,1
DA:191,2
DA:192,2
DA:193,1
LF:63
LH:63
end_of_record
SF:lib\models\lending_record.g.dart
DA:13,0
DA:15,0
DA:16,0
DA:17,0
DA:19,0
DA:20,0
DA:21,0
DA:22,0
DA:23,0
DA:24,0
DA:25,0
DA:26,0
DA:27,0
DA:28,0
DA:29,0
DA:31,0
DA:35,0
DA:38,0
DA:39,0
DA:40,0
DA:41,0
DA:42,0
DA:43,0
DA:44,0
DA:45,0
DA:46,0
DA:47,0
DA:48,0
DA:49,0
DA:50,0
DA:51,0
DA:52,0
DA:53,0
DA:54,0
DA:55,0
DA:56,0
DA:57,0
DA:58,0
DA:61,0
DA:62,0
DA:64,0
DA:67,0
DA:68,0
DA:69,0
DA:76,0
DA:78,0
DA:79,0
DA:80,0
DA:82,0
DA:83,0
DA:84,0
DA:85,0
DA:86,0
DA:90,0
DA:93,0
DA:94,0
DA:95,0
DA:96,0
DA:97,0
DA:98,0
DA:99,0
DA:100,0
DA:101,0
DA:104,0
DA:105,0
DA:107,0
DA:110,0
DA:111,0
DA:112,0
DA:119,0
DA:121,0
DA:122,0
DA:124,0
DA:131,0
DA:134,0
DA:135,0
DA:136,0
DA:137,0
DA:141,0
DA:142,0
DA:144,0
DA:147,0
DA:148,0
DA:149,0
LF:84
LH:0
end_of_record
SF:lib\services\lending\lending_provider.dart
DA:6,2
DA:9,6
DA:12,6
DA:13,3
DA:15,6
DA:16,2
DA:19,2
DA:20,6
DA:21,2
DA:22,4
DA:25,2
DA:26,6
DA:27,2
DA:28,4
DA:31,2
DA:32,6
DA:33,2
DA:34,4
DA:38,4
DA:39,2
DA:41,8
DA:42,4
DA:44,10
DA:45,8
DA:48,8
DA:49,4
DA:51,10
DA:52,8
LF:28
LH:28
end_of_record
SF:lib\services\storage_service.dart
DA:23,8
DA:24,2
DA:25,8
DA:38,1
DA:40,1
DA:42,1
DA:43,1
DA:44,1
DA:45,1
DA:46,1
DA:47,1
DA:48,1
DA:49,1
DA:50,1
DA:51,1
DA:54,2
DA:55,1
DA:56,1
DA:57,1
DA:61,2
DA:62,1
DA:63,2
DA:64,1
DA:65,1
DA:66,2
DA:68,1
DA:69,2
DA:73,0
DA:74,0
DA:76,0
DA:77,0
DA:78,0
DA:86,1
DA:89,2
DA:90,1
DA:91,2
DA:93,0
DA:99,5
DA:100,10
DA:101,4
DA:104,2
DA:105,4
DA:106,2
DA:110,1
DA:111,2
DA:112,1
DA:115,1
DA:116,2
DA:117,1
DA:121,1
DA:122,2
DA:123,1
DA:126,1
DA:127,2
DA:128,1
DA:131,2
DA:132,2
DA:133,2
DA:134,2
DA:135,2
DA:136,2
DA:137,2
DA:140,0
DA:141,0
DA:144,2
DA:146,6
DA:149,2
DA:152,3
DA:156,2
DA:159,2
DA:162,2
DA:165,2
DA:168,2
DA:171,4
DA:172,1
DA:173,1
DA:174,0
DA:176,1
DA:181,5
DA:182,10
DA:183,16
DA:187,1
DA:188,2
DA:189,1
DA:192,1
DA:193,1
DA:198,1
DA:199,2
DA:200,2
DA:203,2
DA:205,4
DA:207,9
DA:209,2
DA:213,2
DA:215,3
DA:217,1
DA:219,1
DA:220,1
DA:226,2
DA:227,2
DA:229,14
DA:231,2
DA:232,6
DA:233,4
DA:234,1
DA:235,1
DA:236,2
DA:240,2
DA:244,0
DA:246,0
DA:247,0
DA:248,0
DA:249,0
DA:250,0
DA:251,0
DA:252,0
DA:255,2
DA:257,4
DA:258,4
DA:264,4
DA:265,2
DA:270,3
DA:275,2
DA:296,2
DA:301,4
DA:307,3
DA:309,3
DA:312,3
DA:314,6
DA:322,1
DA:326,2
DA:327,2
DA:328,2
DA:332,2
DA:335,6
DA:341,1
DA:344,1
DA:349,9
DA:351,0
DA:357,0
DA:358,0
DA:361,0
DA:366,0
DA:367,0
DA:370,0
DA:373,1
DA:374,2
DA:375,1
DA:376,1
DA:379,2
DA:380,4
DA:381,4
DA:385,2
DA:386,2
DA:387,6
DA:388,2
DA:389,6
DA:393,0
DA:394,0
DA:395,0
DA:396,0
DA:397,0
DA:398,0
DA:399,0
DA:402,0
DA:403,0
DA:404,0
DA:405,0
DA:411,5
DA:419,10
DA:421,20
DA:422,10
DA:423,0
DA:425,10
DA:426,0
DA:427,15
DA:428,10
DA:429,5
DA:432,10
DA:434,5
DA:440,10
DA:449,5
DA:450,5
DA:451,5
DA:455,5
DA:467,5
DA:471,5
DA:473,10
DA:478,5
DA:479,5
DA:480,5
DA:481,10
DA:482,5
DA:483,15
DA:484,10
DA:485,10
DA:486,0
DA:487,5
DA:490,10
DA:491,20
DA:492,10
DA:493,10
DA:495,0
DA:503,5
DA:504,5
DA:505,15
DA:506,10
DA:510,5
DA:511,5
DA:515,0
DA:521,0
DA:527,5
DA:529,10
DA:530,10
DA:534,5
DA:536,5
DA:543,10
DA:544,5
DA:547,5
DA:548,5
DA:550,10
DA:551,10
DA:554,10
DA:555,4
DA:556,6
DA:559,2
DA:566,4
DA:567,4
DA:569,6
DA:570,12
DA:579,1
DA:581,1
DA:582,1
DA:588,1
DA:590,2
DA:591,1
DA:592,2
DA:596,3
DA:597,6
DA:598,6
DA:604,0
DA:610,0
DA:615,0
DA:617,0
DA:618,0
DA:620,0
DA:622,0
DA:623,0
DA:629,0
DA:632,0
DA:633,0
DA:636,6
DA:641,12
DA:643,6
DA:644,6
DA:647,6
DA:648,12
DA:650,6
DA:652,12
DA:657,14
DA:658,4
DA:660,2
DA:662,4
DA:668,6
DA:671,6
DA:674,1
DA:675,2
DA:676,1
DA:680,1
DA:685,1
DA:687,5
DA:689,2
DA:690,2
DA:691,1
DA:692,0
DA:693,0
DA:694,0
DA:698,2
DA:701,6
DA:703,6
DA:706,16
DA:712,6
DA:715,2
DA:718,4
DA:719,4
DA:720,2
DA:731,1
DA:732,1
DA:733,2
DA:734,2
DA:735,2
DA:752,10
DA:753,2
DA:754,8
DA:756,4
DA:757,0
DA:761,2
DA:767,10
DA:768,12
DA:770,12
DA:774,5
DA:775,10
DA:776,5
DA:777,10
DA:780,1
DA:781,2
DA:782,1
DA:785,1
DA:786,2
DA:787,1
DA:790,2
DA:792,4
DA:793,2
DA:794,2
DA:797,2
DA:800,2
DA:801,4
DA:803,0
DA:807,0
DA:809,0
DA:810,0
DA:812,0
DA:813,0
DA:814,0
DA:815,0
DA:816,0
DA:817,0
DA:818,0
DA:819,0
DA:820,0
DA:821,0
DA:824,1
DA:826,2
DA:827,1
DA:829,1
DA:830,1
DA:831,1
DA:832,2
DA:833,2
DA:834,6
DA:835,2
DA:836,1
DA:837,1
DA:839,2
DA:840,1
DA:841,4
DA:845,2
DA:846,4
DA:847,2
DA:848,2
DA:856,2
DA:857,4
DA:858,2
DA:862,0
DA:863,0
DA:864,0
DA:868,2
DA:870,1
DA:871,6
DA:874,2
DA:875,4
DA:876,4
DA:879,2
DA:880,6
DA:884,0
DA:885,0
DA:887,2
DA:888,2
DA:889,2
DA:890,2
DA:891,2
DA:892,2
DA:893,2
DA:896,1
DA:897,2
DA:898,2
DA:901,1
DA:902,3
DA:905,1
DA:906,2
DA:907,1
DA:909,1
DA:910,2
DA:911,1
DA:913,1
DA:914,1
DA:915,1
DA:916,1
DA:917,1
DA:920,2
DA:925,0
DA:926,0
DA:928,0
DA:930,0
DA:931,0
DA:932,0
DA:933,0
DA:934,0
DA:941,1
DA:942,1
DA:943,1
DA:944,1
DA:945,1
DA:946,1
DA:947,1
DA:950,1
DA:951,2
DA:952,2
DA:955,1
DA:956,3
DA:959,0
DA:964,0
DA:965,0
DA:967,0
DA:968,0
DA:969,0
DA:970,0
DA:971,0
DA:975,2
DA:976,4
DA:978,2
DA:979,2
DA:980,2
DA:981,8
DA:982,2
DA:986,2
DA:987,2
DA:988,2
DA:989,8
DA:990,2
DA:992,4
DA:993,2
DA:994,2
DA:995,2
DA:996,2
DA:997,2
DA:998,2
DA:1001,4
DA:1006,0
DA:1007,0
DA:1009,0
DA:1010,0
DA:1013,0
DA:1014,0
DA:1015,0
DA:1017,0
DA:1018,0
DA:1019,0
DA:1022,0
DA:1023,0
DA:1024,0
DA:1027,0
DA:1028,0
DA:1031,0
DA:1034,0
DA:1038,1
DA:1039,1
DA:1040,2
DA:1041,2
DA:1044,1
DA:1045,1
DA:1046,2
DA:1047,1
DA:1049,1
DA:1050,2
DA:1054,1
DA:1055,1
DA:1056,2
DA:1057,2
DA:1060,1
DA:1061,1
DA:1062,2
DA:1063,1
DA:1065,1
DA:1066,2
DA:1070,1
DA:1071,2
DA:1072,1
DA:1075,1
DA:1076,2
DA:1077,1
DA:1081,2
DA:1082,4
DA:1083,4
DA:1084,5
DA:1087,1
DA:1088,2
DA:1089,1
DA:1090,4
DA:1091,1
DA:1092,0
DA:1093,0
DA:1094,0
DA:1095,1
DA:1096,1
DA:1097,1
DA:1101,0
DA:1102,0
DA:1103,0
DA:1104,0
DA:1105,0
DA:1106,0
DA:1107,0
DA:1110,1
DA:1111,2
DA:1112,1
DA:1113,1
DA:1115,2
DA:1116,2
DA:1121,1
DA:1124,1
DA:1126,2
DA:1127,1
DA:1128,2
DA:1134,0
DA:1135,0
DA:1136,0
DA:1137,0
DA:1138,0
DA:1143,0
DA:1144,0
DA:1145,0
DA:1148,0
DA:1149,0
DA:1150,0
DA:1153,0
DA:1154,0
DA:1155,0
DA:1158,0
DA:1159,0
DA:1160,0
DA:1163,0
DA:1164,0
DA:1165,0
DA:1169,1
DA:1170,2
DA:1171,1
DA:1174,1
DA:1175,2
DA:1176,1
DA:1179,1
DA:1180,2
DA:1181,1
DA:1184,1
DA:1185,2
DA:1186,1
DA:1189,0
DA:1190,0
DA:1191,0
DA:1194,0
DA:1195,0
DA:1196,0
DA:1200,1
DA:1201,2
DA:1202,1
DA:1205,1
DA:1206,2
DA:1207,1
DA:1211,0
DA:1212,0
DA:1213,0
DA:1216,0
DA:1217,0
DA:1218,0
DA:1219,0
DA:1220,0
DA:1221,0
DA:1222,0
DA:1223,0
DA:1224,0
DA:1225,0
DA:1226,0
DA:1227,0
DA:1228,0
DA:1229,0
DA:1230,0
DA:1231,0
DA:1235,0
DA:1243,0
DA:1244,0
DA:1245,0
DA:1246,0
DA:1250,2
DA:1251,8
DA:1254,0
DA:1255,0
DA:1258,2
DA:1259,4
DA:1260,2
DA:1261,3
DA:1262,2
DA:1266,1
DA:1267,1
DA:1270,2
DA:1272,1
DA:1273,1
DA:1274,1
DA:1275,4
DA:1276,1
DA:1277,2
DA:1278,2
DA:1282,2
DA:1284,1
DA:1285,1
DA:1286,1
DA:1287,1
DA:1288,1
DA:1289,1
DA:1290,0
DA:1294,2
DA:1296,1
DA:1297,1
DA:1298,1
DA:1299,1
DA:1300,1
DA:1301,1
DA:1302,0
DA:1306,2
DA:1308,1
DA:1309,1
DA:1310,1
DA:1311,1
DA:1312,1
DA:1313,1
DA:1314,0
DA:1318,2
DA:1320,1
DA:1321,1
DA:1322,1
DA:1323,1
DA:1324,1
DA:1325,1
DA:1326,0
DA:1330,1
DA:1333,1
DA:1334,2
DA:1335,2
DA:1337,1
DA:1338,2
DA:1339,1
DA:1340,1
DA:1343,2
DA:1345,3
DA:1346,1
DA:1351,3
DA:1352,1
DA:1358,1
DA:1359,1
DA:1369,1
DA:1370,4
DA:1373,0
DA:1375,0
DA:1376,0
DA:1377,0
DA:1378,0
DA:1379,0
DA:1380,0
DA:1383,0
DA:1384,0
DA:1386,0
DA:1387,0
DA:1389,0
DA:1390,0
DA:1391,0
DA:1393,0
DA:1394,0
DA:1397,0
DA:1398,0
DA:1403,0
DA:1404,0
DA:1405,0
DA:1409,0
DA:1412,0
DA:1413,0
DA:1414,0
DA:1415,0
DA:1420,0
DA:1427,2
DA:1429,4
DA:1430,2
DA:1433,2
DA:1434,4
DA:1435,4
DA:1438,0
DA:1439,0
DA:1442,0
DA:1443,0
DA:1444,0
DA:1448,1
DA:1449,1
DA:1452,1
DA:1453,2
DA:1455,3
DA:1456,0
DA:1458,2
DA:1461,1
DA:1462,2
DA:1463,1
LF:698
LH:491
end_of_record
SF:lib\providers.dart
DA:34,8
DA:35,4
DA:37,3
DA:38,0
DA:41,2
DA:42,2
DA:43,2
DA:47,1
DA:52,0
DA:55,0
DA:56,0
DA:60,3
DA:63,0
DA:64,0
DA:65,0
DA:66,0
DA:70,0
DA:72,0
DA:75,4
DA:82,0
DA:84,0
DA:87,2
DA:88,1
DA:91,1
DA:93,3
DA:94,1
DA:97,1
DA:98,3
DA:100,5
DA:104,8
DA:105,4
DA:110,107
DA:111,2
DA:114,62
DA:117,4
DA:125,0
DA:126,0
DA:127,0
DA:128,0
DA:130,0
DA:132,0
DA:133,0
DA:135,0
DA:136,0
DA:137,0
DA:138,0
DA:140,0
DA:141,0
DA:142,0
DA:144,0
DA:145,0
DA:147,0
DA:148,0
DA:149,0
DA:150,0
DA:152,0
DA:154,0
DA:155,0
DA:157,0
DA:158,0
DA:159,0
DA:160,0
DA:162,0
DA:163,0
DA:165,0
DA:166,0
DA:167,0
DA:169,0
DA:170,0
DA:172,0
DA:173,0
DA:175,0
DA:176,0
DA:177,0
DA:178,0
DA:180,0
DA:181,0
DA:183,0
DA:184,0
DA:186,0
DA:187,0
DA:189,0
DA:190,0
DA:192,0
DA:193,0
DA:195,0
DA:199,0
DA:201,0
DA:202,0
DA:205,0
DA:206,0
DA:209,0
DA:211,0
DA:216,22
DA:217,1
DA:219,21
DA:220,0
DA:221,0
DA:225,3
DA:227,0
DA:230,18
DA:233,22
DA:236,2
DA:238,1
DA:239,1
DA:240,2
DA:241,2
DA:245,0
DA:248,1
DA:252,1
DA:253,0
DA:257,7
DA:258,1
DA:261,18
DA:263,0
DA:271,0
DA:273,0
DA:278,0
DA:282,0
DA:287,0
DA:289,0
DA:297,0
DA:300,0
DA:303,0
DA:306,0
DA:307,0
DA:308,0
DA:313,0
DA:316,0
DA:317,0
DA:320,0
DA:328,0
DA:329,0
DA:330,0
DA:332,0
DA:335,0
DA:339,0
DA:343,0
DA:344,0
DA:352,5
DA:355,15
DA:357,5
DA:358,0
DA:359,5
DA:360,15
DA:361,5
DA:362,12
DA:363,4
DA:368,1
DA:369,3
DA:370,1
DA:371,1
DA:376,20
DA:377,15
DA:378,8
DA:379,0
DA:382,0
DA:383,0
DA:384,0
DA:387,24
DA:388,12
DA:390,13
DA:391,2
DA:393,1
DA:396,10
DA:397,2
DA:398,4
DA:399,1
DA:400,1
DA:401,1
DA:406,56
DA:408,6
DA:409,2
DA:410,0
DA:413,0
DA:415,0
DA:418,0
DA:422,0
DA:423,0
DA:424,0
DA:425,0
DA:426,0
DA:429,48
DA:431,0
DA:432,0
DA:433,0
DA:435,0
DA:438,0
DA:442,0
DA:443,0
DA:444,0
DA:445,0
DA:446,0
DA:449,45
DA:450,0
DA:451,0
DA:452,0
DA:454,0
DA:455,0
DA:458,14
DA:459,7
DA:460,0
DA:461,0
DA:462,0
DA:464,0
DA:465,0
DA:471,7
DA:473,21
DA:474,7
DA:476,15
DA:477,5
DA:480,2
DA:481,2
DA:482,6
DA:483,2
DA:487,52
DA:488,26
DA:491,2
DA:494,6
DA:496,2
DA:497,0
DA:498,2
DA:500,6
DA:501,2
DA:502,3
DA:503,1
DA:508,0
DA:509,0
DA:510,0
DA:511,0
DA:516,8
DA:518,6
DA:520,4
DA:523,0
DA:528,0
DA:529,0
DA:532,12
DA:533,6
DA:536,4
DA:538,12
DA:539,4
DA:541,9
DA:542,3
DA:545,2
DA:546,2
DA:547,6
DA:548,2
DA:552,12
DA:553,6
DA:556,3
DA:559,9
DA:560,9
DA:561,6
DA:563,3
DA:564,1
DA:567,0
DA:568,0
DA:569,0
DA:572,0
DA:573,0
DA:574,0
DA:575,0
DA:578,0
DA:579,0
DA:580,0
DA:581,0
DA:584,0
DA:589,0
DA:590,0
DA:595,0
DA:599,33
DA:605,1
DA:607,3
DA:608,1
DA:610,3
DA:611,1
DA:614,1
DA:615,3
DA:616,1
DA:617,1
DA:621,8
DA:622,4
DA:625,0
DA:627,0
DA:628,0
DA:630,0
DA:631,0
DA:634,0
DA:635,0
DA:636,0
DA:639,0
DA:640,0
DA:641,0
DA:642,0
DA:646,8
DA:647,4
DA:650,3
DA:652,9
DA:653,5
DA:655,6
DA:656,2
DA:659,1
DA:660,3
DA:661,1
DA:662,2
DA:665,1
DA:666,3
DA:667,1
DA:668,2
DA:672,16
DA:673,8
DA:676,9
DA:678,0
DA:681,22
DA:682,11
DA:685,2
DA:687,0
DA:688,0
DA:691,8
DA:692,4
DA:694,10
DA:695,2
DA:696,1
DA:697,2
DA:698,1
LF:325
LH:153
end_of_record
SF:lib\firebase_options.dart
DA:12,0
DA:16,0
DA:17,0
DA:19,0
DA:20,0
DA:24,0
DA:25,0
DA:29,0
DA:31,0
DA:32,0
DA:37,0
LF:11
LH:0
end_of_record
SF:lib\firebase_options_debug.dart
DA:12,1
DA:14,0
DA:19,1
DA:20,1
DA:21,1
DA:25,0
DA:26,0
DA:30,0
DA:31,0
DA:35,0
DA:36,0
DA:40,0
DA:41,0
DA:46,0
LF:14
LH:4
end_of_record
SF:lib\models\account.g.dart
DA:13,0
DA:15,0
DA:16,0
DA:17,0
DA:19,0
DA:20,0
DA:21,0
DA:22,0
DA:23,0
DA:24,0
DA:25,0
DA:26,0
DA:27,0
DA:28,0
DA:32,0
DA:35,0
DA:36,0
DA:37,0
DA:38,0
DA:39,0
DA:40,0
DA:41,0
DA:42,0
DA:43,0
DA:44,0
DA:45,0
DA:46,0
DA:47,0
DA:48,0
DA:49,0
DA:50,0
DA:51,0
DA:52,0
DA:53,0
DA:56,0
DA:57,0
DA:59,0
DA:62,0
DA:63,0
DA:64,0
DA:71,0
DA:73,0
DA:74,0
DA:76,0
DA:78,0
DA:85,0
DA:88,0
DA:89,0
DA:90,0
DA:91,0
DA:92,0
DA:93,0
DA:97,0
DA:98,0
DA:100,0
DA:103,0
DA:104,0
DA:105,0
LF:58
LH:0
end_of_record
SF:lib\models\account.dart
DA:48,28
DA:60,3
DA:70,3
DA:71,3
DA:83,1
DA:84,1
DA:91,2
DA:92,6
DA:93,2
DA:100,6
DA:103,2
DA:104,2
DA:105,2
DA:106,2
DA:107,2
DA:108,4
DA:109,2
DA:110,2
DA:111,2
DA:112,2
DA:113,2
DA:117,2
DA:118,4
DA:119,4
DA:121,2
DA:122,0
DA:126,2
DA:127,2
DA:128,2
DA:130,4
DA:131,2
DA:132,2
DA:133,2
DA:135,2
LF:34
LH:33
end_of_record
SF:lib\utils\currency_utils.dart
DA:4,17
DA:7,17
DA:9,13
DA:11,6
DA:13,6
DA:19,1
DA:21,17
DA:24,6
DA:28,17
DA:29,17
DA:30,14
DA:31,6
DA:32,6
DA:33,12
DA:36,15
DA:37,30
DA:38,15
DA:39,15
DA:40,15
DA:42,28
DA:44,6
DA:46,5
DA:47,6
DA:49,20
DA:50,5
DA:52,25
DA:56,13
DA:57,5
DA:58,13
DA:59,10
DA:60,13
DA:61,45
DA:66,20
DA:69,14
DA:70,28
DA:71,42
DA:74,2
DA:75,4
LF:38
LH:38
end_of_record
SF:lib\models\transaction.g.dart
DA:13,0
DA:15,0
DA:16,0
DA:17,0
DA:19,0
DA:20,0
DA:21,0
DA:22,0
DA:23,0
DA:24,0
DA:25,0
DA:26,0
DA:27,0
DA:28,0
DA:29,0
DA:30,0
DA:31,0
DA:32,0
DA:33,0
DA:37,0
DA:40,0
DA:41,0
DA:42,0
DA:43,0
DA:44,0
DA:45,0
DA:46,0
DA:47,0
DA:48,0
DA:49,0
DA:50,0
DA:51,0
DA:52,0
DA:53,0
DA:54,0
DA:55,0
DA:56,0
DA:57,0
DA:58,0
DA:59,0
DA:60,0
DA:61,0
DA:62,0
DA:63,0
DA:64,0
DA:65,0
DA:66,0
DA:67,0
DA:68,0
DA:71,0
DA:72,0
DA:74,0
DA:77,0
DA:78,0
DA:79,0
DA:86,0
DA:88,0
DA:89,0
DA:91,0
DA:93,0
DA:100,0
DA:103,0
DA:104,0
DA:105,0
DA:106,0
DA:107,0
DA:108,0
DA:112,0
DA:113,0
DA:115,0
DA:118,0
DA:119,0
DA:120,0
LF:73
LH:0
end_of_record
SF:lib\models\transaction.dart
DA:60,32
DA:77,16
DA:91,16
DA:92,16
DA:109,3
DA:125,3
DA:126,3
DA:127,2
DA:128,3
DA:129,3
DA:130,3
DA:131,3
DA:132,3
DA:133,3
DA:134,3
DA:135,3
DA:136,2
DA:137,3
DA:138,3
DA:139,3
DA:143,1
DA:144,1
DA:145,1
DA:146,1
DA:147,1
DA:148,2
DA:149,2
DA:150,1
DA:151,1
DA:152,1
DA:153,1
DA:154,1
DA:155,1
DA:156,1
DA:157,1
DA:158,1
DA:162,2
DA:163,4
DA:164,4
DA:166,2
DA:167,0
DA:171,2
DA:172,2
DA:173,2
DA:175,4
DA:176,4
DA:177,2
DA:178,2
DA:179,2
DA:180,2
DA:181,2
DA:182,2
DA:183,2
DA:185,2
LF:54
LH:53
end_of_record
SF:lib\models\category.g.dart
DA:13,0
DA:15,0
DA:16,0
DA:17,0
DA:19,0
DA:20,0
DA:21,0
DA:22,0
DA:23,0
DA:24,0
DA:25,0
DA:29,0
DA:32,0
DA:33,0
DA:34,0
DA:35,0
DA:36,0
DA:37,0
DA:38,0
DA:39,0
DA:40,0
DA:41,0
DA:42,0
DA:43,0
DA:44,0
DA:47,0
DA:48,0
DA:50,0
DA:53,0
DA:54,0
DA:55,0
DA:62,0
DA:64,0
DA:65,0
DA:67,0
DA:69,0
DA:76,0
DA:79,0
DA:80,0
DA:81,0
DA:82,0
DA:83,0
DA:84,0
DA:88,0
DA:89,0
DA:91,0
DA:94,0
DA:95,0
DA:96,0
DA:103,0
DA:105,0
DA:106,0
DA:108,0
DA:110,0
DA:112,0
DA:114,0
DA:121,0
DA:124,0
DA:125,0
DA:126,0
DA:127,0
DA:128,0
DA:129,0
DA:130,0
DA:131,0
DA:132,0
DA:133,0
DA:137,0
DA:138,0
DA:140,0
DA:143,0
DA:144,0
DA:145,0
LF:73
LH:0
end_of_record
SF:lib\models\category.dart
DA:50,19
DA:59,3
DA:66,3
DA:67,3
DA:76,1
DA:77,1
DA:78,1
DA:79,1
DA:80,2
DA:81,2
DA:82,1
DA:83,1
DA:87,1
DA:88,1
DA:89,1
DA:90,1
DA:91,2
DA:92,2
DA:93,1
DA:94,1
LF:20
LH:20
end_of_record
SF:lib\models\dashboard_config.dart
DA:5,4
DA:10,1
DA:14,1
DA:15,0
DA:16,1
DA:20,2
DA:21,2
DA:22,2
DA:23,2
DA:27,2
DA:28,2
DA:29,2
DA:30,2
LF:13
LH:12
end_of_record
SF:lib\models\loan.g.dart
DA:13,0
DA:15,0
DA:16,0
DA:17,0
DA:19,0
DA:20,0
DA:21,0
DA:22,0
DA:23,0
DA:24,0
DA:25,0
DA:26,0
DA:30,0
DA:33,0
DA:34,0
DA:35,0
DA:36,0
DA:37,0
DA:38,0
DA:39,0
DA:40,0
DA:41,0
DA:42,0
DA:43,0
DA:44,0
DA:45,0
DA:46,0
DA:47,0
DA:50,0
DA:51,0
DA:53,0
DA:56,0
DA:57,0
DA:58,0
DA:65,0
DA:67,0
DA:68,0
DA:69,0
DA:71,0
DA:72,0
DA:73,0
DA:74,0
DA:75,0
DA:76,0
DA:77,0
DA:78,0
DA:79,0
DA:80,0
DA:81,0
DA:83,0
DA:84,0
DA:85,0
DA:86,0
DA:87,0
DA:91,0
DA:94,0
DA:95,0
DA:96,0
DA:97,0
DA:98,0
DA:99,0
DA:100,0
DA:101,0
DA:102,0
DA:103,0
DA:104,0
DA:105,0
DA:106,0
DA:107,0
DA:108,0
DA:109,0
DA:110,0
DA:111,0
DA:112,0
DA:113,0
DA:114,0
DA:115,0
DA:116,0
DA:117,0
DA:118,0
DA:119,0
DA:120,0
DA:121,0
DA:122,0
DA:125,0
DA:126,0
DA:128,0
DA:131,0
DA:132,0
DA:133,0
DA:140,0
DA:142,0
DA:143,0
DA:145,0
DA:147,0
DA:149,0
DA:156,0
DA:159,0
DA:160,0
DA:161,0
DA:162,0
DA:163,0
DA:164,0
DA:165,0
DA:166,0
DA:170,0
DA:171,0
DA:173,0
DA:176,0
DA:177,0
DA:178,0
DA:185,0
DA:187,0
DA:188,0
DA:190,0
DA:192,0
DA:194,0
DA:196,0
DA:198,0
DA:200,0
DA:207,0
DA:210,0
DA:211,0
DA:212,0
DA:213,0
DA:214,0
DA:215,0
DA:216,0
DA:217,0
DA:218,0
DA:219,0
DA:220,0
DA:221,0
DA:222,0
DA:223,0
DA:227,0
DA:228,0
DA:230,0
DA:233,0
DA:234,0
DA:235,0
LF:141
LH:0
end_of_record
SF:lib\models\loan.dart
DA:41,13
DA:51,1
DA:52,1
DA:53,1
DA:54,2
DA:55,1
DA:56,2
DA:57,1
DA:58,1
DA:59,1
DA:63,1
DA:64,1
DA:65,1
DA:66,2
DA:67,2
DA:68,2
DA:69,2
DA:70,2
DA:71,2
DA:138,25
DA:155,10
DA:168,10
DA:169,10
DA:178,10
DA:186,1
DA:187,1
DA:188,1
DA:189,1
DA:190,1
DA:191,1
DA:192,1
DA:193,1
DA:194,2
DA:195,1
DA:196,1
DA:197,3
DA:198,2
DA:199,1
DA:200,2
DA:201,1
DA:205,1
DA:206,1
DA:207,1
DA:208,1
DA:209,2
DA:210,2
DA:211,2
DA:212,1
DA:213,2
DA:214,2
DA:215,1
DA:216,1
DA:217,1
DA:218,0
DA:219,1
DA:220,0
DA:221,2
DA:222,1
DA:223,2
DA:224,1
LF:60
LH:58
end_of_record
SF:lib\models\profile.dart
DA:21,15
DA:28,1
DA:32,1
DA:33,1
DA:40,2
DA:41,2
DA:42,2
DA:43,2
DA:44,2
DA:45,2
DA:49,2
DA:50,2
DA:51,2
DA:52,2
DA:53,2
DA:54,4
LF:16
LH:16
end_of_record
SF:lib\models\profile.g.dart
DA:13,0
DA:15,0
DA:16,0
DA:17,0
DA:19,0
DA:20,0
DA:21,0
DA:22,0
DA:23,0
DA:27,0
DA:30,0
DA:31,0
DA:32,0
DA:33,0
DA:34,0
DA:35,0
DA:36,0
DA:37,0
DA:38,0
DA:41,0
DA:42,0
DA:44,0
DA:47,0
DA:48,0
DA:49,0
LF:25
LH:0
end_of_record
SF:lib\models\recurring_transaction.g.dart
DA:13,0
DA:15,0
DA:16,0
DA:17,0
DA:19,0
DA:20,0
DA:21,0
DA:22,0
DA:23,0
DA:24,0
DA:25,0
DA:26,0
DA:27,0
DA:28,0
DA:29,0
DA:30,0
DA:31,0
DA:33,0
DA:34,0
DA:35,0
DA:36,0
DA:37,0
DA:39,0
DA:43,0
DA:46,0
DA:47,0
DA:48,0
DA:49,0
DA:50,0
DA:51,0
DA:52,0
DA:53,0
DA:54,0
DA:55,0
DA:56,0
DA:57,0
DA:58,0
DA:59,0
DA:60,0
DA:61,0
DA:62,0
DA:63,0
DA:64,0
DA:65,0
DA:66,0
DA:67,0
DA:68,0
DA:69,0
DA:70,0
DA:71,0
DA:72,0
DA:73,0
DA:74,0
DA:75,0
DA:76,0
DA:77,0
DA:78,0
DA:81,0
DA:82,0
DA:84,0
DA:87,0
DA:88,0
DA:89,0
DA:96,0
DA:98,0
DA:99,0
DA:101,0
DA:103,0
DA:105,0
DA:112,0
DA:115,0
DA:116,0
DA:117,0
DA:118,0
DA:119,0
DA:120,0
DA:121,0
DA:122,0
DA:126,0
DA:127,0
DA:129,0
DA:132,0
DA:133,0
DA:134,0
DA:141,0
DA:143,0
DA:144,0
DA:146,0
DA:148,0
DA:150,0
DA:152,0
DA:154,0
DA:156,0
DA:163,0
DA:166,0
DA:167,0
DA:168,0
DA:169,0
DA:170,0
DA:171,0
DA:172,0
DA:173,0
DA:174,0
DA:175,0
DA:176,0
DA:177,0
DA:178,0
DA:179,0
DA:183,0
DA:184,0
DA:186,0
DA:189,0
DA:190,0
DA:191,0
LF:114
LH:0
end_of_record
SF:lib\models\recurring_transaction.dart
DA:87,11
DA:106,2
DA:122,2
DA:123,2
DA:142,1
DA:146,2
DA:147,3
DA:148,2
DA:149,4
DA:150,2
DA:151,6
DA:152,2
DA:153,6
DA:157,2
DA:158,4
DA:159,2
DA:160,1
DA:162,3
DA:163,1
DA:170,1
DA:171,1
DA:172,1
DA:173,1
DA:174,1
DA:175,1
DA:176,1
DA:177,2
DA:178,1
DA:179,1
DA:180,1
DA:181,2
DA:182,1
DA:183,2
DA:184,1
DA:185,1
DA:186,1
DA:187,2
DA:191,1
DA:192,1
DA:193,1
DA:194,1
DA:195,2
DA:196,1
DA:197,1
DA:198,2
DA:199,1
DA:200,1
DA:201,1
DA:202,2
DA:203,1
DA:204,2
DA:205,1
DA:206,1
DA:207,1
DA:209,2
LF:55
LH:55
end_of_record
SF:lib\models\taxes\insurance_policy.g.dart
DA:13,0
DA:15,0
DA:16,0
DA:17,0
DA:19,0
DA:20,0
DA:21,0
DA:22,0
DA:23,0
DA:24,0
DA:25,0
DA:26,0
DA:27,0
DA:28,0
DA:29,0
DA:33,0
DA:36,0
DA:37,0
DA:38,0
DA:39,0
DA:40,0
DA:41,0
DA:42,0
DA:43,0
DA:44,0
DA:45,0
DA:46,0
DA:47,0
DA:48,0
DA:49,0
DA:50,0
DA:51,0
DA:52,0
DA:53,0
DA:54,0
DA:55,0
DA:56,0
DA:59,0
DA:60,0
DA:62,0
DA:65,0
DA:66,0
DA:67,0
LF:43
LH:0
end_of_record
SF:lib\models\taxes\insurance_policy.dart
DA:8,1
DA:19,1
DA:20,1
DA:21,1
DA:22,1
DA:23,0
DA:24,1
DA:25,1
DA:26,1
DA:27,1
DA:28,1
DA:29,1
DA:63,6
DA:76,4
DA:77,2
DA:78,2
DA:79,2
DA:80,2
DA:81,2
DA:82,4
DA:83,4
DA:84,2
DA:85,2
DA:86,2
DA:89,4
DA:90,2
DA:91,2
DA:92,2
DA:93,4
DA:94,4
DA:95,4
DA:96,4
DA:97,2
DA:98,2
DA:99,2
DA:102,1
DA:112,1
DA:113,1
LF:38
LH:37
end_of_record
SF:lib\models\taxes\tax_data.g.dart
DA:13,0
DA:15,0
DA:16,0
DA:17,0
DA:19,0
DA:20,0
DA:21,0
DA:23,0
DA:24,0
DA:26,0
DA:27,0
DA:29,0
DA:30,0
DA:32,0
DA:33,0
DA:35,0
DA:36,0
DA:38,0
DA:39,0
DA:41,0
DA:42,0
DA:43,0
DA:44,0
DA:46,0
DA:47,0
DA:49,0
DA:50,0
DA:52,0
DA:56,0
DA:59,0
DA:60,0
DA:61,0
DA:62,0
DA:63,0
DA:64,0
DA:65,0
DA:66,0
DA:67,0
DA:68,0
DA:69,0
DA:70,0
DA:71,0
DA:72,0
DA:73,0
DA:74,0
DA:75,0
DA:76,0
DA:77,0
DA:78,0
DA:79,0
DA:80,0
DA:81,0
DA:82,0
DA:83,0
DA:84,0
DA:85,0
DA:86,0
DA:87,0
DA:90,0
DA:91,0
DA:93,0
DA:96,0
DA:97,0
DA:98,0
LF:64
LH:0
end_of_record
SF:lib\models\taxes\tax_data.dart
DA:42,5
DA:60,0
DA:61,0
DA:62,0
DA:63,0
DA:64,0
DA:65,0
DA:66,0
DA:67,0
DA:68,0
DA:75,0
DA:76,0
DA:78,0
DA:80,0
DA:81,0
DA:82,0
DA:84,0
DA:85,0
DA:86,0
DA:88,0
DA:89,0
DA:90,0
DA:92,0
DA:93,0
DA:94,0
DA:95,0
DA:98,6
DA:99,6
DA:101,2
DA:117,2
DA:118,2
DA:119,2
DA:120,1
DA:121,1
DA:122,1
DA:123,1
DA:124,1
DA:125,1
DA:126,1
DA:127,2
DA:128,2
DA:129,2
DA:130,2
DA:131,2
DA:135,4
DA:136,2
DA:137,4
DA:138,8
DA:139,8
DA:140,8
DA:141,8
DA:142,4
DA:143,6
DA:144,2
DA:145,2
DA:146,8
DA:147,6
DA:148,2
DA:149,2
DA:152,4
DA:153,2
DA:155,6
DA:156,2
DA:157,2
DA:158,3
DA:159,2
DA:160,0
DA:161,2
DA:162,2
DA:163,3
DA:164,2
DA:165,0
DA:166,2
DA:167,3
DA:168,2
DA:169,2
DA:170,0
DA:171,2
DA:172,5
DA:173,2
DA:174,0
DA:175,2
DA:176,4
DA:177,2
DA:178,2
DA:179,2
DA:180,0
DA:181,4
DA:182,4
DA:183,2
DA:184,3
DA:185,2
DA:186,2
DA:187,0
DA:188,2
DA:189,2
DA:190,0
DA:191,2
DA:192,0
DA:193,2
DA:194,0
DA:196,4
LF:102
LH:68
end_of_record
SF:lib\models\taxes\tax_data_models.g.dart
DA:13,0
DA:15,0
DA:16,0
DA:17,0
DA:19,0
DA:20,0
DA:21,0
DA:22,0
DA:23,0
DA:25,0
DA:26,0
DA:27,0
DA:29,0
DA:31,0
DA:32,0
DA:34,0
DA:35,0
DA:37,0
DA:38,0
DA:40,0
DA:44,0
DA:47,0
DA:48,0
DA:49,0
DA:50,0
DA:51,0
DA:52,0
DA:53,0
DA:54,0
DA:55,0
DA:56,0
DA:57,0
DA:58,0
DA:59,0
DA:60,0
DA:61,0
DA:62,0
DA:63,0
DA:64,0
DA:65,0
DA:66,0
DA:67,0
DA:68,0
DA:69,0
DA:72,0
DA:73,0
DA:75,0
DA:78,0
DA:79,0
DA:80,0
DA:87,0
DA:89,0
DA:90,0
DA:91,0
DA:93,0
DA:94,0
DA:95,0
DA:96,0
DA:97,0
DA:98,0
DA:99,0
DA:103,0
DA:106,0
DA:107,0
DA:108,0
DA:109,0
DA:110,0
DA:111,0
DA:112,0
DA:113,0
DA:114,0
DA:115,0
DA:116,0
DA:117,0
DA:118,0
DA:121,0
DA:122,0
DA:124,0
DA:127,0
DA:128,0
DA:129,0
DA:136,0
DA:138,0
DA:139,0
DA:140,0
DA:142,0
DA:143,0
DA:145,0
DA:146,0
DA:147,0
DA:148,0
DA:152,0
DA:155,0
DA:156,0
DA:157,0
DA:158,0
DA:159,0
DA:160,0
DA:161,0
DA:162,0
DA:163,0
DA:164,0
DA:165,0
DA:168,0
DA:169,0
DA:171,0
DA:174,0
DA:175,0
DA:176,0
DA:183,0
DA:185,0
DA:186,0
DA:187,0
DA:189,0
DA:190,0
DA:192,0
DA:193,0
DA:194,0
DA:195,0
DA:196,0
DA:197,0
DA:198,0
DA:200,0
DA:201,0
DA:202,0
DA:206,0
DA:209,0
DA:210,0
DA:211,0
DA:212,0
DA:213,0
DA:214,0
DA:215,0
DA:216,0
DA:217,0
DA:218,0
DA:219,0
DA:220,0
DA:221,0
DA:222,0
DA:223,0
DA:224,0
DA:225,0
DA:226,0
DA:227,0
DA:228,0
DA:229,0
DA:232,0
DA:233,0
DA:235,0
DA:238,0
DA:239,0
DA:240,0
DA:247,0
DA:249,0
DA:250,0
DA:251,0
DA:253,0
DA:254,0
DA:255,0
DA:256,0
DA:257,0
DA:258,0
DA:262,0
DA:265,0
DA:266,0
DA:267,0
DA:268,0
DA:269,0
DA:270,0
DA:271,0
DA:272,0
DA:273,0
DA:274,0
DA:275,0
DA:278,0
DA:279,0
DA:281,0
DA:284,0
DA:285,0
DA:286,0
DA:293,0
DA:295,0
DA:296,0
DA:297,0
DA:299,0
DA:300,0
DA:301,0
DA:302,0
DA:304,0
DA:306,0
DA:307,0
DA:308,0
DA:310,0
DA:311,0
DA:313,0
DA:314,0
DA:315,0
DA:316,0
DA:318,0
DA:320,0
DA:321,0
DA:322,0
DA:323,0
DA:325,0
DA:326,0
DA:327,0
DA:329,0
DA:331,0
DA:332,0
DA:333,0
DA:337,0
DA:340,0
DA:341,0
DA:342,0
DA:343,0
DA:344,0
DA:345,0
DA:346,0
DA:347,0
DA:348,0
DA:349,0
DA:350,0
DA:351,0
DA:352,0
DA:353,0
DA:354,0
DA:355,0
DA:356,0
DA:357,0
DA:358,0
DA:359,0
DA:360,0
DA:361,0
DA:362,0
DA:363,0
DA:364,0
DA:365,0
DA:366,0
DA:367,0
DA:368,0
DA:369,0
DA:370,0
DA:371,0
DA:372,0
DA:373,0
DA:374,0
DA:375,0
DA:376,0
DA:377,0
DA:378,0
DA:379,0
DA:380,0
DA:383,0
DA:384,0
DA:386,0
DA:389,0
DA:390,0
DA:391,0
DA:398,0
DA:400,0
DA:401,0
DA:402,0
DA:404,0
DA:405,0
DA:406,0
DA:407,0
DA:408,0
DA:410,0
DA:411,0
DA:412,0
DA:413,0
DA:415,0
DA:419,0
DA:422,0
DA:423,0
DA:424,0
DA:425,0
DA:426,0
DA:427,0
DA:428,0
DA:429,0
DA:430,0
DA:431,0
DA:432,0
DA:433,0
DA:434,0
DA:435,0
DA:436,0
DA:437,0
DA:438,0
DA:441,0
DA:442,0
DA:444,0
DA:447,0
DA:448,0
DA:449,0
DA:456,0
DA:458,0
DA:459,0
DA:460,0
DA:462,0
DA:463,0
DA:464,0
DA:465,0
DA:466,0
DA:468,0
DA:469,0
DA:470,0
DA:472,0
DA:476,0
DA:479,0
DA:480,0
DA:481,0
DA:482,0
DA:483,0
DA:484,0
DA:485,0
DA:486,0
DA:487,0
DA:488,0
DA:489,0
DA:490,0
DA:491,0
DA:492,0
DA:493,0
DA:496,0
DA:497,0
DA:499,0
DA:502,0
DA:503,0
DA:504,0
DA:511,0
DA:513,0
DA:514,0
DA:515,0
DA:517,0
DA:518,0
DA:519,0
DA:520,0
DA:521,0
DA:522,0
DA:526,0
DA:529,0
DA:530,0
DA:531,0
DA:532,0
DA:533,0
DA:534,0
DA:535,0
DA:536,0
DA:537,0
DA:538,0
DA:539,0
DA:542,0
DA:543,0
DA:545,0
DA:548,0
DA:549,0
DA:550,0
DA:557,0
DA:559,0
DA:560,0
DA:561,0
DA:563,0
DA:564,0
DA:565,0
DA:566,0
DA:567,0
DA:571,0
DA:574,0
DA:575,0
DA:576,0
DA:577,0
DA:578,0
DA:579,0
DA:580,0
DA:581,0
DA:582,0
DA:585,0
DA:586,0
DA:588,0
DA:591,0
DA:592,0
DA:593,0
DA:600,0
DA:602,0
DA:603,0
DA:604,0
DA:606,0
DA:607,0
DA:608,0
DA:612,0
DA:615,0
DA:616,0
DA:617,0
DA:618,0
DA:619,0
DA:622,0
DA:623,0
DA:625,0
DA:628,0
DA:629,0
DA:630,0
DA:637,0
DA:639,0
DA:640,0
DA:642,0
DA:644,0
DA:651,0
DA:654,0
DA:655,0
DA:656,0
DA:657,0
DA:658,0
DA:659,0
DA:663,0
DA:664,0
DA:666,0
DA:669,0
DA:670,0
DA:671,0
DA:678,0
DA:680,0
DA:681,0
DA:683,0
DA:685,0
DA:687,0
DA:694,0
DA:697,0
DA:698,0
DA:699,0
DA:700,0
DA:701,0
DA:702,0
DA:703,0
DA:704,0
DA:708,0
DA:709,0
DA:711,0
DA:714,0
DA:715,0
DA:716,0
DA:723,0
DA:725,0
DA:726,0
DA:728,0
DA:730,0
DA:732,0
DA:739,0
DA:742,0
DA:743,0
DA:744,0
DA:745,0
DA:746,0
DA:747,0
DA:748,0
DA:749,0
DA:753,0
DA:754,0
DA:756,0
DA:759,0
DA:760,0
DA:761,0
DA:768,0
DA:770,0
DA:771,0
DA:773,0
DA:775,0
DA:777,0
DA:779,0
DA:781,0
DA:788,0
DA:791,0
DA:792,0
DA:793,0
DA:794,0
DA:795,0
DA:796,0
DA:797,0
DA:798,0
DA:799,0
DA:800,0
DA:801,0
DA:802,0
DA:806,0
DA:807,0
DA:809,0
DA:812,0
DA:813,0
DA:814,0
LF:491
LH:0
end_of_record
SF:lib\models\taxes\tax_data_models.dart
DA:38,5
DA:52,1
DA:65,1
DA:66,0
DA:67,1
DA:68,1
DA:69,1
DA:70,1
DA:71,1
DA:72,1
DA:73,1
DA:75,1
DA:77,1
DA:79,1
DA:83,4
DA:84,2
DA:85,2
DA:86,2
DA:87,2
DA:88,4
DA:89,2
DA:90,6
DA:92,4
DA:94,6
DA:96,6
DA:98,6
DA:101,4
DA:102,4
DA:103,4
DA:104,4
DA:105,4
DA:106,4
DA:107,0
DA:108,0
DA:109,4
DA:110,2
DA:111,2
DA:112,0
DA:113,2
DA:114,0
DA:115,4
DA:116,0
DA:117,0
DA:118,2
DA:119,2
DA:120,0
DA:121,2
DA:122,0
DA:123,2
DA:124,2
DA:125,0
DA:126,2
DA:127,0
DA:128,2
DA:129,2
DA:130,0
DA:131,2
DA:132,0
DA:151,3
DA:160,4
DA:161,2
DA:162,2
DA:163,2
DA:164,2
DA:165,2
DA:166,2
DA:169,4
DA:170,2
DA:171,2
DA:172,4
DA:173,4
DA:174,4
DA:175,2
DA:190,1
DA:192,1
DA:194,1
DA:196,0
DA:215,3
DA:223,4
DA:224,2
DA:225,4
DA:226,2
DA:227,2
DA:228,2
DA:231,4
DA:232,2
DA:233,4
DA:234,4
DA:235,4
DA:236,4
DA:253,1
DA:255,1
DA:257,1
DA:259,0
DA:261,0
DA:280,1
DA:282,1
DA:284,1
DA:286,1
DA:288,1
DA:321,12
DA:323,4
DA:336,4
DA:337,2
DA:338,4
DA:339,2
DA:340,2
DA:341,2
DA:342,4
DA:343,2
DA:344,4
DA:345,2
DA:346,2
DA:349,4
DA:350,2
DA:351,4
DA:352,2
DA:353,4
DA:354,4
DA:355,4
DA:356,4
DA:357,4
DA:358,2
DA:359,0
DA:361,2
DA:378,3
DA:386,4
DA:387,2
DA:388,2
DA:389,2
DA:390,2
DA:391,2
DA:394,4
DA:395,2
DA:396,4
DA:397,2
DA:398,2
DA:399,2
DA:468,4
DA:491,4
DA:492,2
DA:493,4
DA:494,2
DA:495,2
DA:496,2
DA:497,2
DA:498,8
DA:499,2
DA:500,2
DA:501,4
DA:502,2
DA:503,2
DA:504,4
DA:505,2
DA:506,2
DA:507,2
DA:509,4
DA:510,2
DA:512,4
DA:513,2
DA:516,4
DA:517,2
DA:518,4
DA:519,4
DA:521,4
DA:523,4
DA:524,4
DA:525,2
DA:526,3
DA:527,2
DA:528,2
DA:529,0
DA:530,4
DA:531,4
DA:533,4
DA:534,2
DA:536,2
DA:538,4
DA:539,2
DA:541,2
DA:542,2
DA:543,4
DA:544,0
DA:545,0
DA:546,0
DA:547,2
DA:548,4
DA:549,0
DA:550,0
DA:551,4
DA:554,0
DA:555,0
DA:556,0
DA:558,0
DA:561,0
DA:562,0
DA:563,0
DA:564,0
DA:566,0
DA:571,0
DA:572,0
DA:573,0
DA:574,0
DA:576,0
DA:577,0
DA:578,0
DA:579,0
DA:580,0
DA:581,0
DA:582,0
DA:583,0
DA:584,0
DA:585,0
DA:586,0
DA:587,0
DA:588,0
DA:594,0
DA:595,0
DA:596,0
DA:597,0
DA:598,0
DA:599,0
DA:601,0
DA:608,3
DA:610,3
DA:611,3
DA:612,3
DA:616,3
DA:618,6
DA:619,9
DA:622,6
DA:623,3
DA:624,0
DA:626,6
DA:631,6
DA:632,1
DA:633,0
DA:635,3
DA:640,4
DA:641,2
DA:642,2
DA:643,2
DA:644,1
DA:645,1
DA:646,3
DA:648,1
DA:656,3
DA:658,6
DA:662,6
DA:663,0
DA:664,0
DA:665,0
DA:666,0
DA:668,0
DA:674,6
DA:675,6
DA:676,6
DA:677,3
DA:678,0
DA:680,3
DA:681,6
DA:682,3
DA:683,2
DA:684,2
DA:685,2
DA:686,2
DA:687,2
DA:688,2
DA:689,2
DA:690,2
DA:691,1
DA:692,2
DA:699,4
DA:700,2
DA:701,0
DA:702,0
DA:703,0
DA:704,0
DA:705,0
DA:707,0
DA:715,3
DA:717,3
DA:718,3
DA:719,3
DA:721,2
DA:723,3
DA:724,2
DA:726,2
DA:728,1
DA:730,3
DA:731,3
DA:732,3
DA:734,1
DA:736,2
DA:738,1
DA:740,3
DA:741,3
DA:743,1
DA:745,2
DA:746,2
DA:751,2
DA:773,2
DA:774,2
DA:775,2
DA:776,2
DA:778,2
DA:780,2
DA:781,2
DA:782,1
DA:784,2
DA:786,2
DA:788,2
DA:789,1
DA:791,2
DA:793,2
DA:795,2
DA:797,2
DA:798,2
DA:799,2
DA:800,2
DA:801,2
DA:802,2
DA:827,0
DA:838,0
DA:848,0
DA:849,0
DA:850,0
DA:851,0
DA:852,0
DA:853,0
DA:854,0
DA:855,0
DA:856,0
DA:860,0
DA:861,0
DA:862,0
DA:863,0
DA:864,0
DA:865,0
DA:866,0
DA:867,0
DA:869,0
DA:872,0
DA:873,0
DA:874,0
DA:875,0
DA:876,0
DA:877,0
DA:878,0
DA:879,0
DA:880,0
DA:881,0
DA:882,0
DA:904,2
DA:914,1
DA:923,1
DA:924,1
DA:925,1
DA:926,1
DA:927,1
DA:928,1
DA:929,1
DA:930,0
DA:934,2
DA:935,1
DA:936,1
DA:937,1
DA:938,2
DA:939,1
DA:940,1
DA:942,2
DA:945,2
DA:946,1
DA:947,2
DA:948,2
DA:950,1
DA:951,2
DA:952,1
DA:953,1
DA:954,2
DA:955,0
DA:956,1
DA:973,4
DA:974,36
DA:976,4
DA:984,4
DA:985,2
DA:986,2
DA:987,2
DA:988,2
DA:989,2
DA:992,4
DA:993,4
DA:994,4
DA:995,4
DA:996,4
DA:997,4
DA:1012,2
DA:1019,0
DA:1025,0
DA:1026,0
DA:1027,0
DA:1028,0
DA:1029,0
DA:1033,4
DA:1034,4
DA:1035,2
DA:1036,2
DA:1037,2
DA:1040,4
DA:1041,4
DA:1042,4
DA:1043,2
DA:1044,2
DA:1049,2
DA:1050,2
DA:1054,2
DA:1056,2
DA:1058,2
DA:1060,2
DA:1062,2
DA:1064,2
DA:1066,2
DA:1068,2
DA:1070,2
DA:1072,2
DA:1074,2
DA:1079,2
DA:1080,5
DA:1082,8
DA:1093,2
DA:1098,1
DA:1102,1
DA:1103,1
DA:1104,0
DA:1108,4
DA:1109,2
DA:1110,2
DA:1113,4
DA:1114,2
DA:1115,4
LF:441
LH:331
end_of_record
SF:lib\models\taxes\tax_rules.dart
DA:22,3
DA:30,0
DA:38,0
DA:39,0
DA:40,0
DA:41,0
DA:42,0
DA:43,0
DA:44,0
DA:48,4
DA:49,2
DA:50,2
DA:51,2
DA:52,2
DA:53,2
DA:54,2
DA:57,6
DA:58,5
DA:59,6
DA:60,3
DA:61,3
DA:62,6
DA:63,3
DA:64,3
DA:77,4
DA:79,6
DA:81,4
DA:82,2
DA:83,2
DA:86,6
DA:87,6
DA:88,6
DA:99,8
DA:101,4
DA:102,4
DA:103,2
DA:106,3
DA:107,3
DA:108,6
DA:109,6
DA:130,1
DA:138,0
DA:145,0
DA:146,0
DA:147,0
DA:148,0
DA:149,0
DA:150,0
DA:154,0
DA:155,0
DA:156,0
DA:157,0
DA:158,0
DA:159,0
DA:162,2
DA:163,1
DA:164,1
DA:165,3
DA:166,3
DA:167,1
DA:315,7
DA:374,7
DA:375,7
DA:377,6
DA:378,6
DA:379,6
DA:380,12
DA:381,12
DA:384,2
DA:436,2
DA:437,2
DA:438,2
DA:439,2
DA:440,2
DA:441,2
DA:442,2
DA:443,2
DA:444,2
DA:445,2
DA:446,2
DA:447,2
DA:448,2
DA:449,2
DA:450,2
DA:452,2
DA:453,2
DA:454,2
DA:456,2
DA:457,2
DA:458,2
DA:459,2
DA:461,2
DA:463,2
DA:465,2
DA:467,2
DA:469,2
DA:471,2
DA:473,1
DA:475,2
DA:476,2
DA:477,2
DA:479,2
DA:481,2
DA:483,2
DA:485,2
DA:487,2
DA:489,2
DA:491,2
DA:492,2
DA:493,2
DA:494,2
DA:496,2
DA:498,1
DA:500,1
DA:501,2
DA:502,2
DA:503,2
DA:504,2
DA:505,2
DA:506,2
DA:510,2
DA:511,1
DA:512,1
DA:513,1
DA:514,1
DA:515,1
DA:516,1
DA:517,1
DA:519,1
DA:520,1
DA:521,5
DA:522,1
DA:523,1
DA:524,1
DA:525,1
DA:526,1
DA:527,1
DA:528,2
DA:529,1
DA:530,2
DA:531,5
DA:532,1
DA:533,1
DA:535,5
DA:536,1
DA:537,1
DA:538,1
DA:539,1
DA:540,1
DA:541,1
DA:542,1
DA:543,1
DA:544,1
DA:545,1
DA:546,1
DA:547,1
DA:548,1
DA:549,1
DA:550,1
DA:551,1
DA:552,1
DA:554,3
DA:555,1
DA:556,1
DA:557,1
DA:558,1
DA:559,1
DA:560,1
DA:561,1
DA:562,1
DA:563,1
DA:566,2
DA:567,2
DA:569,4
DA:571,4
DA:572,3
DA:573,3
DA:574,3
DA:575,3
DA:576,4
DA:577,3
DA:579,3
DA:580,2
DA:581,8
DA:582,2
DA:583,0
DA:584,3
DA:585,3
DA:587,3
DA:589,3
DA:591,3
DA:593,3
DA:594,2
DA:595,2
DA:598,3
DA:599,2
DA:600,2
DA:602,2
DA:603,2
DA:604,6
DA:605,2
DA:606,0
DA:607,2
DA:609,3
DA:610,2
DA:611,4
DA:612,4
DA:613,2
DA:614,1
DA:615,2
DA:617,3
DA:619,3
DA:620,2
DA:621,2
DA:622,2
DA:623,2
DA:624,2
DA:625,2
DA:626,2
DA:628,2
DA:630,2
DA:631,2
DA:632,2
DA:633,2
DA:634,2
DA:635,2
DA:636,2
DA:637,5
DA:638,2
DA:639,1
DA:640,2
DA:641,3
DA:642,3
DA:643,2
DA:644,3
DA:645,3
LF:236
LH:213
end_of_record
SF:lib\models\taxes\tax_rules.g.dart
DA:13,0
DA:15,0
DA:16,0
DA:17,0
DA:19,0
DA:20,0
DA:21,0
DA:22,0
DA:23,0
DA:24,0
DA:25,0
DA:29,2
DA:32,2
DA:33,2
DA:34,4
DA:35,2
DA:36,4
DA:37,2
DA:38,4
DA:39,2
DA:40,4
DA:41,2
DA:42,4
DA:43,2
DA:44,4
DA:47,0
DA:48,0
DA:50,0
DA:53,0
DA:54,0
DA:55,0
DA:62,0
DA:64,0
DA:65,0
DA:66,0
DA:68,0
DA:69,0
DA:70,0
DA:74,3
DA:77,3
DA:78,3
DA:79,6
DA:80,3
DA:81,6
DA:84,0
DA:85,0
DA:87,0
DA:90,0
DA:91,0
DA:92,0
DA:99,0
DA:101,0
DA:102,0
DA:103,0
DA:105,0
DA:106,0
DA:107,0
DA:111,3
DA:114,3
DA:115,3
DA:116,6
DA:117,3
DA:118,6
DA:121,0
DA:122,0
DA:124,0
DA:127,0
DA:128,0
DA:129,0
DA:136,0
DA:138,0
DA:139,0
DA:140,0
DA:142,0
DA:143,0
DA:144,0
DA:146,0
DA:148,0
DA:149,0
DA:153,1
DA:156,1
DA:157,1
DA:158,2
DA:159,1
DA:160,2
DA:161,1
DA:162,2
DA:163,1
DA:164,2
DA:165,1
DA:166,2
DA:169,0
DA:170,0
DA:172,0
DA:175,0
DA:176,0
DA:177,0
DA:184,0
DA:186,0
DA:187,0
DA:188,0
DA:190,0
DA:192,0
DA:194,0
DA:196,0
DA:197,0
DA:198,0
DA:200,0
DA:201,0
DA:203,0
DA:205,0
DA:207,0
DA:208,0
DA:218,0
DA:220,0
DA:221,0
DA:223,0
DA:225,0
DA:227,0
DA:229,0
DA:230,0
DA:232,0
DA:233,0
DA:234,0
DA:236,0
DA:237,0
DA:239,0
DA:241,0
DA:243,0
DA:245,0
DA:247,0
DA:248,0
DA:250,0
DA:251,0
DA:252,0
DA:253,0
DA:255,0
DA:257,0
DA:259,0
DA:261,0
DA:263,0
DA:264,0
DA:265,0
DA:266,0
DA:267,0
DA:268,0
DA:270,0
DA:272,0
DA:274,0
DA:275,0
DA:276,0
DA:277,0
DA:278,0
DA:279,0
DA:280,0
DA:281,0
DA:285,3
DA:288,3
DA:289,3
DA:290,6
DA:291,3
DA:292,6
DA:293,3
DA:294,6
DA:295,3
DA:296,6
DA:297,3
DA:298,6
DA:299,3
DA:300,6
DA:301,3
DA:302,6
DA:303,3
DA:304,6
DA:305,3
DA:306,6
DA:307,3
DA:308,6
DA:309,3
DA:310,6
DA:311,3
DA:312,6
DA:313,3
DA:314,6
DA:315,3
DA:316,6
DA:317,3
DA:318,6
DA:319,3
DA:320,6
DA:321,3
DA:322,6
DA:323,3
DA:324,6
DA:325,3
DA:326,6
DA:327,3
DA:328,6
DA:329,3
DA:330,6
DA:331,3
DA:332,6
DA:333,3
DA:334,6
DA:335,3
DA:336,6
DA:337,3
DA:338,6
DA:339,3
DA:340,6
DA:341,3
DA:342,6
DA:343,3
DA:344,6
DA:345,3
DA:346,6
DA:347,3
DA:348,6
DA:349,3
DA:350,6
DA:351,3
DA:352,6
DA:353,3
DA:354,6
DA:355,3
DA:356,6
DA:357,3
DA:358,6
DA:359,3
DA:360,6
DA:361,3
DA:362,6
DA:363,3
DA:364,6
DA:365,3
DA:366,6
DA:367,3
DA:368,6
DA:369,3
DA:370,6
DA:371,3
DA:372,6
DA:373,3
DA:374,6
DA:375,3
DA:376,6
DA:377,3
DA:378,6
DA:379,3
DA:380,6
DA:381,3
DA:382,6
DA:383,3
DA:384,6
DA:385,3
DA:386,6
DA:387,3
DA:388,6
DA:391,0
DA:392,0
DA:394,0
DA:397,0
DA:398,0
DA:399,0
LF:264
LH:140
end_of_record
SF:lib\utils\network_utils.dart
DA:11,2
DA:16,0
DA:21,2
DA:22,2
DA:23,2
DA:24,1
DA:25,1
DA:26,1
DA:27,1
DA:37,0
DA:38,0
DA:43,0
DA:46,0
DA:52,6
DA:61,2
DA:63,0
LF:16
LH:10
end_of_record
SF:lib\services\loan_service.dart
DA:6,1
DA:7,2
DA:8,2
DA:9,0
DA:12,2
DA:16,1
DA:22,3
DA:30,3
DA:31,2
DA:32,3
DA:33,4
DA:34,3
DA:35,3
DA:38,2
DA:39,1
DA:40,4
DA:41,3
DA:44,1
DA:48,1
DA:53,2
DA:54,2
DA:56,2
DA:58,4
DA:59,3
DA:61,2
DA:65,1
DA:66,2
DA:68,1
DA:69,1
DA:72,2
DA:73,0
DA:74,0
DA:75,0
DA:76,1
DA:79,4
DA:81,1
DA:82,1
DA:85,2
DA:87,1
DA:91,5
DA:93,1
DA:95,1
DA:99,2
DA:101,2
DA:103,2
DA:106,2
DA:107,1
DA:109,2
DA:125,1
DA:130,2
DA:131,1
DA:132,0
DA:135,0
DA:136,0
DA:137,0
DA:138,0
DA:139,0
DA:144,1
DA:147,1
DA:149,1
DA:150,1
DA:154,3
DA:156,1
DA:157,1
DA:159,1
DA:160,1
DA:161,1
DA:162,1
DA:163,1
DA:164,1
DA:165,1
DA:167,1
DA:171,5
DA:172,3
DA:174,1
DA:176,1
DA:180,2
DA:182,1
DA:185,1
DA:186,1
DA:192,1
DA:193,2
DA:195,1
DA:196,1
DA:197,3
DA:202,1
DA:207,2
DA:208,1
DA:210,2
DA:213,2
DA:215,3
DA:216,5
DA:217,1
DA:222,1
DA:228,1
DA:229,1
DA:230,2
DA:242,2
DA:243,2
DA:244,1
DA:247,2
DA:250,1
DA:256,3
DA:261,2
DA:262,2
DA:265,3
DA:270,1
DA:271,0
DA:272,2
DA:275,2
DA:276,1
DA:283,1
DA:285,1
DA:287,1
DA:288,2
DA:292,0
DA:293,2
DA:294,0
DA:297,3
DA:300,0
DA:305,1
DA:311,1
DA:312,1
DA:314,2
DA:315,2
DA:318,1
DA:322,1
DA:325,1
DA:328,2
DA:329,2
DA:330,1
DA:331,0
DA:332,0
DA:333,0
DA:334,0
DA:335,0
DA:336,0
DA:337,0
DA:340,1
DA:344,1
DA:345,2
DA:354,2
DA:359,0
DA:360,0
DA:362,0
DA:364,0
DA:365,0
DA:366,0
DA:367,0
DA:369,0
DA:370,0
DA:371,0
DA:376,0
DA:377,0
DA:380,0
DA:381,0
DA:382,0
DA:387,0
LF:158
LH:121
end_of_record
SF:lib\services\taxes\tax_config_service.dart
DA:10,2
DA:11,4
DA:13,6
DA:15,3
DA:19,6
DA:24,2
DA:25,2
DA:27,4
DA:28,4
DA:32,3
DA:33,3
DA:36,1
DA:39,1
DA:40,2
DA:43,0
DA:44,0
DA:48,1
DA:49,1
DA:50,1
DA:54,0
DA:55,0
DA:56,0
DA:57,0
DA:58,0
DA:59,0
DA:66,1
DA:67,2
DA:68,0
DA:71,2
DA:73,2
DA:78,3
DA:80,3
DA:92,1
DA:93,1
DA:107,4
DA:108,0
DA:112,2
DA:115,3
DA:116,2
DA:118,0
DA:122,0
DA:125,0
DA:126,0
LF:43
LH:29
end_of_record
SF:lib\services\auth_service.dart
DA:20,1
DA:22,1
DA:23,2
DA:27,1
DA:29,2
DA:30,0
DA:36,1
DA:37,3
DA:38,3
DA:44,1
DA:46,1
DA:48,0
DA:50,1
DA:51,0
DA:52,0
DA:54,3
DA:55,1
DA:62,1
DA:64,0
DA:71,1
DA:74,2
DA:75,1
DA:76,1
DA:78,4
DA:79,1
DA:83,1
DA:84,1
DA:90,0
DA:91,0
DA:92,0
DA:97,0
DA:99,0
DA:100,0
DA:106,0
DA:112,0
DA:143,0
DA:144,0
DA:145,0
DA:146,0
DA:152,0
DA:155,0
DA:157,0
DA:161,1
DA:162,1
DA:166,1
DA:167,4
DA:170,1
DA:171,2
DA:172,0
DA:173,0
DA:177,3
DA:179,2
DA:181,1
DA:182,2
DA:184,1
DA:188,0
DA:189,0
DA:193,1
DA:194,1
DA:195,2
DA:196,3
DA:201,1
DA:202,1
DA:204,1
DA:205,1
DA:207,1
DA:210,1
DA:211,1
DA:212,1
DA:213,1
DA:214,1
DA:215,1
DA:216,1
DA:221,3
DA:225,1
DA:237,1
DA:238,1
DA:239,2
DA:240,0
DA:241,0
DA:245,1
DA:246,2
DA:248,1
DA:259,3
LF:84
LH:58
end_of_record
SF:lib\services\file_service.dart
DA:15,2
DA:16,1
DA:22,1
DA:24,0
DA:25,1
DA:26,1
DA:27,0
DA:28,0
DA:34,1
DA:35,2
DA:41,3
DA:42,3
DA:48,0
DA:49,0
DA:53,1
DA:55,1
DA:56,0
DA:57,2
DA:58,1
DA:59,1
DA:60,1
DA:62,0
DA:67,0
DA:71,0
DA:74,0
DA:76,0
DA:77,0
DA:78,0
DA:80,0
DA:85,0
DA:86,0
DA:87,0
DA:90,0
LF:33
LH:15
end_of_record
SF:lib\services\firebase_web_safe.dart
DA:6,0
LF:1
LH:0
end_of_record
SF:lib\utils\file_picker_wrapper.dart
DA:5,1
DA:10,1
LF:2
LH:2
end_of_record
SF:lib\utils\billing_helper.dart
DA:7,11
DA:8,22
DA:9,44
DA:11,45
DA:17,3
DA:19,3
DA:21,12
DA:22,3
DA:26,1
DA:27,4
DA:28,1
DA:33,3
DA:35,9
DA:38,4
DA:39,2
DA:44,5
DA:46,10
DA:47,5
DA:53,2
DA:54,4
DA:57,2
DA:61,2
DA:66,3
DA:69,6
DA:70,3
DA:71,9
DA:72,6
DA:73,10
DA:76,5
DA:77,10
DA:78,4
DA:80,4
DA:81,0
DA:83,4
DA:84,0
LF:35
LH:33
end_of_record
SF:lib\utils\recurrence_utils.dart
DA:6,1
DA:14,4
DA:19,1
DA:21,1
DA:22,1
DA:23,1
DA:29,1
DA:33,1
DA:35,3
DA:40,1
DA:46,3
DA:51,6
DA:53,1
DA:55,3
DA:57,3
DA:62,3
DA:63,12
DA:64,6
DA:65,27
DA:72,1
DA:77,1
DA:78,0
DA:79,0
DA:84,1
DA:86,1
DA:89,1
DA:90,0
DA:91,0
DA:93,1
DA:96,1
DA:99,1
DA:100,3
DA:101,1
DA:104,1
DA:108,1
DA:110,0
DA:112,1
DA:113,4
DA:114,1
DA:115,3
DA:117,1
DA:118,2
DA:121,1
DA:123,1
DA:126,1
DA:127,3
DA:128,1
DA:131,1
DA:140,3
DA:153,3
DA:154,2
DA:155,3
DA:156,3
DA:157,3
DA:159,6
DA:160,3
DA:161,3
DA:162,1
DA:163,1
DA:166,3
DA:167,3
DA:168,9
DA:169,3
DA:170,3
DA:174,2
DA:176,2
DA:177,10
DA:181,3
DA:182,8
DA:183,3
DA:185,4
DA:186,1
DA:187,1
DA:189,3
DA:203,0
DA:204,0
DA:206,3
DA:208,3
DA:209,1
DA:210,1
DA:217,1
DA:221,1
DA:223,3
DA:227,1
DA:235,3
DA:237,6
DA:238,4
DA:240,2
DA:242,10
DA:244,2
DA:245,4
DA:246,2
DA:247,6
DA:249,8
DA:250,6
DA:255,4
DA:257,0
DA:258,0
DA:259,0
DA:260,0
DA:261,0
DA:262,0
DA:263,0
DA:266,4
DA:268,1
DA:269,5
DA:273,1
DA:274,0
DA:277,2
DA:280,0
DA:282,0
DA:283,0
DA:288,1
DA:291,2
DA:293,6
DA:294,2
DA:295,2
LF:117
LH:99
end_of_record
SF:lib\utils\connectivity_platform_stub.dart
DA:5,0
DA:9,0
DA:13,0
DA:17,0
DA:21,0
DA:22,0
DA:23,1
DA:24,0
DA:26,0
DA:29,0
DA:30,0
DA:32,0
DA:33,0
LF:13
LH:1
end_of_record
SF:lib\services\notification_service.dart
DA:6,3
DA:8,1
DA:15,2
DA:16,2
DA:19,4
DA:20,2
DA:21,4
DA:24,2
DA:25,2
DA:26,1
DA:27,1
DA:28,1
DA:33,4
DA:34,4
DA:36,3
DA:37,2
DA:39,5
DA:40,2
DA:42,2
DA:44,3
DA:45,1
DA:46,1
DA:47,3
LF:23
LH:23
end_of_record
SF:lib\services\calendar_service.dart
DA:7,2
DA:10,1
DA:16,1
DA:24,2
DA:25,4
DA:26,1
DA:31,1
DA:39,1
DA:44,2
DA:45,4
DA:46,1
DA:49,1
DA:56,1
DA:57,3
DA:58,2
DA:59,2
DA:61,1
DA:65,2
DA:75,1
DA:80,1
DA:81,3
DA:82,2
DA:85,3
DA:87,1
DA:91,2
LF:25
LH:25
end_of_record
SF:lib\services\cloud_sync_service.dart
DA:27,1
DA:32,1
DA:33,2
DA:35,0
DA:40,1
DA:41,1
DA:42,0
DA:44,1
DA:45,1
DA:48,0
DA:50,1
DA:52,0
DA:55,2
DA:56,1
DA:57,1
DA:58,1
DA:61,1
DA:62,1
DA:63,4
DA:64,1
DA:65,4
DA:66,1
DA:67,4
DA:68,1
DA:69,4
DA:71,4
DA:73,4
DA:74,1
DA:76,2
DA:77,1
DA:78,1
DA:79,1
DA:81,1
DA:82,1
DA:83,1
DA:84,1
DA:85,4
DA:86,1
DA:87,4
DA:91,1
DA:92,3
DA:96,1
DA:97,1
DA:98,0
DA:102,1
DA:104,1
DA:105,4
DA:106,1
DA:107,1
DA:108,3
DA:113,1
DA:114,1
DA:115,0
DA:117,1
DA:118,0
DA:120,3
DA:121,0
DA:125,1
DA:127,2
DA:128,0
DA:130,0
DA:131,0
DA:134,1
DA:135,0
DA:137,0
DA:138,0
DA:140,0
DA:145,2
DA:148,2
DA:151,1
DA:152,1
DA:153,2
DA:154,1
DA:155,3
DA:159,1
DA:161,0
DA:162,0
DA:163,0
DA:171,1
DA:172,2
DA:173,2
DA:174,2
DA:175,2
DA:178,2
DA:179,0
DA:180,0
DA:185,1
DA:186,2
DA:187,2
DA:188,2
DA:189,2
DA:194,1
DA:195,0
DA:196,0
DA:197,0
DA:198,0
DA:202,1
DA:203,0
DA:204,0
DA:205,0
DA:206,0
DA:210,1
DA:211,0
DA:213,0
DA:215,0
DA:218,0
DA:219,0
DA:222,0
DA:223,0
DA:226,0
DA:229,1
DA:231,0
DA:232,0
DA:233,0
DA:234,0
DA:236,0
DA:243,1
DA:245,0
DA:246,0
DA:247,0
DA:248,0
DA:250,0
DA:259,1
DA:261,0
DA:262,0
DA:263,0
DA:268,0
DA:271,0
DA:272,0
DA:273,0
DA:275,0
DA:277,0
DA:278,0
DA:279,0
DA:280,0
DA:283,0
DA:286,0
DA:287,0
DA:289,0
DA:291,0
DA:301,1
DA:303,0
DA:304,0
DA:309,0
DA:311,0
DA:312,0
DA:318,0
DA:319,0
DA:321,0
DA:322,0
DA:323,0
DA:324,0
DA:325,0
DA:326,0
DA:328,0
DA:332,1
DA:334,0
DA:335,0
DA:336,0
DA:337,0
DA:346,1
DA:347,1
DA:348,0
DA:349,1
DA:350,0
DA:352,3
DA:356,1
DA:357,1
DA:358,2
DA:360,1
DA:362,1
DA:363,2
DA:364,3
DA:368,1
DA:369,4
LF:175
LH:92
end_of_record
SF:lib\services\repair_service.dart
DA:11,2
DA:16,1
DA:17,0
DA:18,0
DA:25,0
DA:30,1
DA:32,1
DA:34,1
DA:37,1
DA:40,1
DA:42,2
DA:43,1
DA:47,1
DA:48,1
DA:51,1
DA:52,2
DA:53,2
DA:54,2
DA:55,1
DA:64,1
DA:66,0
DA:68,0
DA:72,1
DA:74,2
DA:75,2
DA:76,1
DA:80,3
DA:88,1
DA:89,5
DA:90,2
LF:30
LH:25
end_of_record
SF:lib\feature_providers.dart
DA:19,12
DA:20,0
DA:21,0
DA:22,0
DA:23,0
DA:24,0
DA:27,3
DA:28,0
DA:29,0
DA:30,0
DA:33,13
DA:34,2
DA:35,1
DA:38,14
DA:39,4
DA:40,2
DA:43,12
DA:45,3
DA:46,12
DA:49,12
DA:50,3
DA:51,0
DA:53,0
DA:54,0
DA:55,0
DA:56,0
DA:71,0
DA:72,0
DA:73,0
DA:74,0
DA:75,0
DA:76,0
DA:77,0
DA:78,0
DA:89,0
DA:90,0
DA:92,0
DA:96,12
DA:97,12
DA:98,6
DA:100,7
DA:101,1
DA:106,0
DA:107,0
DA:108,0
DA:111,0
DA:112,0
DA:114,0
DA:118,0
DA:119,0
DA:120,0
DA:121,0
DA:122,0
DA:123,0
DA:124,0
DA:127,0
DA:130,0
DA:135,12
DA:136,3
DA:137,0
DA:139,0
DA:147,3
DA:149,9
DA:150,3
DA:152,6
DA:153,2
DA:154,2
DA:155,6
DA:156,0
DA:160,2
DA:161,2
DA:162,6
DA:163,4
DA:167,6
DA:168,3
DA:171,3
DA:173,9
DA:174,3
DA:176,8
DA:179,1
DA:180,1
DA:181,1
DA:182,4
DA:186,12
DA:187,6
DA:191,2
DA:194,6
DA:199,3
DA:200,9
DA:201,1
DA:205,12
DA:206,6
LF:92
LH:50
end_of_record
SF:lib\services\firestore_storage_service.dart
DA:9,0
DA:12,0
DA:13,0
DA:16,0
DA:17,0
DA:19,0
DA:21,0
DA:25,0
DA:30,0
DA:31,0
DA:32,0
DA:33,0
DA:34,0
DA:35,0
DA:37,0
DA:40,0
DA:44,0
DA:47,0
DA:48,0
DA:49,0
DA:50,0
DA:51,0
DA:52,0
DA:54,0
DA:55,0
DA:57,0
DA:61,0
DA:64,0
DA:65,0
DA:66,0
DA:67,0
DA:68,0
DA:69,0
DA:71,0
DA:73,0
LF:35
LH:0
end_of_record
SF:lib\services\json_data_service.dart
DA:22,1
DA:25,1
DA:26,1
DA:29,1
DA:32,2
DA:35,1
DA:38,2
DA:39,1
DA:40,4
DA:43,2
DA:44,1
DA:45,4
DA:48,2
DA:49,3
DA:52,2
DA:53,1
DA:54,2
DA:57,2
DA:58,1
DA:59,2
DA:62,2
DA:63,1
DA:64,2
DA:67,2
DA:68,1
DA:71,2
DA:72,1
DA:73,2
DA:76,2
DA:78,1
DA:79,1
DA:82,2
DA:83,1
DA:84,2
DA:87,2
DA:88,1
DA:89,2
DA:92,1
DA:93,1
DA:96,1
DA:97,1
DA:98,1
DA:99,1
DA:100,3
DA:104,1
DA:105,1
DA:106,2
DA:110,1
DA:112,1
DA:113,4
DA:114,1
DA:115,1
DA:116,5
DA:123,1
DA:124,2
DA:127,1
DA:129,1
DA:134,2
DA:137,1
DA:140,1
DA:141,1
DA:143,2
DA:144,1
DA:148,1
DA:151,2
DA:152,3
DA:153,1
DA:155,1
DA:159,1
DA:162,2
DA:163,3
DA:164,1
DA:166,1
DA:170,1
DA:173,2
DA:174,1
DA:175,2
DA:180,1
DA:182,1
DA:186,1
DA:189,2
DA:197,3
DA:199,1
DA:201,1
DA:205,1
DA:208,1
DA:209,0
DA:210,0
DA:212,1
DA:216,1
DA:219,1
DA:220,0
DA:221,0
DA:222,0
DA:224,1
DA:228,1
DA:230,2
DA:231,2
DA:235,1
DA:237,1
DA:238,1
DA:239,0
DA:241,2
DA:242,2
DA:246,1
DA:248,1
DA:249,1
DA:250,0
DA:252,2
DA:253,2
DA:257,1
DA:260,1
DA:261,0
DA:262,0
DA:264,1
DA:268,1
DA:271,1
DA:272,0
DA:273,0
DA:275,1
LF:120
LH:109
end_of_record
SF:lib\services\encryption_service.dart
DA:10,1
DA:11,1
DA:13,1
DA:14,1
DA:16,2
DA:18,1
DA:20,3
DA:26,1
DA:27,1
DA:29,1
DA:30,2
DA:34,2
DA:35,2
DA:37,1
DA:39,2
DA:41,1
DA:46,1
DA:47,1
DA:48,1
DA:49,3
LF:20
LH:20
end_of_record
SF:lib\utils\transaction_filter_utils.dart
DA:6,5
DA:20,18
DA:23,2
DA:25,8
DA:26,2
DA:31,20
DA:36,10
DA:41,3
DA:42,4
DA:49,3
DA:50,10
DA:51,3
DA:57,10
DA:61,5
DA:65,4
DA:66,1
DA:67,5
DA:68,4
DA:69,3
DA:71,1
DA:72,5
DA:73,1
DA:74,4
DA:75,0
DA:76,0
DA:78,0
DA:79,0
DA:80,4
DA:81,2
DA:82,2
DA:83,2
DA:84,2
DA:86,12
DA:87,2
DA:93,3
DA:94,2
DA:95,10
DA:96,2
DA:97,2
DA:98,10
DA:99,1
DA:100,1
DA:101,5
DA:102,1
DA:104,2
DA:105,4
DA:106,4
DA:107,1
DA:108,1
DA:109,6
LF:50
LH:46
end_of_record
SF:lib\utils\report_utils.dart
DA:6,2
DA:15,6
DA:18,2
DA:22,2
DA:23,4
DA:24,4
DA:28,4
DA:30,12
DA:35,2
DA:38,2
DA:39,4
DA:40,2
DA:41,2
DA:42,2
DA:43,2
DA:44,2
DA:45,0
DA:46,0
DA:47,0
DA:48,6
DA:54,2
DA:59,8
DA:60,2
DA:62,4
DA:63,4
DA:64,4
DA:68,4
DA:69,2
DA:71,4
DA:72,2
DA:73,10
DA:79,2
DA:84,8
DA:85,4
DA:86,4
DA:87,4
DA:88,4
DA:89,2
LF:38
LH:35
end_of_record
SF:lib\widgets\transaction_filter.dart
DA:22,4
DA:38,4
DA:40,4
DA:42,8
DA:43,4
DA:44,4
DA:45,4
DA:46,4
DA:48,4
DA:49,4
DA:50,4
DA:69,3
DA:74,4
DA:75,4
DA:76,12
DA:77,1
DA:84,4
DA:87,11
DA:88,6
DA:90,4
DA:96,4
DA:97,4
DA:99,4
DA:100,4
DA:101,4
DA:117,4
DA:122,4
DA:123,4
DA:124,4
DA:125,20
DA:126,1
DA:133,4
DA:136,4
DA:138,4
DA:142,10
DA:144,2
DA:145,2
DA:146,2
DA:147,2
DA:154,4
LF:40
LH:40
end_of_record
SF:lib\providers\sum_tracker_provider.dart
DA:12,1
DA:19,2
DA:20,1
DA:21,1
DA:22,1
DA:23,1
DA:26,0
DA:27,0
DA:28,0
DA:29,0
DA:30,0
DA:39,2
DA:45,2
DA:47,3
DA:48,1
DA:49,1
DA:50,2
DA:52,1
DA:53,2
DA:55,1
DA:56,2
DA:58,1
DA:59,2
DA:60,2
DA:68,1
DA:69,1
DA:70,1
DA:71,1
DA:72,0
DA:76,2
DA:77,1
DA:78,1
DA:79,5
DA:82,0
DA:84,0
DA:85,0
DA:86,0
DA:88,0
DA:89,0
DA:90,0
DA:91,0
DA:92,0
DA:95,0
DA:96,0
DA:97,0
DA:107,3
DA:109,3
DA:110,3
DA:111,12
DA:112,4
DA:113,0
DA:116,1
DA:118,1
DA:119,0
DA:120,1
DA:128,1
DA:130,3
DA:131,1
DA:132,0
DA:135,3
DA:138,3
DA:140,1
DA:141,1
DA:142,2
DA:144,1
DA:154,1
DA:156,3
DA:157,1
DA:158,1
DA:159,1
DA:164,0
DA:172,1
DA:173,1
DA:174,1
DA:176,1
DA:178,2
DA:179,4
DA:180,1
DA:182,1
DA:183,1
DA:186,0
DA:187,0
DA:188,0
DA:191,1
DA:193,2
DA:194,2
DA:195,1
DA:196,1
DA:197,4
DA:199,8
DA:200,3
DA:201,1
DA:204,1
DA:205,2
DA:206,2
DA:207,2
DA:209,8
DA:210,3
DA:211,1
DA:214,1
DA:215,7
DA:216,2
DA:217,1
DA:218,3
DA:220,3
DA:221,3
DA:222,0
DA:224,1
DA:228,1
DA:229,8
DA:230,4
DA:231,2
DA:235,8
DA:236,4
LF:114
LH:88
end_of_record
SF:lib\services\taxes\indian_tax_service.dart
DA:12,3
DA:14,0
DA:17,0
DA:19,0
DA:20,0
DA:21,0
DA:22,0
DA:26,0
DA:27,0
DA:28,0
DA:29,0
DA:30,0
DA:31,0
DA:32,0
DA:33,0
DA:37,0
DA:38,0
DA:41,2
DA:45,2
DA:46,2
DA:53,1
DA:55,2
DA:56,2
DA:58,2
DA:59,2
DA:60,2
DA:61,2
DA:63,2
DA:66,2
DA:67,2
DA:68,2
DA:69,2
DA:70,2
DA:71,2
DA:75,4
DA:76,2
DA:77,4
DA:86,4
DA:88,6
DA:90,4
DA:95,2
DA:96,6
DA:97,2
DA:100,2
DA:102,3
DA:103,2
DA:104,1
DA:106,2
DA:110,2
DA:111,2
DA:112,2
DA:114,2
DA:117,2
DA:118,2
DA:119,4
DA:123,4
DA:125,4
DA:126,2
DA:127,2
DA:128,2
DA:129,2
DA:130,2
DA:138,8
DA:139,2
DA:141,2
DA:149,12
DA:150,2
DA:151,2
DA:152,2
DA:157,2
DA:158,2
DA:159,2
DA:160,4
DA:163,3
DA:165,9
DA:166,4
DA:167,10
DA:168,2
DA:170,4
DA:171,2
DA:176,4
DA:180,3
DA:181,9
DA:185,7
DA:186,2
DA:187,1
DA:188,3
DA:189,2
DA:190,3
DA:191,1
DA:198,3
DA:200,6
DA:203,3
DA:204,3
DA:205,12
DA:206,15
DA:210,6
DA:211,6
DA:215,9
DA:216,4
DA:217,10
DA:218,2
DA:220,2
DA:221,2
DA:223,2
DA:224,2
DA:226,6
DA:237,2
DA:239,3
DA:240,1
DA:241,1
DA:242,1
DA:243,2
DA:245,2
DA:249,3
DA:250,1
DA:251,3
DA:253,3
DA:254,1
DA:259,2
DA:261,2
DA:262,0
DA:263,0
DA:264,0
DA:265,0
DA:266,0
DA:268,0
DA:274,2
DA:279,3
DA:280,1
DA:281,1
DA:282,3
DA:285,1
DA:286,2
DA:287,1
DA:289,1
DA:292,1
DA:296,2
DA:303,2
DA:305,2
DA:306,0
DA:308,6
DA:311,3
DA:312,3
DA:313,3
DA:316,2
DA:320,4
DA:321,2
DA:324,2
DA:328,4
DA:329,2
DA:331,6
DA:332,2
DA:334,2
DA:335,2
DA:336,2
DA:338,2
DA:339,8
DA:347,2
DA:349,2
DA:352,4
DA:354,4
DA:355,6
DA:357,6
DA:358,2
DA:361,2
DA:362,2
DA:363,6
DA:366,0
DA:367,0
DA:369,0
DA:371,0
DA:372,0
DA:373,0
DA:377,0
DA:380,0
DA:381,0
DA:383,0
DA:387,2
DA:389,2
DA:392,2
DA:395,2
DA:396,2
DA:397,2
DA:398,2
DA:399,2
DA:401,2
DA:405,6
DA:406,2
DA:407,2
DA:414,4
DA:415,2
DA:416,2
DA:421,5
DA:422,1
DA:423,3
DA:424,1
DA:425,3
DA:426,1
DA:427,1
DA:428,1
DA:433,2
DA:434,6
DA:440,2
DA:445,4
DA:446,2
DA:449,5
DA:450,2
DA:451,1
DA:452,3
DA:453,2
DA:454,0
DA:455,1
DA:461,2
DA:464,8
DA:465,2
DA:471,4
DA:472,2
DA:474,2
DA:475,2
DA:476,2
DA:481,5
DA:482,1
DA:483,3
DA:484,1
DA:485,3
DA:486,1
DA:487,1
DA:488,2
DA:489,1
DA:499,2
DA:500,4
DA:501,6
DA:502,2
DA:503,8
DA:507,6
DA:508,4
DA:511,2
DA:512,2
DA:513,2
DA:515,2
DA:516,2
DA:518,2
DA:519,2
DA:523,4
DA:525,2
DA:527,2
DA:530,2
DA:532,2
DA:536,2
DA:538,2
DA:539,2
DA:540,2
DA:543,4
DA:544,2
DA:546,2
DA:550,4
DA:555,4
DA:558,5
DA:559,1
DA:560,3
DA:561,2
DA:562,3
DA:563,1
DA:567,6
DA:572,4
DA:574,2
DA:575,2
DA:577,6
DA:582,4
DA:584,4
DA:588,4
DA:589,2
DA:590,2
DA:591,2
DA:592,2
DA:595,2
DA:596,4
DA:604,2
DA:605,6
DA:606,6
DA:607,6
DA:608,8
DA:609,2
DA:610,4
DA:611,4
DA:612,2
DA:616,0
DA:620,0
DA:621,0
DA:622,0
LF:291
LH:253
end_of_record
SF:lib\services\taxes\tax_data_fetcher.dart
DA:14,1
DA:21,1
DA:25,1
DA:28,2
DA:29,1
DA:41,1
DA:42,0
DA:43,0
DA:45,1
DA:46,3
DA:47,1
DA:54,1
DA:55,0
DA:56,0
DA:58,2
DA:59,1
DA:63,2
DA:66,2
DA:67,1
DA:68,1
DA:72,2
DA:73,2
DA:74,4
DA:76,1
DA:90,1
DA:91,1
DA:92,1
DA:93,1
DA:95,2
DA:96,1
DA:100,1
DA:104,1
DA:105,1
DA:109,1
DA:112,2
DA:113,2
DA:116,1
DA:117,1
DA:118,2
DA:119,2
DA:122,2
DA:123,2
DA:131,2
DA:133,0
DA:134,0
DA:135,0
DA:145,2
DA:146,0
DA:147,0
DA:148,0
DA:164,1
DA:166,1
DA:167,1
DA:169,2
DA:171,0
DA:177,1
DA:178,3
DA:183,1
DA:184,1
DA:185,1
DA:186,1
DA:187,2
DA:188,1
DA:189,1
DA:190,2
DA:191,3
DA:194,1
DA:196,1
DA:199,1
DA:200,1
DA:211,4
DA:213,4
DA:215,4
DA:217,4
DA:219,1
DA:221,1
DA:222,1
DA:223,1
DA:224,1
DA:225,1
DA:226,1
DA:227,1
DA:229,1
DA:231,1
DA:232,1
DA:233,0
DA:234,0
DA:235,0
DA:239,0
DA:240,0
DA:241,0
DA:249,2
DA:250,2
DA:251,2
DA:253,1
DA:254,2
DA:255,3
DA:256,1
DA:258,5
DA:259,3
DA:260,2
DA:261,2
DA:264,1
DA:266,1
DA:270,5
DA:271,3
DA:273,4
DA:274,2
DA:275,2
DA:292,1
DA:299,1
DA:300,1
DA:301,1
DA:304,1
DA:306,1
DA:307,1
DA:308,1
DA:313,1
DA:317,1
DA:318,1
DA:334,1
DA:336,2
DA:337,2
DA:340,2
DA:341,2
DA:342,3
DA:343,3
DA:344,4
DA:345,4
DA:349,0
DA:350,0
DA:351,0
DA:352,0
LF:133
LH:112
end_of_record
SF:lib\utils\financial_utils.dart
DA:5,1
DA:7,4
DA:8,4
DA:11,1
DA:13,4
DA:14,4
DA:17,1
DA:18,4
DA:21,1
DA:22,1
DA:23,2
DA:24,1
DA:25,1
LF:13
LH:13
end_of_record
SF:lib\widgets\account_card.dart
DA:16,2
DA:25,2
DA:26,2
DA:27,6
DA:29,4
DA:32,2
DA:37,4
DA:38,2
DA:40,2
DA:42,2
DA:44,2
DA:46,1
DA:48,1
DA:54,4
DA:55,2
DA:57,8
DA:58,0
DA:61,0
DA:62,0
DA:65,0
DA:67,0
DA:71,2
DA:74,4
DA:75,2
DA:76,2
DA:77,2
DA:78,2
DA:80,2
DA:82,2
DA:86,2
DA:87,2
DA:89,2
DA:91,6
DA:92,2
DA:96,2
DA:97,4
DA:104,8
DA:105,2
DA:106,8
DA:113,2
DA:116,2
DA:117,2
DA:118,0
DA:119,0
DA:120,2
DA:121,6
DA:122,2
DA:123,2
DA:124,4
DA:128,2
DA:129,6
DA:136,6
DA:137,6
DA:139,4
DA:149,2
DA:150,2
DA:151,2
DA:152,6
DA:154,2
DA:157,2
DA:159,2
DA:163,2
DA:164,8
DA:166,2
DA:167,11
DA:173,2
DA:174,2
DA:175,2
DA:179,2
DA:186,2
DA:187,2
DA:189,2
DA:190,2
DA:191,2
DA:192,2
DA:193,4
LF:76
LH:69
end_of_record
SF:lib\theme\app_theme.dart
DA:31,0
DA:32,0
DA:35,0
DA:50,0
DA:51,0
DA:61,0
DA:69,0
DA:70,0
DA:73,0
DA:88,0
DA:89,0
DA:99,0
LF:12
LH:0
end_of_record
SF:lib\widgets\pure_icons.dart
DA:7,3
DA:8,3
DA:9,4
DA:10,4
DA:11,4
DA:12,4
DA:13,3
DA:14,3
DA:15,1
DA:16,1
DA:17,3
DA:18,3
DA:19,3
DA:20,3
DA:21,0
DA:22,0
DA:23,1
DA:24,1
DA:25,0
DA:26,0
DA:27,1
DA:28,1
DA:30,0
DA:31,0
DA:96,2
DA:97,2
DA:100,1
DA:101,1
DA:102,1
DA:108,8
DA:109,8
DA:110,8
DA:111,8
DA:112,4
DA:113,4
DA:114,2
DA:115,2
DA:116,2
DA:117,2
DA:118,3
DA:119,3
DA:120,1
DA:121,1
DA:122,0
DA:123,0
DA:124,0
DA:125,0
DA:126,3
DA:127,3
DA:130,3
DA:131,3
DA:132,5
DA:133,5
DA:134,2
DA:135,2
DA:136,3
DA:137,3
DA:138,1
DA:139,1
DA:140,1
DA:141,1
DA:142,2
DA:143,2
DA:144,7
DA:145,7
DA:146,0
DA:147,0
DA:148,3
DA:149,3
DA:150,0
DA:151,0
DA:152,1
DA:153,1
DA:154,2
DA:155,2
DA:156,1
DA:157,1
DA:158,0
DA:159,0
DA:160,0
DA:161,0
DA:162,0
DA:163,0
DA:164,1
DA:165,1
DA:166,1
DA:167,1
DA:168,3
DA:169,3
DA:170,2
DA:171,2
DA:172,1
DA:173,1
DA:174,3
DA:175,3
DA:176,3
DA:177,3
DA:180,1
DA:181,1
DA:182,2
DA:183,2
DA:184,2
DA:185,2
DA:186,1
DA:187,1
DA:188,0
DA:189,0
DA:190,0
DA:191,0
DA:192,0
DA:193,0
DA:194,4
DA:195,4
DA:196,14
DA:197,14
DA:198,1
DA:199,1
DA:200,3
DA:201,3
DA:202,0
DA:203,0
DA:204,3
DA:205,3
DA:206,2
DA:207,2
DA:208,0
DA:209,0
DA:210,0
DA:211,0
DA:212,1
DA:213,1
DA:214,0
DA:215,0
DA:217,3
DA:219,3
DA:222,0
DA:223,0
DA:225,5
DA:226,5
DA:229,0
LF:140
LH:103
end_of_record
SF:lib\widgets\global_overlay.dart
DA:10,1
DA:12,1
DA:14,2
DA:15,2
DA:16,2
DA:21,1
DA:22,1
DA:23,3
DA:25,1
DA:26,1
DA:27,1
DA:28,1
DA:29,1
LF:13
LH:13
end_of_record
SF:lib\widgets\quick_sum_tracker.dart
DA:12,1
DA:14,2
DA:15,2
DA:26,2
DA:28,4
DA:29,4
DA:30,4
DA:31,2
DA:34,2
DA:36,6
DA:37,2
DA:38,6
DA:39,2
DA:43,2
DA:46,1
DA:47,1
DA:48,7
DA:49,1
DA:54,4
DA:56,4
DA:57,2
DA:58,2
DA:59,4
DA:61,2
DA:62,5
DA:63,3
DA:64,4
DA:67,1
DA:68,2
DA:69,2
DA:70,1
DA:71,0
DA:72,0
DA:73,0
DA:76,1
DA:78,1
DA:83,1
DA:85,4
DA:86,1
DA:87,1
DA:88,1
DA:89,1
DA:94,2
DA:96,1
DA:97,1
DA:98,1
DA:99,1
DA:100,1
DA:101,1
DA:104,1
DA:110,1
DA:111,1
DA:114,1
DA:123,1
DA:124,1
DA:125,4
DA:126,1
DA:127,1
DA:129,1
DA:130,1
DA:131,1
DA:132,3
DA:145,1
DA:147,1
DA:148,1
DA:150,1
DA:152,1
DA:153,1
DA:154,1
DA:155,1
DA:156,1
DA:162,2
DA:163,1
DA:166,1
DA:168,2
DA:170,1
DA:173,1
DA:174,0
DA:182,1
DA:184,1
DA:185,2
DA:194,1
DA:195,2
DA:199,0
DA:201,0
DA:202,0
DA:204,0
DA:205,0
DA:207,0
DA:209,0
DA:210,0
DA:211,0
DA:212,0
DA:213,0
DA:215,0
DA:220,0
DA:221,0
DA:232,1
DA:234,1
DA:236,1
DA:237,1
DA:238,1
DA:239,1
DA:240,1
DA:242,1
DA:243,1
DA:244,1
DA:248,1
DA:249,1
DA:259,1
DA:260,1
DA:261,1
DA:262,1
DA:264,1
DA:265,1
DA:266,1
DA:267,1
DA:271,1
DA:272,1
DA:277,1
DA:278,1
DA:279,1
DA:281,2
DA:286,1
DA:289,1
DA:291,1
DA:292,1
DA:301,1
DA:303,1
DA:305,1
DA:306,1
DA:307,1
DA:313,1
DA:314,5
DA:325,1
DA:326,3
DA:327,1
DA:330,2
DA:331,1
DA:332,2
DA:335,1
DA:337,5
DA:339,4
DA:341,0
DA:344,2
DA:345,2
DA:346,2
DA:350,1
DA:351,1
DA:352,2
DA:353,2
DA:357,1
DA:359,1
DA:361,1
DA:363,1
DA:364,3
DA:366,2
DA:368,3
DA:370,2
DA:371,4
DA:372,1
DA:373,0
DA:374,0
DA:376,0
DA:377,0
DA:378,0
DA:379,0
DA:380,0
DA:382,0
DA:383,0
DA:384,0
DA:385,0
DA:386,0
DA:389,1
DA:390,1
DA:392,1
DA:398,2
DA:404,1
DA:405,1
DA:406,0
DA:413,1
DA:414,1
DA:415,1
DA:416,2
DA:417,2
DA:419,1
DA:424,1
DA:425,1
DA:426,0
DA:428,1
DA:429,1
DA:433,1
DA:434,2
DA:435,1
DA:436,3
DA:437,2
DA:438,1
DA:439,1
LF:198
LH:165
end_of_record
SF:lib\navigator_key.dart
DA:3,3
LF:1
LH:1
end_of_record
SF:lib\widgets\stat_card.dart
DA:10,1
DA:19,1
DA:21,1
DA:23,2
DA:24,1
DA:25,1
DA:26,3
DA:28,1
DA:29,1
DA:30,1
DA:31,1
DA:33,1
DA:35,1
DA:36,1
DA:37,1
DA:38,3
DA:40,1
DA:41,1
DA:42,1
DA:45,2
DA:51,1
DA:52,1
LF:22
LH:22
end_of_record
SF:lib\widgets\period_selector.dart
DA:12,1
DA:20,1
DA:22,1
DA:23,1
DA:24,1
DA:27,1
DA:28,2
DA:29,2
DA:30,1
DA:32,1
DA:33,3
DA:35,3
DA:38,1
DA:41,2
DA:42,1
DA:44,1
DA:46,1
DA:47,1
DA:49,1
DA:50,2
DA:51,6
DA:52,0
DA:53,2
DA:56,1
DA:57,2
DA:58,3
DA:59,0
DA:62,1
DA:64,1
DA:65,2
DA:66,6
DA:67,0
DA:68,2
LF:33
LH:30
end_of_record
SF:lib\widgets\common_dialogs.dart
DA:5,2
DA:23,2
DA:24,2
DA:26,4
DA:27,2
DA:28,2
DA:30,2
DA:31,2
DA:33,2
DA:49,2
DA:50,2
DA:51,0
DA:54,2
DA:55,2
DA:56,4
DA:57,2
DA:59,2
DA:66,1
DA:74,1
DA:76,2
DA:77,1
DA:78,1
DA:79,1
DA:80,1
DA:81,0
DA:82,1
DA:84,1
DA:85,2
DA:87,0
DA:91,1
LF:30
LH:27
end_of_record
SF:lib\widgets\smart_currency_text.dart
DA:17,10
DA:32,10
DA:33,10
DA:39,7
DA:41,7
DA:42,28
DA:43,6
DA:47,10
DA:49,30
DA:50,30
DA:53,120
DA:55,10
DA:56,4
DA:58,10
DA:60,10
DA:62,10
DA:63,29
DA:65,20
DA:66,20
LF:19
LH:19
end_of_record
SF:lib\widgets\category_manager_dialog.dart
DA:10,1
DA:12,1
DA:13,1
DA:24,1
DA:26,2
DA:27,2
DA:28,1
DA:59,1
DA:61,1
DA:62,1
DA:63,2
DA:65,7
DA:66,4
DA:68,2
DA:69,2
DA:70,5
DA:71,1
DA:73,1
DA:75,1
DA:77,1
DA:79,1
DA:80,1
DA:81,1
DA:88,1
DA:90,1
DA:91,1
DA:92,1
DA:93,1
DA:102,3
DA:104,3
DA:106,1
DA:107,0
DA:111,1
DA:112,1
DA:113,1
DA:122,3
DA:124,3
DA:126,1
DA:127,0
DA:136,1
DA:138,1
DA:140,1
DA:141,1
DA:142,1
DA:144,1
DA:145,1
DA:146,1
DA:147,1
DA:149,1
DA:150,0
DA:151,1
DA:153,1
DA:154,2
DA:155,0
DA:157,1
DA:158,2
DA:163,2
DA:173,1
DA:174,1
DA:175,1
DA:176,1
DA:177,1
DA:178,4
DA:179,1
DA:181,3
DA:182,2
DA:183,1
DA:184,3
DA:185,1
DA:186,1
DA:187,1
DA:191,0
DA:192,0
DA:193,0
DA:194,0
DA:195,0
DA:196,0
DA:197,0
DA:199,0
DA:201,2
DA:203,2
DA:213,1
DA:214,1
DA:215,1
DA:216,1
DA:217,1
DA:218,1
DA:219,3
DA:221,2
DA:223,1
DA:224,7
DA:227,1
DA:229,1
DA:230,1
DA:232,0
DA:233,0
DA:234,0
DA:235,0
DA:236,0
DA:237,0
DA:238,0
DA:242,1
DA:245,0
DA:246,0
DA:247,0
DA:258,1
DA:259,1
DA:260,0
LF:108
LH:85
end_of_record
SF:lib\widgets\currency_dialog.dart
DA:6,1
DA:10,1
DA:12,1
DA:14,1
DA:15,3
DA:16,2
DA:17,1
DA:19,1
DA:20,1
DA:25,1
LF:10
LH:10
end_of_record
SF:lib\screens\cc_payment_dialog.dart
DA:13,3
DA:16,3
DA:18,3
DA:29,3
DA:31,3
DA:35,3
DA:37,9
DA:38,9
DA:40,3
DA:41,3
DA:43,15
DA:44,9
DA:45,3
DA:46,6
DA:48,3
DA:49,12
DA:51,12
DA:54,3
DA:57,3
DA:58,9
DA:62,3
DA:63,15
DA:64,3
DA:65,3
DA:67,3
DA:68,6
DA:69,0
DA:72,0
DA:73,0
DA:74,0
DA:75,0
DA:76,0
DA:88,3
DA:89,3
DA:90,9
DA:93,3
DA:100,3
DA:101,0
DA:102,0
DA:103,0
DA:104,0
DA:105,0
DA:106,0
DA:107,0
DA:108,0
DA:110,0
DA:111,0
DA:112,0
DA:118,3
DA:119,3
DA:120,3
DA:122,6
DA:123,15
DA:124,2
DA:125,3
DA:127,3
DA:128,3
DA:130,4
DA:134,0
DA:135,0
DA:137,3
DA:138,3
DA:140,3
DA:141,0
DA:147,3
DA:148,3
DA:149,0
DA:151,3
DA:152,1
DA:153,1
DA:154,3
DA:155,1
DA:156,3
DA:159,1
DA:160,4
DA:162,1
DA:166,3
DA:167,3
DA:170,1
DA:177,4
DA:179,3
DA:181,1
DA:182,2
DA:188,1
DA:189,0
DA:190,0
DA:191,0
DA:192,0
DA:196,0
DA:198,0
DA:199,0
DA:202,0
DA:205,0
DA:208,3
DA:209,3
DA:211,1
DA:212,1
DA:213,2
DA:222,1
DA:223,0
DA:224,0
LF:101
LH:69
end_of_record
SF:lib\widgets\form_utils.dart
DA:11,6
DA:17,6
DA:20,6
DA:22,12
DA:26,6
DA:27,12
DA:33,6
DA:41,22
DA:42,6
DA:44,0
DA:46,6
DA:48,6
DA:52,6
DA:54,6
DA:56,6
DA:58,10
DA:59,2
DA:60,8
DA:68,7
DA:76,7
DA:77,0
DA:78,0
DA:81,0
DA:82,0
DA:84,0
DA:86,7
DA:87,7
DA:90,7
DA:92,7
DA:93,14
DA:100,2
DA:101,4
DA:102,0
DA:103,0
DA:105,8
LF:35
LH:27
end_of_record
SF:lib\screens\loan\loan_rename_dialog.dart
DA:9,1
DA:11,1
DA:12,1
DA:18,1
DA:20,1
DA:21,5
DA:24,1
DA:26,1
DA:28,1
DA:29,1
DA:33,1
DA:34,1
DA:35,0
DA:37,1
DA:38,1
DA:39,3
DA:40,3
DA:41,5
DA:42,3
DA:43,3
DA:44,1
DA:45,1
LF:22
LH:21
end_of_record
SF:lib\screens\loan_payment_dialog.dart
DA:13,2
DA:15,2
DA:17,2
DA:28,2
DA:30,2
DA:31,12
DA:32,8
DA:35,2
DA:37,2
DA:39,2
DA:41,2
DA:42,2
DA:43,2
DA:44,3
DA:45,1
DA:46,4
DA:47,0
DA:69,2
DA:70,2
DA:71,6
DA:74,8
DA:75,2
DA:76,2
DA:77,2
DA:78,0
DA:80,2
DA:81,2
DA:82,2
DA:84,2
DA:85,2
DA:87,0
DA:91,2
DA:92,0
DA:96,2
DA:98,2
DA:99,0
DA:103,5
DA:107,1
DA:108,1
DA:109,0
DA:131,2
DA:132,4
DA:139,2
DA:140,2
DA:141,2
DA:143,2
DA:144,1
DA:145,1
DA:146,3
DA:147,1
DA:148,3
DA:149,3
DA:152,1
DA:154,6
DA:156,1
DA:157,2
DA:162,2
DA:163,3
DA:165,1
DA:168,2
DA:172,2
DA:174,4
DA:175,0
DA:176,0
DA:177,0
DA:178,3
DA:180,1
DA:181,1
DA:182,1
DA:184,1
DA:186,2
DA:188,1
DA:189,2
DA:190,1
DA:197,2
DA:198,1
DA:199,1
DA:201,1
DA:202,1
DA:204,2
DA:206,1
DA:207,1
DA:217,0
DA:218,0
DA:219,0
DA:221,0
DA:222,0
DA:224,0
DA:226,0
DA:239,1
DA:240,1
DA:241,1
DA:243,1
DA:246,1
DA:249,4
DA:251,1
DA:253,3
DA:254,3
DA:256,1
DA:257,1
DA:258,2
LF:101
LH:85
end_of_record
SF:lib\screens\app_lock_screen.dart
DA:9,2
DA:12,2
DA:13,2
DA:20,1
DA:21,3
DA:22,2
DA:23,2
DA:24,1
DA:29,0
DA:30,0
DA:31,0
DA:35,1
DA:36,3
DA:37,1
DA:39,2
DA:40,3
DA:42,2
DA:43,1
DA:44,1
DA:49,2
DA:51,2
DA:52,2
DA:53,2
DA:54,2
DA:55,2
DA:56,2
DA:57,4
DA:58,2
DA:60,2
DA:63,2
DA:72,2
DA:74,4
DA:75,6
DA:76,2
DA:80,2
DA:84,2
DA:89,2
DA:90,1
DA:92,2
DA:95,2
DA:98,2
DA:99,2
DA:100,2
DA:101,4
DA:104,2
DA:115,2
DA:116,2
DA:117,2
DA:118,2
DA:119,2
DA:120,2
DA:121,2
DA:123,2
DA:125,8
DA:127,2
DA:129,2
DA:130,2
DA:131,2
DA:132,2
DA:139,2
DA:143,2
DA:144,2
DA:145,2
DA:146,2
DA:147,7
DA:148,2
DA:152,8
DA:155,2
DA:156,2
DA:162,2
DA:166,2
DA:168,2
DA:169,2
LF:73
LH:70
end_of_record
SF:lib\widgets\lock_wrapper.dart
DA:9,1
DA:11,2
DA:12,2
DA:21,2
DA:23,2
DA:24,4
DA:27,2
DA:29,4
DA:30,2
DA:33,2
DA:36,6
DA:37,3
DA:38,3
DA:40,6
DA:44,3
DA:48,1
DA:50,3
DA:51,1
DA:56,1
DA:58,1
DA:59,1
DA:60,1
DA:63,3
DA:64,1
DA:67,1
DA:68,2
DA:69,2
DA:70,2
DA:73,3
DA:74,2
DA:75,3
DA:81,1
DA:86,2
DA:88,6
DA:91,8
DA:92,2
DA:93,2
DA:97,2
DA:98,2
DA:101,0
DA:102,0
DA:103,0
DA:105,0
DA:107,0
DA:116,0
DA:119,0
DA:120,0
DA:128,2
DA:130,6
DA:133,6
DA:134,0
DA:135,0
DA:137,0
DA:142,8
DA:143,2
DA:144,1
DA:145,1
DA:149,0
DA:152,0
DA:155,0
DA:156,0
DA:157,0
DA:167,0
DA:168,0
DA:169,0
DA:176,3
DA:178,3
DA:179,1
DA:180,1
DA:181,4
DA:183,2
DA:193,2
DA:194,2
DA:196,2
DA:197,3
DA:199,4
DA:203,3
DA:204,1
DA:205,1
DA:206,0
DA:207,1
DA:210,1
DA:212,5
DA:213,1
DA:214,3
LF:85
LH:65
end_of_record
SF:lib\screens\add_loan_screen.dart
DA:13,1
DA:15,2
DA:16,2
DA:39,2
DA:41,2
DA:42,4
DA:43,4
DA:44,4
DA:47,2
DA:49,4
DA:50,4
DA:51,4
DA:52,2
DA:55,2
DA:57,6
DA:58,6
DA:59,2
DA:60,4
DA:62,2
DA:63,2
DA:64,2
DA:65,2
DA:66,2
DA:68,2
DA:69,2
DA:70,2
DA:74,6
DA:76,6
DA:78,2
DA:79,1
DA:80,2
DA:81,1
DA:83,0
DA:84,0
DA:85,0
DA:91,2
DA:94,2
DA:95,2
DA:99,2
DA:101,2
DA:102,2
DA:103,2
DA:104,2
DA:107,2
DA:108,0
DA:109,0
DA:116,2
DA:117,2
DA:118,2
DA:119,2
DA:120,2
DA:121,2
DA:123,4
DA:128,2
DA:129,2
DA:130,2
DA:132,1
DA:133,2
DA:134,1
DA:135,2
DA:136,2
DA:137,1
DA:139,1
DA:140,0
DA:142,1
DA:147,2
DA:148,2
DA:152,2
DA:153,2
DA:154,0
DA:155,0
DA:162,2
DA:169,2
DA:170,2
DA:171,2
DA:173,3
DA:176,1
DA:177,2
DA:178,2
DA:179,1
DA:180,1
DA:183,2
DA:184,2
DA:189,2
DA:190,2
DA:191,2
DA:192,2
DA:193,2
DA:194,2
DA:199,4
DA:200,1
DA:201,2
DA:202,2
DA:204,1
DA:205,0
DA:207,1
DA:212,3
DA:218,2
DA:219,2
DA:220,2
DA:221,2
DA:223,4
DA:228,2
DA:229,2
DA:230,2
DA:232,0
DA:233,0
DA:234,0
DA:235,0
DA:236,0
DA:237,0
DA:239,0
DA:243,2
DA:244,1
DA:245,1
DA:250,0
DA:253,2
DA:254,2
DA:255,2
DA:256,2
DA:257,2
DA:258,0
DA:259,0
DA:261,0
DA:262,0
DA:263,0
DA:264,0
DA:266,2
DA:270,8
DA:277,2
DA:278,2
DA:279,1
DA:280,1
DA:282,1
DA:283,1
DA:284,1
DA:285,3
DA:287,2
DA:291,2
DA:292,6
DA:297,0
DA:298,0
DA:302,0
DA:303,0
DA:308,2
DA:309,2
DA:310,2
DA:311,2
DA:312,2
DA:313,2
DA:314,2
DA:317,6
DA:318,6
DA:320,4
DA:322,2
DA:323,0
DA:330,8
DA:331,2
DA:332,1
DA:338,1
DA:342,1
DA:343,1
DA:344,0
DA:345,0
DA:346,0
DA:348,0
DA:350,2
DA:351,3
DA:353,2
DA:355,2
DA:356,2
DA:357,2
DA:359,2
DA:360,2
DA:361,2
DA:365,2
DA:366,4
DA:373,2
DA:374,14
DA:377,0
DA:381,0
DA:384,0
DA:385,0
DA:402,2
DA:403,2
DA:404,2
DA:405,2
DA:418,1
DA:419,2
DA:420,6
DA:421,1
DA:422,3
DA:423,4
DA:424,2
DA:425,1
DA:426,4
DA:427,2
DA:428,4
DA:433,4
DA:434,2
DA:435,4
DA:439,0
DA:440,0
DA:441,0
DA:442,0
DA:443,0
DA:444,0
DA:445,0
DA:447,0
DA:448,0
DA:449,0
DA:450,0
DA:451,0
DA:452,0
DA:457,0
DA:458,0
DA:459,0
DA:460,0
DA:464,0
DA:465,0
DA:466,0
DA:467,0
DA:468,0
DA:469,0
DA:470,0
DA:472,0
DA:473,0
DA:474,0
DA:475,0
DA:478,0
DA:479,0
DA:480,0
DA:481,0
DA:482,0
DA:488,1
DA:489,3
DA:490,3
DA:492,3
DA:493,3
DA:495,1
DA:496,1
DA:497,1
DA:498,1
DA:499,1
DA:500,1
DA:501,3
DA:502,1
DA:503,3
DA:504,2
DA:505,0
DA:506,1
DA:507,1
DA:511,1
DA:512,3
DA:514,3
DA:518,0
DA:519,0
DA:520,0
DA:521,0
DA:523,0
LF:260
LH:185
end_of_record
SF:lib\screens\accounts_screen.dart
DA:16,2
DA:19,3
DA:22,4
DA:23,2
DA:27,1
DA:29,2
DA:30,2
DA:36,2
DA:38,2
DA:40,2
DA:43,2
DA:45,6
DA:46,6
DA:48,2
DA:49,6
DA:50,2
DA:52,2
DA:53,2
DA:54,2
DA:55,2
DA:56,1
DA:57,2
DA:60,5
DA:62,2
DA:63,2
DA:64,6
DA:68,6
DA:71,1
DA:72,5
DA:76,2
DA:77,2
DA:78,2
DA:79,2
DA:80,2
DA:82,2
DA:83,2
DA:86,2
DA:87,0
DA:88,0
DA:97,5
DA:100,1
DA:103,1
DA:104,1
DA:105,3
DA:107,2
DA:108,2
DA:110,1
DA:112,2
DA:113,1
DA:116,4
DA:120,3
DA:122,2
DA:126,3
DA:128,1
DA:129,1
DA:130,1
DA:132,2
DA:135,1
DA:137,1
DA:138,1
DA:139,1
DA:140,1
DA:141,1
DA:142,1
DA:143,1
DA:144,1
DA:145,1
DA:146,1
DA:147,1
DA:152,1
DA:153,1
DA:154,1
DA:155,1
DA:162,1
DA:164,1
DA:165,1
DA:167,1
DA:176,1
DA:179,1
DA:180,1
DA:181,1
DA:183,1
DA:184,2
DA:195,1
DA:197,1
DA:198,1
DA:200,1
DA:201,1
DA:202,1
DA:210,1
DA:212,1
DA:213,1
DA:219,1
DA:222,1
DA:224,1
DA:226,1
DA:227,1
DA:228,1
DA:236,1
DA:238,1
DA:239,1
DA:248,1
DA:249,1
DA:250,1
DA:251,1
DA:252,2
DA:254,1
DA:255,1
DA:256,1
DA:260,1
DA:261,1
DA:263,1
DA:264,2
DA:265,1
DA:266,1
DA:276,1
DA:277,1
DA:278,3
DA:279,1
DA:280,1
DA:281,1
DA:289,2
DA:290,1
DA:291,2
DA:292,2
DA:294,3
DA:301,1
DA:302,0
DA:303,0
DA:308,1
DA:311,2
DA:312,1
DA:313,3
DA:314,1
DA:316,2
DA:317,2
DA:319,1
DA:322,1
DA:326,1
DA:327,2
DA:331,1
DA:332,1
DA:335,1
DA:336,1
DA:340,1
DA:341,2
DA:342,1
DA:343,1
DA:344,1
DA:346,1
DA:347,1
DA:357,1
DA:358,1
DA:360,2
DA:361,1
DA:363,1
DA:364,2
DA:365,1
DA:370,1
DA:371,1
DA:375,1
DA:376,1
DA:377,3
DA:378,1
DA:379,3
DA:380,0
DA:382,0
DA:383,0
DA:384,0
DA:386,3
DA:388,1
DA:389,0
DA:390,0
DA:391,0
DA:392,0
DA:393,0
DA:394,1
DA:397,1
DA:398,2
DA:399,1
DA:400,2
DA:401,2
DA:403,1
DA:404,2
DA:407,1
DA:409,2
DA:413,2
DA:414,1
DA:421,1
DA:422,1
DA:423,1
DA:425,2
DA:429,1
DA:430,1
DA:431,0
DA:434,1
DA:435,2
DA:441,1
DA:443,2
DA:444,2
DA:445,2
DA:446,2
DA:447,1
DA:448,2
DA:454,2
DA:455,1
DA:462,0
DA:464,0
DA:466,0
DA:472,0
DA:473,0
DA:475,0
DA:476,0
DA:477,0
DA:478,0
DA:482,0
DA:483,0
DA:486,1
DA:489,1
DA:490,1
DA:491,1
DA:493,1
DA:494,1
DA:495,2
DA:500,1
DA:503,1
DA:504,1
DA:505,1
DA:508,1
DA:512,1
DA:513,1
DA:514,1
DA:523,1
DA:524,1
DA:526,2
DA:528,1
DA:531,1
DA:532,3
DA:538,1
DA:539,1
DA:540,0
DA:543,1
DA:544,1
DA:545,1
DA:546,4
DA:547,2
DA:548,2
DA:549,1
DA:550,2
DA:551,4
DA:555,1
DA:563,1
DA:565,1
DA:568,2
DA:575,1
DA:577,1
DA:578,1
DA:591,1
DA:593,1
DA:594,2
DA:595,4
DA:596,4
DA:597,4
DA:598,4
DA:599,4
DA:600,4
DA:601,4
DA:603,1
DA:607,1
DA:609,1
DA:610,1
DA:611,3
DA:616,1
DA:617,1
DA:618,1
DA:621,1
DA:622,3
DA:623,3
DA:625,1
DA:626,1
DA:628,1
DA:629,1
DA:630,2
DA:631,2
DA:636,3
DA:639,1
DA:640,2
DA:641,1
DA:642,2
DA:643,1
DA:644,1
DA:647,3
DA:649,3
DA:651,1
DA:652,0
DA:653,0
DA:658,2
DA:659,0
DA:661,0
DA:663,0
DA:673,0
DA:674,0
DA:675,0
DA:676,0
DA:678,0
DA:679,0
DA:680,0
DA:684,1
DA:685,1
DA:686,2
DA:687,1
DA:688,2
DA:692,7
DA:696,1
DA:697,2
DA:699,3
DA:701,2
DA:703,0
DA:704,0
DA:705,0
DA:708,0
DA:712,0
DA:714,0
DA:715,0
DA:717,0
DA:718,0
DA:719,0
DA:720,0
DA:723,0
DA:726,0
DA:727,0
DA:728,0
DA:729,0
DA:735,0
DA:736,0
DA:737,0
DA:738,0
DA:742,0
DA:743,0
DA:744,0
DA:750,0
DA:751,0
DA:752,0
DA:753,0
DA:758,0
DA:761,0
DA:764,0
DA:765,0
DA:766,0
DA:767,0
DA:768,0
DA:770,0
DA:771,0
DA:772,0
DA:773,0
DA:781,1
DA:782,1
DA:783,1
DA:784,1
DA:789,1
DA:790,2
DA:792,1
DA:799,1
DA:800,3
DA:801,3
DA:802,3
DA:806,2
DA:807,0
DA:808,0
DA:809,0
DA:810,0
DA:811,0
DA:812,0
DA:813,0
DA:815,0
DA:816,0
DA:822,2
DA:823,0
DA:824,0
DA:825,0
DA:826,0
DA:827,0
DA:828,0
DA:829,0
DA:830,0
DA:832,3
DA:833,1
DA:834,1
DA:835,1
DA:836,1
DA:837,1
DA:838,1
DA:839,1
DA:840,1
DA:843,1
DA:845,3
DA:846,3
LF:397
LH:304
end_of_record
SF:lib\screens\transactions_screen.dart
DA:21,2
DA:30,3
DA:31,3
DA:48,3
DA:50,3
DA:51,9
DA:52,9
DA:53,9
DA:54,9
DA:55,9
DA:56,5
DA:57,0
DA:61,3
DA:63,3
DA:66,3
DA:68,9
DA:69,9
DA:70,9
DA:71,9
DA:73,3
DA:74,9
DA:75,3
DA:76,3
DA:77,4
DA:79,3
DA:80,1
DA:82,1
DA:83,1
DA:85,1
DA:88,2
DA:89,2
DA:90,1
DA:92,1
DA:93,1
DA:94,1
DA:95,1
DA:96,1
DA:99,4
DA:100,2
DA:101,2
DA:102,2
DA:103,3
DA:105,2
DA:112,1
DA:113,1
DA:114,2
DA:116,2
DA:118,1
DA:119,1
DA:120,0
DA:121,0
DA:122,0
DA:123,0
DA:128,3
DA:129,3
DA:130,3
DA:131,1
DA:132,3
DA:133,3
DA:136,5
DA:138,3
DA:139,3
DA:141,1
DA:142,2
DA:143,1
DA:149,3
DA:150,3
DA:152,16
DA:154,3
DA:155,3
DA:156,3
DA:157,5
DA:158,4
DA:162,3
DA:164,3
DA:165,3
DA:166,3
DA:167,3
DA:168,3
DA:171,7
DA:173,12
DA:174,3
DA:175,5
DA:178,3
DA:182,9
DA:183,12
DA:184,3
DA:185,0
DA:186,3
DA:187,2
DA:188,2
DA:190,3
DA:191,3
DA:192,6
DA:193,3
DA:194,3
DA:195,3
DA:196,3
DA:197,3
DA:199,3
DA:202,7
DA:203,6
DA:205,0
DA:206,0
DA:207,0
DA:208,0
DA:210,0
DA:212,0
DA:213,0
DA:214,0
DA:216,0
DA:217,0
DA:218,0
DA:220,3
DA:221,1
DA:222,1
DA:224,0
DA:225,3
DA:226,8
DA:227,1
DA:230,3
DA:231,2
DA:233,2
DA:234,0
DA:237,2
DA:238,2
DA:239,2
DA:240,2
DA:241,2
DA:242,2
DA:243,6
DA:249,2
DA:250,0
DA:251,0
DA:252,0
DA:254,2
DA:259,2
DA:260,2
DA:262,2
DA:263,0
DA:264,0
DA:265,0
DA:267,0
DA:269,0
DA:270,0
DA:276,1
DA:277,1
DA:278,2
DA:279,1
DA:280,3
DA:284,0
DA:285,2
DA:286,2
DA:288,2
DA:289,2
DA:290,2
DA:292,2
DA:293,4
DA:298,2
DA:300,4
DA:308,2
DA:309,2
DA:311,0
DA:312,0
DA:321,2
DA:324,2
DA:325,6
DA:326,2
DA:327,2
DA:328,2
DA:330,2
DA:332,2
DA:333,4
DA:336,2
DA:337,2
DA:338,2
DA:340,2
DA:341,0
DA:342,0
DA:345,2
DA:347,2
DA:348,0
DA:349,0
DA:361,0
DA:362,0
DA:365,1
DA:366,0
DA:371,1
DA:372,1
DA:374,2
DA:375,4
DA:377,1
DA:378,1
DA:379,0
DA:381,1
DA:382,2
DA:388,1
DA:389,3
DA:390,2
DA:391,1
DA:394,1
DA:395,2
DA:396,1
DA:397,2
DA:400,2
DA:406,0
DA:408,0
DA:410,0
DA:413,0
DA:414,0
DA:415,0
DA:417,0
DA:418,0
DA:423,0
DA:424,0
DA:425,0
DA:426,0
DA:427,0
DA:433,0
DA:434,0
DA:435,0
DA:436,0
DA:437,0
DA:440,0
DA:442,0
DA:443,0
DA:448,0
DA:449,0
DA:450,0
DA:451,0
DA:456,0
DA:457,0
DA:458,0
DA:459,0
DA:460,0
DA:462,0
LF:236
LH:166
end_of_record
SF:lib\screens\add_transaction_screen.dart
DA:21,2
DA:28,4
DA:30,4
DA:59,4
DA:61,4
DA:62,8
DA:63,4
DA:64,4
DA:65,4
DA:66,4
DA:67,4
DA:68,4
DA:69,6
DA:70,4
DA:71,4
DA:72,6
DA:73,8
DA:74,4
DA:75,4
DA:77,9
DA:81,4
DA:83,8
DA:84,8
DA:85,8
DA:86,4
DA:89,4
DA:91,12
DA:92,12
DA:93,12
DA:94,12
DA:96,6
DA:97,4
DA:98,4
DA:99,4
DA:100,4
DA:101,4
DA:104,4
DA:107,10
DA:108,8
DA:110,4
DA:113,4
DA:114,4
DA:115,0
DA:116,0
DA:120,4
DA:121,5
DA:122,2
DA:123,2
DA:124,1
DA:125,3
DA:128,7
DA:129,6
DA:130,4
DA:131,11
DA:132,2
DA:133,4
DA:136,4
DA:137,4
DA:138,12
DA:141,4
DA:142,4
DA:144,4
DA:145,4
DA:146,0
DA:147,0
DA:149,0
DA:150,0
DA:154,4
DA:155,5
DA:156,2
DA:157,2
DA:158,1
DA:159,3
DA:162,4
DA:163,4
DA:164,4
DA:166,4
DA:167,4
DA:168,4
DA:169,4
DA:172,4
DA:173,4
DA:176,4
DA:177,4
DA:180,4
DA:182,4
DA:183,1
DA:184,2
DA:185,2
DA:190,12
DA:191,4
DA:193,4
DA:197,8
DA:198,2
DA:199,2
DA:200,2
DA:201,5
DA:202,2
DA:206,4
DA:207,5
DA:209,1
DA:212,1
DA:214,1
DA:215,1
DA:217,1
DA:218,2
DA:228,4
DA:229,8
DA:232,6
DA:233,6
DA:234,5
DA:235,1
DA:236,2
DA:237,1
DA:241,5
DA:243,4
DA:244,10
DA:245,8
DA:247,1
DA:248,2
DA:250,2
DA:257,1
DA:258,1
DA:259,1
DA:261,1
DA:262,4
DA:263,3
DA:265,2
DA:268,1
DA:269,1
DA:278,2
DA:279,0
DA:284,4
DA:285,4
DA:286,4
DA:287,1
DA:288,2
DA:289,1
DA:290,0
DA:291,0
DA:292,2
DA:293,3
DA:296,1
DA:297,1
DA:298,1
DA:299,0
DA:300,0
DA:301,1
DA:305,4
DA:306,4
DA:313,2
DA:314,2
DA:317,0
DA:318,0
DA:320,0
DA:322,0
DA:323,0
DA:324,0
DA:327,0
DA:328,0
DA:329,0
DA:330,0
DA:331,0
DA:332,0
DA:341,4
DA:342,4
DA:344,4
DA:345,4
DA:346,8
DA:351,4
DA:354,8
DA:355,2
DA:356,2
DA:357,6
DA:360,1
DA:361,2
DA:362,1
DA:363,3
DA:364,0
DA:369,9
DA:371,1
DA:373,1
DA:378,1
DA:379,1
DA:380,1
DA:383,5
DA:384,3
DA:385,1
DA:386,1
DA:387,3
DA:390,4
DA:391,1
DA:394,4
DA:395,4
DA:396,4
DA:397,4
DA:400,19
DA:406,4
DA:407,4
DA:408,4
DA:412,3
DA:415,2
DA:416,2
DA:418,4
DA:419,4
DA:420,4
DA:421,4
DA:422,4
DA:423,4
DA:424,16
DA:425,0
DA:426,0
DA:428,0
DA:429,0
DA:430,0
DA:431,0
DA:435,4
DA:436,4
DA:437,4
DA:438,12
DA:439,0
DA:440,0
DA:441,0
DA:442,0
DA:448,11
DA:450,3
DA:454,3
DA:455,8
DA:457,5
DA:458,2
DA:460,2
DA:462,2
DA:469,2
DA:470,2
DA:471,2
DA:474,2
DA:475,2
DA:478,2
DA:480,2
DA:481,0
DA:482,0
DA:483,0
DA:487,2
DA:489,0
DA:492,0
DA:493,0
DA:494,0
DA:495,0
DA:496,0
DA:498,0
DA:499,0
DA:503,0
DA:504,0
DA:505,0
DA:514,2
DA:520,6
DA:521,2
DA:523,2
DA:524,2
DA:525,2
DA:528,2
DA:533,6
DA:535,6
DA:537,2
DA:538,1
DA:539,2
DA:540,1
DA:541,2
DA:542,2
DA:543,0
DA:544,2
DA:545,1
DA:546,3
DA:547,0
DA:548,0
DA:553,6
DA:555,2
DA:558,2
DA:563,4
DA:564,2
DA:572,2
DA:574,6
DA:576,4
DA:578,2
DA:579,0
DA:580,0
DA:583,2
DA:584,2
DA:588,2
DA:589,0
DA:590,0
DA:593,5
DA:595,1
DA:596,1
DA:613,0
DA:614,0
DA:621,4
DA:622,4
DA:623,4
DA:624,4
DA:629,4
DA:630,8
DA:639,2
DA:640,0
DA:645,1
DA:646,3
DA:647,3
DA:648,2
DA:649,1
DA:650,3
DA:651,0
DA:660,1
DA:661,4
DA:662,7
DA:664,1
DA:665,0
DA:666,0
DA:667,0
DA:676,1
DA:677,10
DA:678,3
DA:680,2
DA:681,1
DA:682,5
DA:683,6
DA:684,3
DA:685,2
DA:686,6
DA:687,1
DA:688,1
DA:689,1
DA:690,1
DA:691,2
DA:693,1
DA:694,6
DA:695,1
DA:696,1
DA:697,0
DA:700,1
DA:701,2
DA:707,1
DA:708,1
DA:709,5
DA:714,2
DA:715,4
DA:716,2
DA:718,3
DA:719,1
DA:720,4
DA:721,1
DA:722,1
DA:724,1
DA:725,3
DA:726,1
DA:727,1
DA:729,2
DA:730,1
DA:733,3
DA:736,1
DA:737,1
DA:738,2
DA:739,0
DA:740,0
DA:742,5
DA:744,1
DA:745,0
DA:746,0
DA:747,0
DA:748,0
DA:749,0
DA:750,0
DA:751,0
DA:752,0
DA:753,0
DA:755,0
DA:756,0
DA:758,0
DA:759,0
DA:760,0
DA:761,0
DA:762,0
DA:764,0
DA:765,0
DA:766,0
DA:768,0
DA:770,0
DA:772,3
DA:773,3
DA:774,3
DA:775,3
DA:779,2
DA:781,2
DA:783,2
DA:785,2
DA:787,2
DA:789,2
DA:791,2
DA:793,2
DA:798,1
DA:800,1
DA:802,1
DA:804,0
DA:806,0
DA:808,0
DA:813,2
DA:814,4
DA:815,0
DA:816,0
DA:817,0
DA:818,0
DA:819,0
DA:820,0
DA:822,0
DA:823,0
DA:824,0
DA:827,0
DA:830,8
LF:417
LH:318
end_of_record
SF:lib\widgets\transaction_list_item.dart
DA:24,5
DA:41,5
DA:43,10
DA:44,15
DA:45,6
DA:47,6
DA:51,10
DA:53,5
DA:54,0
DA:55,0
DA:56,0
DA:58,5
DA:59,5
DA:60,5
DA:61,5
DA:62,5
DA:63,2
DA:64,2
DA:65,2
DA:67,5
DA:69,15
DA:70,2
DA:71,15
DA:72,0
DA:73,5
DA:74,15
DA:75,2
DA:76,15
DA:77,0
DA:78,5
DA:80,15
DA:81,5
DA:83,5
DA:85,5
DA:87,5
DA:88,5
DA:90,2
DA:91,1
DA:94,5
DA:95,3
DA:97,3
DA:98,3
DA:99,6
DA:100,3
DA:101,3
DA:102,9
DA:105,3
DA:108,3
DA:110,9
DA:115,5
DA:121,5
DA:122,5
DA:124,3
DA:125,12
DA:126,2
DA:133,3
DA:137,15
DA:139,0
DA:141,30
DA:144,5
DA:145,25
DA:150,1
DA:151,1
DA:153,1
DA:154,1
DA:155,3
DA:156,1
DA:157,4
DA:158,1
DA:161,3
DA:164,1
DA:165,3
DA:166,1
DA:167,1
DA:168,1
DA:171,3
DA:174,0
DA:183,0
DA:185,0
DA:186,0
DA:194,4
DA:195,1
DA:196,2
DA:197,1
DA:198,4
DA:209,1
DA:210,1
DA:211,1
DA:212,1
DA:213,1
DA:214,3
LF:91
LH:81
end_of_record
SF:lib\screens\dashboard_screen.dart
DA:25,2
DA:27,3
DA:28,3
DA:34,3
DA:36,3
DA:38,9
DA:39,15
DA:43,9
DA:44,9
DA:46,3
DA:49,3
DA:50,3
DA:51,0
DA:52,0
DA:53,0
DA:54,0
DA:56,0
DA:60,0
DA:66,3
DA:70,3
DA:73,3
DA:75,9
DA:76,9
DA:77,9
DA:78,9
DA:79,3
DA:80,9
DA:81,9
DA:82,9
DA:83,9
DA:86,9
DA:89,0
DA:90,0
DA:91,0
DA:97,0
DA:99,0
DA:101,3
DA:102,9
DA:103,3
DA:104,3
DA:106,3
DA:107,3
DA:108,6
DA:109,3
DA:112,3
DA:113,6
DA:114,3
DA:115,12
DA:116,3
DA:117,0
DA:118,0
DA:119,3
DA:120,12
DA:124,9
DA:125,0
DA:126,0
DA:132,12
DA:133,9
DA:134,6
DA:135,2
DA:136,0
DA:137,2
DA:140,3
DA:143,3
DA:144,3
DA:145,3
DA:147,3
DA:149,3
DA:150,3
DA:151,2
DA:152,6
DA:153,3
DA:154,3
DA:155,6
DA:156,3
DA:157,3
DA:159,3
DA:160,6
DA:161,3
DA:163,3
DA:164,3
DA:165,3
DA:166,3
DA:168,3
DA:170,3
DA:171,3
DA:172,3
DA:173,6
DA:174,3
DA:177,3
DA:178,0
DA:180,0
DA:181,0
DA:186,3
DA:193,3
DA:194,3
DA:196,3
DA:197,3
DA:198,3
DA:199,3
DA:200,3
DA:202,2
DA:203,2
DA:205,3
DA:206,3
DA:208,2
DA:209,2
DA:211,3
DA:212,3
DA:214,0
DA:215,0
DA:223,3
DA:228,6
DA:230,3
DA:231,3
DA:232,3
DA:233,3
DA:239,9
DA:240,3
DA:242,6
DA:244,4
DA:247,2
DA:249,1
DA:250,1
DA:251,2
DA:254,2
DA:257,3
DA:258,1
DA:259,1
DA:261,1
DA:264,2
DA:266,2
DA:267,2
DA:270,2
DA:271,2
DA:272,2
DA:278,3
DA:279,0
DA:282,3
DA:283,3
DA:284,3
DA:288,3
DA:294,3
DA:295,3
DA:296,3
DA:297,3
DA:303,3
DA:305,3
DA:306,3
DA:308,3
DA:311,3
DA:312,3
DA:313,3
DA:321,2
DA:322,3
DA:328,3
DA:336,1
DA:345,3
DA:346,3
DA:350,3
DA:358,1
DA:369,3
DA:370,3
DA:371,3
DA:372,3
DA:375,3
DA:378,3
DA:379,3
DA:381,3
DA:389,3
DA:393,3
DA:394,3
DA:395,3
DA:397,6
DA:399,3
DA:401,3
DA:402,3
DA:403,3
DA:404,3
DA:410,3
DA:420,3
DA:422,0
DA:424,0
DA:425,0
DA:427,0
DA:429,0
DA:430,0
DA:433,0
DA:434,0
DA:435,0
DA:437,0
DA:450,0
DA:451,0
DA:454,3
DA:455,0
DA:459,3
DA:461,3
DA:463,3
DA:464,3
DA:465,3
DA:467,3
DA:469,3
DA:470,3
DA:472,3
DA:473,6
DA:480,3
DA:490,1
DA:506,3
DA:514,3
DA:517,3
DA:518,3
DA:521,3
DA:523,6
DA:524,3
DA:525,3
DA:527,0
DA:530,4
DA:532,1
DA:534,8
DA:535,2
DA:536,2
DA:538,2
DA:539,1
DA:540,2
DA:546,3
DA:549,3
DA:550,6
DA:551,3
DA:552,3
DA:553,3
DA:554,3
DA:559,3
DA:560,3
DA:561,6
DA:562,3
DA:563,3
DA:564,3
DA:565,3
DA:567,3
DA:578,1
DA:589,3
DA:592,3
DA:593,3
DA:594,3
DA:596,3
DA:607,1
DA:621,3
DA:622,11
DA:624,2
DA:626,2
DA:627,2
DA:629,2
DA:638,1
DA:639,3
DA:641,6
DA:642,1
DA:645,1
DA:646,2
DA:652,2
DA:653,6
DA:655,6
DA:656,2
DA:657,2
DA:658,2
DA:659,6
DA:662,2
DA:665,2
DA:667,2
DA:668,2
DA:669,2
DA:678,1
DA:687,2
DA:688,2
DA:697,1
DA:698,3
DA:716,3
DA:717,0
DA:721,3
DA:722,3
DA:725,3
DA:726,3
DA:727,3
DA:728,2
DA:730,1
DA:731,1
DA:733,3
DA:737,3
DA:738,0
DA:740,0
DA:741,0
DA:743,3
DA:747,3
DA:748,0
DA:750,0
DA:751,0
DA:753,3
DA:757,3
DA:758,0
DA:759,0
DA:760,3
DA:764,3
DA:765,0
DA:766,3
DA:770,3
DA:771,0
DA:773,0
DA:775,3
DA:783,3
DA:785,3
DA:786,3
DA:787,3
DA:790,3
DA:791,3
DA:792,3
DA:794,3
DA:797,3
DA:802,3
DA:807,3
DA:808,3
DA:809,3
DA:816,4
DA:818,1
DA:821,3
DA:822,1
DA:823,1
DA:825,1
DA:831,0
DA:832,0
DA:834,0
DA:835,0
DA:836,0
DA:839,0
DA:847,3
DA:848,0
DA:852,1
DA:853,1
DA:856,1
DA:857,1
DA:859,3
DA:860,1
DA:861,2
DA:863,1
DA:865,1
DA:866,1
DA:867,1
DA:868,1
DA:870,1
DA:871,1
DA:872,1
DA:873,1
DA:875,3
DA:876,0
DA:877,1
DA:883,1
DA:884,1
DA:885,1
DA:886,0
DA:890,1
DA:891,0
DA:892,0
DA:903,3
DA:904,6
DA:905,6
DA:907,3
DA:908,2
DA:909,4
DA:910,0
DA:911,0
DA:912,0
DA:914,0
DA:916,0
DA:917,0
DA:918,0
DA:919,0
DA:921,0
DA:922,0
DA:923,0
DA:924,0
DA:925,0
DA:926,0
DA:927,0
DA:929,0
DA:930,0
DA:931,0
DA:932,0
DA:933,0
DA:934,0
DA:935,0
DA:936,0
DA:937,0
DA:938,0
DA:944,0
DA:947,3
DA:948,1
LF:394
LH:309
end_of_record
SF:lib\screens\loans_screen.dart
DA:10,2
DA:12,1
DA:14,2
DA:16,1
DA:17,1
DA:18,1
DA:19,1
DA:20,1
DA:21,1
DA:22,1
DA:24,1
DA:25,1
DA:28,1
DA:29,0
DA:31,0
DA:32,0
DA:40,1
DA:42,1
DA:43,1
DA:44,1
DA:45,2
DA:47,3
DA:48,1
DA:50,1
DA:51,1
DA:52,2
DA:54,1
DA:55,2
DA:57,1
DA:58,1
DA:63,1
DA:64,1
DA:66,1
DA:67,2
DA:74,1
DA:75,0
DA:77,1
DA:78,1
DA:79,1
DA:80,2
DA:82,1
LF:41
LH:37
end_of_record
SF:lib\screens\settings_screen.dart
DA:31,2
DA:33,1
DA:34,1
DA:46,1
DA:48,1
DA:49,3
DA:50,2
DA:54,0
DA:55,0
DA:56,0
DA:62,1
DA:64,4
DA:66,3
DA:67,3
DA:69,1
DA:70,3
DA:71,1
DA:72,1
DA:73,1
DA:74,1
DA:75,1
DA:76,1
DA:77,1
DA:78,1
DA:79,1
DA:80,1
DA:81,4
DA:82,1
DA:84,1
DA:85,1
DA:91,1
DA:92,1
DA:94,1
DA:95,1
DA:96,1
DA:98,6
DA:99,1
DA:100,4
DA:102,4
DA:107,1
DA:108,3
DA:109,1
DA:111,5
DA:125,1
DA:126,3
DA:127,4
DA:129,1
DA:131,1
DA:132,1
DA:133,1
DA:136,1
DA:137,2
DA:140,1
DA:143,1
DA:144,0
DA:151,1
DA:152,1
DA:154,1
DA:155,1
DA:156,1
DA:161,1
DA:165,2
DA:166,0
DA:167,0
DA:172,0
DA:175,0
DA:176,0
DA:177,0
DA:179,0
DA:180,0
DA:181,0
DA:182,0
DA:185,0
DA:187,0
DA:190,0
DA:192,0
DA:196,0
DA:197,0
DA:198,0
DA:199,0
DA:204,0
DA:205,0
DA:207,0
DA:211,0
DA:212,0
DA:213,0
DA:221,1
DA:224,1
DA:225,4
DA:226,1
DA:228,1
DA:229,1
DA:230,1
DA:231,1
DA:234,3
DA:236,1
DA:239,1
DA:241,3
DA:244,1
DA:245,0
DA:246,0
DA:254,1
DA:257,1
DA:258,1
DA:259,1
DA:261,1
DA:263,1
DA:264,1
DA:266,1
DA:267,1
DA:268,1
DA:270,1
DA:271,3
DA:282,1
DA:283,1
DA:284,1
DA:285,1
DA:286,1
DA:287,1
DA:292,1
DA:294,1
DA:301,1
DA:302,1
DA:303,1
DA:304,1
DA:309,1
DA:311,1
DA:324,1
DA:325,1
DA:327,1
DA:328,1
DA:329,1
DA:332,1
DA:333,0
DA:334,0
DA:336,1
DA:340,2
DA:341,1
DA:348,1
DA:352,2
DA:353,1
DA:360,1
DA:364,2
DA:370,1
DA:371,4
DA:372,4
DA:373,1
DA:375,2
DA:377,1
DA:379,1
DA:381,1
DA:382,1
DA:383,1
DA:384,1
DA:385,2
DA:386,2
DA:388,1
DA:389,1
DA:392,2
DA:394,0
DA:395,0
DA:396,0
DA:398,0
DA:399,0
DA:401,0
DA:403,0
DA:404,0
DA:405,0
DA:414,0
DA:415,0
DA:416,0
DA:419,0
DA:427,0
DA:428,0
DA:433,2
DA:436,2
DA:440,3
DA:441,2
DA:442,3
DA:443,1
DA:444,2
DA:446,3
DA:449,0
DA:450,0
DA:451,0
DA:460,1
DA:461,1
DA:462,0
DA:469,1
DA:470,1
DA:472,1
DA:473,1
DA:474,1
DA:477,1
DA:478,0
DA:480,0
DA:481,0
DA:483,1
DA:486,1
DA:487,0
DA:488,0
DA:490,1
DA:493,1
DA:494,0
DA:496,0
DA:499,1
DA:502,1
DA:503,3
DA:504,0
DA:505,0
DA:511,1
DA:512,1
DA:514,1
DA:515,1
DA:516,4
DA:517,2
DA:518,2
DA:519,5
DA:520,1
DA:521,2
DA:522,1
DA:523,1
DA:525,2
DA:526,1
DA:527,1
DA:530,1
DA:532,1
DA:533,1
DA:534,1
DA:536,0
DA:537,0
DA:539,2
DA:540,1
DA:541,1
DA:542,0
DA:543,0
DA:549,1
DA:550,1
DA:551,3
DA:552,2
DA:553,3
DA:554,3
DA:557,1
DA:559,1
DA:560,0
DA:562,1
DA:564,1
DA:565,2
DA:572,1
DA:573,2
DA:574,1
DA:575,1
DA:576,1
DA:578,4
DA:579,3
DA:587,1
DA:588,1
DA:590,1
DA:591,1
DA:592,1
DA:594,1
DA:595,13
DA:596,1
DA:597,1
DA:599,1
DA:601,1
DA:602,9
[...]
DA:543,0
DA:546,1
DA:547,0
DA:552,1
DA:553,1
DA:556,1
DA:557,2
DA:558,6
DA:561,2
DA:562,5
DA:564,1
DA:565,1
DA:566,1
DA:567,1
DA:568,1
DA:569,1
DA:571,1
DA:573,1
DA:575,1
DA:576,1
DA:577,1
DA:578,2
DA:580,1
DA:581,1
DA:583,1
DA:584,2
DA:585,1
DA:586,0
DA:588,2
DA:592,2
DA:598,1
DA:599,1
DA:600,1
DA:601,2
DA:602,2
DA:603,2
DA:607,1
DA:608,2
DA:619,1
DA:620,1
DA:621,2
DA:622,1
DA:623,1
DA:624,0
DA:625,0
DA:626,0
DA:627,0
DA:628,0
DA:629,0
DA:630,0
DA:631,0
DA:632,0
DA:633,0
DA:634,0
DA:635,0
DA:636,0
DA:637,0
DA:640,0
DA:643,1
DA:645,1
DA:647,1
DA:649,1
DA:650,1
DA:651,2
DA:652,1
DA:654,1
DA:656,1
DA:657,1
DA:658,1
DA:659,2
DA:661,1
DA:662,1
DA:663,2
DA:666,1
DA:669,1
DA:676,1
DA:679,4
DA:681,1
DA:684,2
DA:686,4
DA:688,1
DA:690,1
DA:691,4
DA:692,1
DA:693,1
DA:707,1
DA:708,2
DA:709,1
DA:711,1
DA:712,1
DA:713,2
DA:714,1
DA:717,4
DA:718,4
DA:719,4
LF:332
LH:271
end_of_record
SF:lib\screens\reminders_screen.dart
DA:18,2
DA:20,1
DA:22,2
DA:23,2
DA:24,2
DA:25,2
DA:26,1
DA:28,1
DA:29,1
DA:30,1
DA:32,1
DA:34,1
DA:35,1
DA:37,1
DA:38,1
DA:39,1
DA:40,1
DA:41,0
DA:44,1
DA:45,1
DA:46,4
DA:47,2
DA:49,1
DA:50,0
DA:52,1
DA:53,0
DA:56,1
DA:57,1
DA:58,1
DA:59,1
DA:60,1
DA:61,0
DA:69,1
DA:70,1
DA:72,1
DA:73,1
DA:74,3
DA:76,1
DA:77,1
DA:78,1
DA:79,1
DA:80,1
DA:86,1
DA:88,5
DA:89,1
DA:91,1
DA:92,2
DA:93,1
DA:94,4
DA:97,4
DA:99,4
DA:100,4
DA:101,0
DA:104,2
DA:105,0
DA:106,0
DA:112,1
DA:113,2
DA:114,2
DA:115,4
DA:116,4
DA:117,1
DA:120,4
DA:122,3
DA:123,1
DA:126,0
DA:127,0
DA:129,0
DA:130,0
DA:131,0
DA:132,0
DA:133,0
DA:134,0
DA:153,1
DA:160,0
DA:163,1
DA:165,1
DA:167,1
DA:168,1
DA:169,1
DA:170,1
DA:171,1
DA:173,1
DA:174,1
DA:176,1
DA:177,2
DA:178,1
DA:187,1
DA:188,3
DA:189,1
DA:190,1
DA:192,1
DA:193,1
DA:198,0
DA:199,0
DA:202,1
DA:203,1
DA:204,1
DA:205,1
DA:206,1
DA:208,2
DA:209,1
DA:210,2
DA:212,2
DA:215,1
DA:218,1
DA:219,1
DA:220,1
DA:233,1
DA:235,1
DA:236,1
DA:237,1
DA:241,1
DA:243,4
DA:245,1
DA:251,1
DA:254,1
DA:257,1
DA:258,4
DA:260,1
DA:263,1
DA:266,1
DA:267,1
DA:269,1
DA:270,2
DA:273,0
DA:275,0
DA:283,1
DA:287,1
DA:293,2
DA:295,5
DA:296,1
DA:298,1
DA:299,2
DA:300,1
DA:301,1
DA:304,3
DA:305,4
DA:306,0
DA:309,3
DA:312,1
DA:313,0
DA:314,0
DA:315,0
DA:316,0
DA:317,1
DA:319,1
DA:320,1
DA:321,2
DA:324,2
DA:327,3
DA:328,1
DA:342,1
DA:348,3
DA:349,5
DA:350,0
DA:352,1
DA:354,1
DA:356,1
DA:357,1
DA:358,1
DA:359,1
DA:360,1
DA:362,1
DA:363,1
DA:365,1
DA:366,2
DA:367,1
DA:376,4
DA:377,1
DA:378,1
DA:380,1
DA:381,1
DA:386,0
DA:387,0
DA:392,1
DA:394,1
DA:395,1
DA:396,1
DA:400,1
DA:402,2
DA:404,1
DA:410,1
DA:413,0
DA:416,0
DA:417,0
DA:419,0
DA:422,1
DA:425,1
DA:426,1
DA:428,1
DA:429,2
DA:432,2
DA:434,2
DA:444,1
DA:448,1
DA:450,4
DA:451,1
DA:453,1
DA:454,2
DA:455,1
DA:456,1
DA:462,4
DA:463,4
DA:465,1
DA:471,1
DA:473,1
DA:475,1
DA:476,1
DA:477,1
DA:478,1
DA:479,1
DA:481,1
DA:482,1
DA:484,1
DA:485,2
DA:489,4
DA:490,1
DA:491,1
DA:493,1
DA:494,1
DA:499,1
DA:500,2
DA:502,0
DA:507,2
DA:511,1
DA:512,1
DA:514,2
DA:515,1
DA:516,1
DA:517,2
DA:522,1
DA:523,1
DA:524,1
DA:534,1
DA:536,1
DA:537,1
DA:538,1
DA:543,3
DA:545,1
DA:551,1
DA:552,1
DA:553,1
DA:554,1
DA:555,1
DA:558,1
DA:559,1
DA:560,1
DA:561,1
DA:563,1
DA:564,1
DA:566,2
DA:568,1
DA:569,2
DA:570,1
DA:571,1
DA:572,0
DA:574,1
DA:575,2
DA:580,1
DA:582,2
DA:583,2
DA:584,2
DA:592,1
DA:594,1
DA:595,1
DA:597,1
DA:598,2
DA:602,1
DA:603,1
DA:604,1
DA:605,1
DA:606,1
DA:607,1
DA:608,1
DA:609,1
DA:611,1
DA:613,1
DA:614,2
DA:616,1
DA:626,1
LF:281
LH:247
end_of_record
SF:lib\utils\ui_utils.dart
DA:7,2
DA:8,2
DA:10,4
DA:13,2
DA:14,2
DA:15,2
DA:18,2
DA:19,2
DA:20,2
DA:30,1
DA:31,4
DA:32,3
DA:33,1
DA:34,4
DA:39,2
DA:40,2
DA:42,2
DA:43,2
DA:44,2
DA:46,2
DA:60,1
DA:61,1
LF:22
LH:22
end_of_record
SF:lib\screens\lending\lending_dashboard_screen.dart
DA:11,2
DA:13,1
DA:15,2
DA:16,2
DA:17,2
DA:18,2
DA:20,1
DA:21,1
DA:24,1
DA:25,1
DA:27,1
DA:29,1
DA:30,1
DA:31,1
DA:32,1
DA:41,1
DA:42,1
DA:55,1
DA:56,1
DA:58,1
DA:59,1
DA:60,1
DA:61,1
DA:62,1
DA:69,1
DA:70,0
DA:71,0
DA:73,0
DA:82,1
DA:84,1
DA:86,1
DA:87,1
DA:88,1
DA:89,2
DA:91,1
DA:93,1
DA:94,1
DA:95,1
DA:98,1
DA:99,1
DA:100,1
DA:108,1
DA:110,2
DA:112,3
DA:114,1
DA:115,2
DA:116,1
DA:122,1
DA:123,1
DA:125,2
DA:129,1
DA:130,1
DA:131,0
DA:133,1
DA:134,3
DA:141,1
DA:142,5
DA:144,1
DA:147,2
DA:148,1
DA:149,1
DA:150,1
DA:151,1
DA:156,2
DA:158,1
DA:160,1
DA:161,3
DA:162,2
DA:163,0
DA:165,0
DA:166,0
DA:170,1
DA:171,0
DA:173,0
DA:174,0
DA:183,1
DA:185,1
DA:186,1
DA:189,1
DA:190,1
DA:191,2
DA:192,1
DA:193,1
DA:197,1
DA:200,2
DA:201,0
DA:202,0
DA:203,0
DA:204,0
DA:212,1
DA:213,1
DA:215,1
DA:216,0
DA:218,1
DA:219,0
DA:221,1
DA:222,1
DA:224,0
DA:225,0
DA:227,0
DA:228,0
DA:229,0
DA:232,0
DA:233,0
DA:237,1
DA:238,1
DA:239,2
DA:250,2
DA:251,0
DA:261,1
DA:272,1
DA:282,1
DA:297,0
DA:298,0
DA:300,0
DA:301,0
DA:309,1
DA:311,1
DA:313,2
DA:315,1
DA:316,5
DA:317,1
DA:318,1
DA:319,0
DA:321,1
DA:322,1
DA:324,2
DA:325,4
DA:326,2
DA:335,0
DA:337,0
DA:338,0
DA:339,0
DA:341,0
DA:343,0
DA:344,0
DA:346,0
DA:348,0
DA:349,0
DA:350,0
DA:354,0
DA:365,0
DA:374,0
DA:375,0
DA:376,0
DA:379,0
DA:380,0
DA:383,0
DA:386,0
DA:392,0
DA:397,0
DA:398,0
DA:399,0
DA:401,0
DA:402,0
DA:403,0
DA:404,0
DA:406,0
DA:409,0
DA:412,0
DA:413,0
DA:417,0
DA:418,0
DA:419,0
DA:421,0
DA:424,0
DA:434,0
DA:436,0
DA:438,0
DA:440,0
DA:442,0
DA:444,0
DA:445,0
DA:447,0
DA:449,0
DA:450,0
DA:451,0
DA:453,0
DA:461,0
DA:462,0
DA:463,0
DA:469,0
DA:471,0
DA:473,0
DA:477,0
DA:478,0
DA:479,0
DA:481,0
DA:482,0
DA:483,0
DA:484,0
LF:191
LH:100
end_of_record
SF:lib\widgets\bell_animation.dart
DA:7,3
DA:13,3
DA:14,3
DA:22,3
DA:24,3
DA:25,6
DA:31,9
DA:33,9
DA:35,9
DA:37,9
DA:39,9
DA:41,6
DA:43,6
DA:44,9
DA:46,6
DA:47,0
DA:51,3
DA:53,3
DA:54,12
DA:55,0
DA:56,0
DA:58,0
DA:59,0
DA:64,3
DA:66,6
DA:67,3
DA:70,3
DA:72,3
DA:73,3
DA:74,3
DA:76,6
DA:77,3
DA:82,6
LF:33
LH:28
end_of_record
SF:lib\screens\holiday_manager_screen.dart
DA:8,2
DA:10,1
DA:12,3
DA:14,1
DA:15,1
DA:17,1
DA:18,1
DA:19,1
DA:20,2
DA:24,1
DA:25,1
DA:26,1
DA:28,1
DA:29,1
DA:30,1
DA:31,1
DA:42,1
DA:43,1
DA:45,1
DA:46,1
DA:47,1
DA:48,1
DA:49,1
DA:50,1
DA:51,3
DA:52,3
DA:53,1
DA:54,1
DA:55,1
DA:56,3
DA:57,1
DA:68,1
DA:70,1
DA:72,1
DA:73,1
DA:74,1
DA:78,4
LF:37
LH:37
end_of_record
SF:lib\screens\lending\add_lending_screen.dart
DA:12,3
DA:14,1
DA:15,1
DA:27,1
DA:29,1
DA:30,1
DA:31,4
DA:32,2
DA:33,4
DA:34,1
DA:35,4
DA:36,5
DA:37,1
DA:38,5
DA:39,4
DA:42,1
DA:44,2
DA:45,2
DA:46,2
DA:47,1
DA:50,0
DA:51,0
DA:53,0
DA:54,0
DA:55,0
DA:57,0
DA:58,0
DA:59,0
DA:64,1
DA:65,3
DA:66,3
DA:67,3
DA:68,3
DA:70,2
DA:72,1
DA:76,1
DA:77,1
DA:79,5
DA:82,3
DA:86,1
DA:87,1
DA:88,1
DA:89,1
DA:90,0
DA:93,5
DA:96,2
DA:100,1
DA:102,2
DA:104,1
DA:105,1
DA:106,2
DA:108,1
DA:110,1
DA:111,1
DA:112,1
DA:114,1
DA:116,1
DA:129,1
DA:130,0
DA:131,0
DA:132,0
DA:139,1
DA:140,1
DA:146,2
DA:153,1
DA:154,1
DA:157,1
DA:158,2
DA:165,1
DA:166,1
DA:167,1
DA:174,1
DA:175,1
DA:185,1
DA:186,0
DA:187,1
DA:193,1
DA:194,3
DA:201,2
DA:202,1
DA:204,1
DA:205,0
DA:208,1
DA:210,1
DA:211,1
DA:212,1
DA:214,2
DA:219,1
DA:220,1
LF:89
LH:75
end_of_record
SF:lib\screens\loan\loan_gold_dialogs.dart
DA:16,1
DA:22,1
DA:24,1
DA:28,1
DA:30,2
DA:31,1
DA:32,1
DA:35,1
DA:36,1
DA:42,2
DA:45,1
DA:47,1
DA:52,3
DA:64,1
DA:70,1
DA:72,4
DA:74,1
DA:77,6
DA:81,2
DA:82,1
DA:83,3
DA:85,3
DA:88,1
DA:89,1
DA:93,2
DA:99,2
DA:101,1
DA:103,1
DA:108,3
DA:116,1
DA:126,2
DA:129,4
DA:133,3
DA:135,4
DA:136,1
DA:143,1
DA:145,2
DA:146,1
DA:147,1
DA:154,1
DA:155,2
DA:156,2
DA:157,2
DA:170,1
DA:180,1
DA:182,1
DA:192,1
DA:194,1
DA:195,1
DA:196,4
DA:197,3
DA:200,1
DA:201,3
DA:203,5
DA:204,1
DA:205,2
DA:210,1
DA:212,4
DA:214,1
DA:215,3
DA:216,1
DA:217,1
DA:219,1
DA:220,3
DA:222,1
DA:223,1
DA:228,1
DA:229,2
DA:233,1
DA:234,0
DA:235,0
DA:237,0
DA:238,0
DA:239,0
DA:241,0
DA:242,0
DA:243,0
DA:247,1
DA:248,1
DA:249,1
DA:251,1
DA:257,1
DA:258,1
DA:260,1
DA:263,1
DA:264,5
DA:266,0
DA:271,1
DA:272,1
DA:274,0
DA:275,1
DA:276,2
DA:277,1
DA:278,2
DA:281,1
DA:282,3
LF:96
LH:86
end_of_record
SF:lib\screens\loan\loan_header_card.dart
DA:18,2
DA:21,2
DA:23,4
DA:24,4
DA:25,6
DA:28,6
DA:29,4
DA:30,0
DA:31,0
DA:32,0
DA:33,6
DA:35,4
DA:36,2
DA:37,2
DA:38,4
DA:39,0
DA:40,0
DA:41,0
DA:42,0
DA:45,12
DA:47,6
DA:48,16
DA:51,4
DA:52,2
DA:55,2
DA:56,1
DA:57,2
DA:59,2
DA:60,2
DA:61,2
DA:63,2
DA:66,2
DA:68,2
DA:69,2
DA:70,2
DA:71,2
DA:74,2
DA:75,2
DA:76,2
DA:96,2
DA:97,4
DA:107,1
DA:110,1
DA:112,1
DA:113,2
DA:114,2
DA:121,1
DA:130,1
DA:132,1
DA:133,1
DA:134,10
DA:137,1
DA:138,1
DA:141,0
DA:142,0
DA:143,0
DA:144,0
DA:145,0
DA:147,0
DA:149,0
DA:157,2
DA:158,2
DA:160,2
DA:161,2
DA:162,0
DA:163,0
DA:165,0
DA:167,2
DA:168,2
DA:169,2
DA:170,2
DA:173,2
DA:174,4
DA:183,2
DA:187,2
DA:188,0
DA:189,0
DA:191,0
DA:193,2
DA:194,2
DA:195,8
DA:197,2
DA:201,2
DA:202,10
DA:203,4
DA:207,2
DA:208,2
DA:209,2
DA:211,2
DA:212,8
DA:221,2
DA:226,2
DA:237,2
DA:238,2
DA:240,2
DA:241,2
DA:243,2
LF:97
LH:77
end_of_record
SF:lib\screens\loan\loan_recalculate_dialog.dart
DA:12,1
DA:14,1
DA:16,1
DA:24,1
DA:26,1
DA:27,1
DA:28,5
DA:29,1
DA:30,5
DA:33,1
DA:35,1
DA:37,1
DA:40,1
DA:41,1
DA:42,9
DA:44,1
DA:45,1
DA:49,1
DA:50,2
DA:54,1
DA:58,1
DA:59,0
DA:61,1
DA:63,0
DA:64,0
DA:69,0
DA:74,1
DA:75,1
DA:76,0
DA:78,1
DA:79,1
DA:80,3
DA:81,3
DA:83,1
DA:84,1
DA:85,2
DA:94,1
DA:95,3
DA:96,3
DA:97,2
DA:99,1
DA:100,0
DA:101,0
DA:102,0
DA:106,0
DA:107,0
DA:110,0
DA:111,0
DA:114,1
DA:115,1
DA:116,1
DA:119,1
DA:121,5
DA:122,2
DA:125,1
DA:126,3
LF:56
LH:44
end_of_record
SF:lib\screens\loan\loan_update_rate_dialog.dart
DA:13,2
DA:15,2
DA:17,2
DA:25,2
DA:27,2
DA:28,2
DA:29,10
DA:32,2
DA:34,2
DA:36,2
DA:39,2
DA:42,2
DA:43,2
DA:47,2
DA:48,4
DA:52,2
DA:54,2
DA:55,0
DA:56,0
DA:62,2
DA:63,2
DA:64,1
DA:65,3
DA:96,2
DA:97,2
DA:98,2
DA:100,2
DA:101,1
DA:102,3
DA:103,1
DA:104,1
DA:105,2
DA:107,1
DA:108,1
DA:110,1
DA:111,1
DA:121,1
DA:127,3
DA:128,3
DA:131,2
DA:132,0
DA:133,0
DA:134,0
DA:135,1
DA:137,1
DA:138,1
DA:139,1
DA:145,1
DA:146,1
DA:152,1
DA:155,4
DA:156,1
DA:162,4
DA:163,3
DA:165,2
DA:166,1
DA:172,2
DA:173,1
DA:175,1
DA:179,1
DA:180,3
DA:182,1
DA:183,3
LF:63
LH:58
end_of_record
SF:lib\screens\loan\loan_ledger_view.dart
DA:13,2
DA:15,2
DA:16,2
DA:28,2
DA:30,6
DA:31,2
DA:34,8
DA:36,2
DA:37,6
DA:40,2
DA:42,0
DA:43,0
DA:44,0
DA:45,0
DA:46,0
DA:47,0
DA:50,6
DA:52,8
DA:53,2
DA:54,3
DA:57,2
DA:61,6
DA:62,8
DA:63,2
DA:64,0
DA:65,2
DA:66,1
DA:67,1
DA:69,2
DA:71,2
DA:72,2
DA:74,2
DA:77,2
DA:78,2
DA:79,2
DA:80,2
DA:81,2
DA:86,1
DA:87,4
DA:88,2
DA:92,2
DA:93,2
DA:94,2
DA:95,3
DA:97,2
DA:100,2
DA:101,2
DA:102,2
DA:103,0
DA:105,0
DA:106,0
DA:109,4
DA:110,1
DA:111,1
DA:112,3
DA:113,1
DA:114,1
DA:115,1
DA:124,2
DA:125,1
DA:131,2
DA:134,2
DA:135,1
DA:136,1
DA:137,1
DA:143,2
DA:148,5
DA:149,2
DA:154,0
DA:160,0
DA:161,0
DA:170,1
DA:171,1
DA:172,1
DA:173,1
DA:175,1
DA:177,1
DA:178,1
DA:181,2
DA:182,1
DA:183,1
DA:185,1
DA:190,1
DA:192,1
DA:193,1
DA:194,4
DA:198,1
DA:199,1
DA:201,1
DA:206,1
DA:207,2
DA:208,2
DA:224,2
DA:226,2
DA:227,6
DA:228,2
DA:229,4
DA:231,2
DA:233,2
DA:234,4
DA:237,2
DA:238,2
DA:239,2
DA:241,2
DA:242,0
DA:243,0
DA:246,2
DA:248,2
DA:249,0
DA:250,0
DA:262,1
DA:263,1
DA:264,1
DA:265,2
DA:267,1
DA:268,1
DA:269,0
DA:270,0
DA:271,0
DA:272,0
DA:274,0
DA:278,3
DA:279,1
DA:280,2
DA:281,1
DA:282,1
DA:284,1
DA:286,3
DA:293,0
DA:294,0
DA:295,0
DA:296,0
DA:297,0
DA:298,0
DA:301,0
DA:302,0
DA:303,0
DA:308,1
DA:309,1
DA:310,1
DA:311,1
DA:312,2
DA:325,1
DA:326,1
DA:327,0
DA:328,0
DA:330,1
DA:331,2
DA:337,1
DA:338,2
DA:340,2
DA:341,0
DA:344,3
DA:345,0
DA:346,0
DA:347,0
DA:351,6
DA:353,4
DA:354,3
LF:159
LH:122
end_of_record
SF:lib\screens\loan\loan_part_payment_dialog.dart
DA:12,1
DA:14,1
DA:16,1
DA:24,1
DA:26,1
DA:27,4
DA:30,1
DA:32,3
DA:34,1
DA:36,1
DA:38,1
DA:42,1
DA:43,1
DA:49,1
DA:51,1
DA:52,0
DA:56,4
DA:57,1
DA:58,1
DA:59,1
DA:61,0
DA:66,1
DA:67,0
DA:71,1
DA:72,1
DA:74,0
DA:75,1
DA:77,1
DA:78,3
DA:79,1
DA:80,1
DA:81,1
DA:82,1
DA:83,2
DA:93,1
DA:94,3
DA:95,2
DA:96,4
DA:99,1
DA:100,1
DA:101,1
DA:106,2
DA:109,4
DA:110,2
DA:113,3
DA:114,5
DA:115,1
DA:116,2
DA:120,1
DA:121,1
DA:122,1
DA:124,2
DA:125,1
DA:126,1
DA:129,1
DA:130,3
DA:131,3
DA:132,3
LF:58
LH:54
end_of_record
SF:lib\screens\loan\loan_topup_dialog.dart
DA:13,2
DA:15,2
DA:16,2
DA:24,2
DA:26,2
DA:27,8
DA:30,2
DA:32,6
DA:34,2
DA:36,2
DA:39,2
DA:42,2
DA:43,2
DA:49,8
DA:50,2
DA:51,2
DA:52,2
DA:54,0
DA:59,2
DA:60,0
DA:65,2
DA:66,2
DA:67,0
DA:68,0
DA:89,2
DA:90,2
DA:91,0
DA:93,2
DA:94,1
DA:95,3
DA:96,1
DA:97,1
DA:98,2
DA:101,3
DA:102,1
DA:103,4
DA:105,1
DA:106,1
DA:116,1
DA:123,3
DA:124,3
DA:126,1
DA:129,2
DA:130,0
DA:131,0
DA:132,0
DA:133,1
DA:135,1
DA:136,1
DA:137,1
DA:143,2
DA:144,2
DA:146,1
DA:147,1
DA:153,1
DA:156,4
DA:161,4
DA:162,3
DA:164,2
DA:165,1
DA:166,1
DA:171,0
DA:172,0
DA:173,0
DA:174,0
DA:180,4
DA:181,1
DA:182,2
DA:187,1
DA:188,1
DA:190,2
DA:191,1
DA:192,1
DA:195,1
DA:196,3
DA:197,3
DA:198,3
DA:200,1
DA:201,3
LF:79
LH:67
end_of_record
SF:lib\screens\loan_details_screen.dart
DA:30,2
DA:32,2
DA:33,2
DA:44,2
DA:46,6
DA:47,2
DA:48,6
DA:49,2
DA:51,6
DA:53,2
DA:54,2
DA:55,14
DA:56,0
DA:57,4
DA:60,4
DA:61,2
DA:62,0
DA:63,0
DA:64,0
DA:65,0
DA:66,0
DA:67,0
DA:68,6
DA:70,2
DA:71,2
DA:72,2
DA:73,2
DA:74,0
DA:75,0
DA:76,0
DA:77,0
DA:80,8
DA:81,2
DA:85,2
DA:86,1
DA:88,4
DA:89,8
DA:90,2
DA:93,2
DA:94,6
DA:95,2
DA:96,4
DA:97,2
DA:99,2
DA:100,2
DA:102,2
DA:104,2
DA:106,2
DA:107,2
DA:109,0
DA:112,0
DA:115,2
DA:116,2
DA:118,2
DA:122,2
DA:124,2
DA:125,2
DA:127,2
DA:129,0
DA:136,2
DA:138,2
DA:140,2
DA:141,2
DA:143,2
DA:145,2
DA:147,2
DA:148,1
DA:149,1
DA:151,1
DA:152,1
DA:154,2
DA:155,2
DA:158,2
DA:160,2
DA:161,2
DA:180,1
DA:182,1
DA:186,1
DA:187,1
DA:188,0
DA:191,0
DA:198,1
DA:200,1
DA:201,0
DA:204,0
DA:205,0
DA:210,1
DA:212,1
DA:213,2
DA:215,1
DA:216,1
DA:219,1
DA:221,1
DA:222,0
DA:225,0
DA:232,1
DA:238,2
DA:239,2
DA:241,4
DA:242,2
DA:243,2
DA:244,4
DA:245,1
DA:247,4
DA:248,1
DA:254,1
DA:256,0
DA:257,0
DA:263,2
DA:265,4
DA:266,2
DA:267,4
DA:268,2
DA:269,2
DA:272,2
DA:273,4
DA:274,2
DA:276,2
DA:278,2
DA:279,2
DA:280,4
DA:282,2
DA:284,2
DA:286,4
DA:296,1
DA:302,1
DA:304,1
DA:306,1
DA:307,1
DA:309,1
DA:313,1
DA:314,1
DA:317,1
DA:320,1
DA:331,2
DA:334,2
DA:335,2
DA:337,4
DA:338,2
DA:339,2
DA:341,8
DA:342,2
DA:344,4
DA:346,6
DA:348,2
DA:349,4
DA:351,4
DA:352,6
DA:353,4
DA:354,6
DA:359,6
DA:361,2
DA:363,2
DA:364,6
DA:366,2
DA:368,2
DA:369,2
DA:371,2
DA:372,2
DA:373,0
DA:374,0
DA:375,0
DA:376,0
DA:377,0
DA:378,0
DA:379,0
DA:383,0
DA:385,0
DA:388,0
DA:391,0
DA:394,0
DA:399,2
DA:406,2
DA:407,2
DA:409,2
DA:410,10
DA:411,2
DA:413,8
DA:422,2
DA:423,8
DA:424,2
DA:425,2
DA:426,4
DA:427,4
DA:429,2
DA:431,2
DA:432,2
DA:433,2
DA:436,2
DA:437,2
DA:438,4
DA:440,2
DA:444,2
DA:452,1
DA:454,1
DA:455,1
DA:456,1
DA:458,1
DA:459,1
DA:460,1
DA:461,1
DA:462,1
DA:463,1
DA:465,1
DA:466,2
DA:467,7
DA:468,6
DA:476,1
DA:477,1
DA:480,3
DA:484,1
DA:485,2
DA:487,1
DA:488,2
DA:489,2
DA:490,1
DA:495,1
DA:496,1
DA:497,0
DA:500,0
DA:520,4
DA:522,2
DA:523,1
DA:525,1
DA:526,1
DA:527,1
DA:528,1
DA:529,1
DA:530,2
DA:531,1
DA:532,1
DA:533,1
DA:534,1
DA:539,1
DA:541,1
DA:542,2
DA:547,3
DA:548,1
DA:550,1
DA:551,2
DA:564,0
DA:565,0
DA:566,0
DA:569,0
DA:570,0
DA:571,0
DA:572,0
DA:574,0
DA:577,0
DA:582,0
DA:585,0
DA:586,0
DA:588,0
DA:590,0
DA:594,0
DA:595,0
DA:596,0
DA:599,0
DA:602,0
DA:603,0
DA:605,0
DA:607,0
DA:611,0
DA:612,0
DA:613,0
DA:617,0
DA:620,0
DA:621,0
DA:622,0
DA:624,0
DA:628,0
DA:629,0
DA:630,0
DA:635,0
DA:637,0
DA:648,0
DA:654,0
DA:658,0
DA:660,0
DA:663,0
DA:664,0
DA:666,0
DA:667,0
DA:668,0
DA:669,0
DA:670,0
DA:671,0
DA:673,0
DA:675,0
DA:677,0
DA:679,0
DA:681,0
DA:683,0
DA:688,0
DA:691,0
DA:692,0
DA:694,0
DA:695,0
DA:696,0
DA:697,0
DA:700,0
DA:702,0
DA:704,0
DA:706,0
DA:709,0
DA:712,0
DA:713,0
DA:714,0
DA:716,0
DA:717,0
DA:719,0
DA:720,0
DA:721,0
DA:724,0
DA:725,0
DA:726,0
DA:728,0
DA:729,0
DA:730,0
DA:734,1
DA:735,1
DA:736,1
DA:737,2
DA:741,1
DA:742,1
DA:743,0
DA:744,0
DA:746,1
DA:747,2
DA:753,1
DA:754,5
DA:755,3
DA:756,3
DA:757,1
DA:758,2
LF:335
LH:217
end_of_record
SF:lib\screens\login_screen.dart
DA:12,2
DA:14,2
DA:15,2
DA:22,2
DA:24,3
DA:25,2
DA:28,2
DA:30,2
DA:31,2
DA:32,2
DA:35,2
DA:36,2
DA:39,2
DA:41,2
DA:42,4
DA:59,2
DA:60,4
DA:61,2
DA:63,6
DA:64,0
DA:67,6
DA:71,2
DA:72,2
DA:73,2
DA:74,6
DA:76,2
DA:80,2
DA:84,1
DA:87,2
DA:92,2
DA:94,2
DA:97,6
DA:106,2
DA:109,2
DA:110,0
DA:111,0
DA:113,2
DA:115,2
DA:116,2
DA:128,1
DA:129,3
DA:131,5
DA:133,2
DA:134,1
DA:135,5
DA:137,3
DA:138,1
DA:141,0
DA:142,0
DA:145,0
DA:146,0
DA:147,0
DA:155,1
DA:156,2
DA:157,0
DA:158,0
DA:163,1
DA:165,4
DA:167,0
DA:168,0
DA:169,0
DA:175,0
DA:176,0
DA:178,0
DA:179,0
DA:181,0
DA:182,0
DA:192,3
DA:193,3
DA:194,3
DA:196,1
DA:197,3
LF:72
LH:53
end_of_record
SF:lib\screens\recurring_manager_screen.dart
DA:11,2
DA:13,1
DA:15,2
DA:16,2
DA:17,1
DA:19,1
DA:20,1
DA:21,1
DA:22,1
DA:23,1
DA:26,1
DA:27,1
DA:28,1
DA:29,1
DA:30,1
DA:32,1
DA:33,2
DA:35,1
DA:37,1
DA:38,1
DA:39,4
DA:40,1
DA:41,4
DA:45,1
DA:46,1
DA:52,1
DA:54,1
DA:55,1
DA:56,1
DA:58,0
DA:60,0
DA:61,0
DA:62,0
DA:64,0
DA:65,0
DA:70,1
DA:71,1
DA:72,1
DA:73,1
DA:75,1
DA:76,1
DA:77,2
DA:87,1
DA:88,0
DA:93,1
DA:94,3
DA:95,1
DA:96,1
DA:97,6
DA:98,0
DA:100,0
DA:102,0
DA:103,0
DA:104,0
DA:105,0
DA:106,0
DA:107,0
DA:108,0
DA:109,0
DA:113,1
DA:114,1
DA:115,1
DA:116,1
DA:118,0
DA:120,0
DA:127,0
DA:138,0
DA:141,1
DA:143,1
DA:145,2
DA:147,1
DA:148,2
DA:149,1
DA:150,1
DA:151,0
DA:153,1
DA:154,2
DA:160,1
DA:162,2
DA:163,2
DA:164,2
DA:168,1
DA:171,3
DA:172,1
DA:174,2
DA:176,1
DA:183,1
DA:184,2
DA:188,1
DA:189,1
DA:190,0
DA:193,1
DA:194,0
DA:195,0
DA:196,0
DA:197,0
DA:207,0
DA:208,0
DA:209,0
DA:210,0
LF:100
LH:69
end_of_record
SF:lib\screens\recycle_bin_screen.dart
DA:10,2
DA:12,1
DA:13,1
DA:17,1
DA:19,3
DA:20,3
DA:21,5
DA:22,3
DA:24,1
DA:25,3
DA:26,1
DA:27,1
DA:28,2
DA:29,1
DA:30,1
DA:34,1
DA:35,1
DA:39,1
DA:40,1
DA:41,1
DA:42,1
DA:43,1
DA:49,0
DA:50,1
DA:52,1
DA:53,1
DA:54,1
DA:56,1
DA:57,2
DA:58,3
DA:59,3
DA:60,2
DA:63,1
DA:64,1
DA:66,1
DA:67,2
DA:68,2
LF:37
LH:36
end_of_record
SF:lib\widgets\charts\reports_pie_chart.dart
DA:10,2
DA:16,2
DA:17,2
DA:23,2
DA:25,6
DA:27,2
DA:29,2
DA:30,2
DA:33,2
DA:34,0
DA:35,0
DA:36,0
DA:38,0
DA:39,0
DA:42,0
DA:43,0
DA:47,10
DA:50,4
DA:51,4
DA:54,10
DA:57,9
DA:59,3
DA:61,2
DA:62,6
DA:65,4
DA:66,2
DA:68,2
DA:71,6
DA:73,2
DA:75,2
LF:30
LH:23
end_of_record
SF:lib\widgets\auth_wrapper.dart
DA:18,1
DA:20,1
DA:21,1
DA:34,1
DA:36,1
DA:41,0
DA:42,0
DA:43,0
DA:45,0
DA:46,0
DA:47,0
DA:59,3
DA:60,1
DA:61,1
DA:66,3
DA:67,1
DA:71,3
DA:72,2
DA:73,3
DA:78,3
DA:79,2
DA:80,3
DA:85,1
DA:87,2
DA:88,2
DA:89,2
DA:90,2
DA:91,1
DA:94,1
DA:96,1
DA:99,1
DA:100,1
DA:101,3
DA:102,5
DA:103,1
DA:104,1
DA:105,3
DA:111,1
DA:114,4
DA:117,3
DA:118,1
DA:122,4
DA:123,3
DA:129,5
DA:131,1
DA:134,1
DA:140,1
DA:141,3
DA:144,1
DA:145,1
DA:146,2
DA:148,1
DA:149,2
DA:150,0
DA:151,0
DA:152,4
DA:154,2
DA:155,0
DA:156,0
DA:166,1
DA:168,3
DA:171,4
DA:172,1
DA:175,0
DA:179,0
DA:181,0
DA:184,0
DA:185,0
DA:194,3
DA:195,0
DA:196,0
DA:197,0
DA:198,0
DA:210,3
DA:211,0
DA:212,0
DA:220,4
DA:221,1
DA:223,1
DA:227,4
DA:229,1
DA:231,3
DA:234,2
DA:235,0
DA:238,3
DA:239,3
DA:240,1
DA:242,1
DA:245,1
DA:247,1
DA:248,1
DA:249,1
DA:250,3
DA:254,3
DA:255,1
DA:258,1
DA:260,1
DA:261,1
DA:263,1
DA:265,2
DA:266,1
DA:270,1
DA:272,0
DA:282,1
DA:283,3
DA:284,1
DA:285,1
DA:287,6
DA:288,1
DA:289,2
DA:297,3
DA:298,3
DA:300,1
DA:302,1
DA:305,0
DA:306,0
DA:307,0
DA:321,1
DA:322,0
DA:323,0
DA:324,0
DA:325,0
DA:327,0
DA:329,0
DA:332,0
DA:334,0
DA:338,0
DA:339,0
DA:340,0
DA:342,0
DA:343,0
DA:353,0
DA:364,1
DA:365,3
DA:366,3
DA:369,1
DA:383,1
DA:396,3
DA:399,3
DA:405,2
DA:406,1
DA:407,1
DA:410,1
DA:411,0
DA:412,0
DA:413,0
DA:416,0
DA:419,0
DA:421,1
DA:422,3
DA:423,3
DA:428,0
DA:431,1
DA:441,2
DA:447,1
DA:448,1
DA:450,1
DA:451,1
DA:453,1
DA:456,1
DA:458,1
DA:460,1
DA:462,2
DA:463,1
DA:465,0
DA:466,0
DA:467,0
DA:471,0
DA:472,0
DA:473,0
DA:483,1
DA:484,3
DA:486,1
DA:487,1
DA:490,1
DA:494,1
DA:495,0
DA:500,1
DA:515,1
DA:517,1
DA:520,0
DA:521,0
DA:527,1
DA:534,1
DA:535,1
DA:536,1
DA:538,1
DA:540,1
DA:541,1
DA:542,1
DA:544,1
DA:546,1
DA:553,1
DA:555,1
DA:556,1
DA:561,1
DA:562,1
DA:563,3
DA:568,0
DA:570,0
DA:571,0
DA:572,0
DA:585,0
DA:587,0
DA:589,0
DA:593,0
DA:594,0
DA:595,0
DA:598,0
DA:599,0
DA:600,0
DA:601,0
DA:605,0
DA:606,0
DA:607,0
DA:608,0
DA:610,0
DA:611,0
DA:619,1
DA:621,3
DA:624,2
DA:625,1
LF:222
LH:147
end_of_record
